#
# There is insufficient memory for the Java Runtime Environment to continue.
# Native memory allocation (mmap) failed to map 56623104 bytes for Failed to commit area from 0x0000000090b00000 to 0x0000000094100000 of length 56623104.
# Possible reasons:
#   The system is out of physical RAM or swap space
#   The process is running with CompressedOops enabled, and the Java Heap may be blocking the growth of the native heap
# Possible solutions:
#   Reduce memory load on the system
#   Increase physical memory or swap space
#   Check if swap backing store is full
#   Decrease Java heap size (-Xmx/-Xms)
#   Decrease number of Java threads
#   Decrease Java thread stack sizes (-Xss)
#   Set larger code cache with -XX:ReservedCodeCacheSize=
#   JVM is running with Unscaled Compressed Oops mode in which the Java heap is
#     placed in the first 4GB address space. The Java Heap base address is the
#     maximum limit for the native heap growth. Please use -XX:HeapBaseMinAddress
#     to set the Java Heap base and to place the Java Heap above 4GB virtual address.
# This output file may be truncated or incomplete.
#
#  Out of Memory Error (./src/hotspot/os/windows/os_windows.cpp:3301), pid=7772, tid=4672
#
# JRE version: OpenJDK Runtime Environment (11.0.10) (build 11.0.10+0-b96-7249189)
# Java VM: OpenJDK 64-Bit Server VM (11.0.10+0-b96-7249189, mixed mode, tiered, compressed oops, g1 gc, windows-amd64)
# No core dump will be written. Minidumps are not enabled by default on client versions of Windows
#

---------------  S U M M A R Y ------------

Command Line: --add-opens=java.base/java.util=ALL-UNNAMED --add-opens=java.base/java.lang=ALL-UNNAMED --add-opens=java.base/java.lang.invoke=ALL-UNNAMED --add-opens=java.base/java.util=ALL-UNNAMED --add-opens=java.prefs/java.util.prefs=ALL-UNNAMED --add-opens=java.prefs/java.util.prefs=ALL-UNNAMED --add-opens=java.base/java.nio.charset=ALL-UNNAMED --add-opens=java.base/java.net=ALL-UNNAMED --add-opens=java.base/java.util.concurrent.atomic=ALL-UNNAMED -Xmx2048m -Dfile.encoding=UTF-8 -Duser.country=UA -Duser.language=uk -Duser.variant org.gradle.launcher.daemon.bootstrap.GradleDaemon 7.0.2

Host: Intel(R) Core(TM) i3-3110M CPU @ 2.40GHz, 4 cores, 7G,  Windows 10 , 64 bit Build 19041 (10.0.19041.1151)
Time: Tue Aug 17 15:25:53 2021 Ô³íëÿíä³ÿ (ë³òî) elapsed time: 1512.206205 seconds (0d 0h 25m 12s)

---------------  T H R E A D  ---------------

Current thread (0x000002be9b67b000):  VMThread "VM Thread" [stack: 0x000000da8ad00000,0x000000da8ae00000] [id=4672]

Stack: [0x000000da8ad00000,0x000000da8ae00000]
[error occurred during error reporting (printing stack bounds), id 0xc0000005, EXCEPTION_ACCESS_VIOLATION (0xc0000005) at pc=0x000002be84e40f2d]

Native frames: (J=compiled Java code, j=interpreted, Vv=VM code, C=native code)
V  [jvm.dll+0x5ecfaa]
V  [jvm.dll+0x722bd5]
V  [jvm.dll+0x72412d]
V  [jvm.dll+0x724745]
V  [jvm.dll+0x7246fb]
V  [jvm.dll+0x5ec348]
V  [jvm.dll+0x5ecad8]
C  [ntdll.dll+0xa217f]
C  [ntdll.dll+0x51454]
C  [ntdll.dll+0xa0cae]
C  0x000002be84e40f2d

VM_Operation (0x000000da8d5f8c20): G1CollectForAllocation, mode: safepoint, requested by thread 0x000002be9ea31000


---------------  P R O C E S S  ---------------

Threads class SMR info:
_java_thread_list=0x000002beac05b160, length=55, elements={
0x000002beffda6800, 0x000002be9b6b7000, 0x000002be9b6bb000, 0x000002be9b6d5000,
0x000002be9b6d7000, 0x000002be9b6d8800, 0x000002be9b6de000, 0x000002be9b6df800,
0x000002be9b6e7000, 0x000002be9c19d800, 0x000002be9e3d1000, 0x000002be9fd98000,
0x000002be9e8a1800, 0x000002be9e8a9000, 0x000002be9e8a5800, 0x000002be9e8a3000,
0x000002be9e8a6800, 0x000002be9e8a4000, 0x000002be9e8a5000, 0x000002be9e8a7800,
0x000002be9ea32000, 0x000002be9ea2f000, 0x000002be9ea34800, 0x000002be9ea30800,
0x000002bea19c3000, 0x000002bea19c4800, 0x000002bea19c6000, 0x000002bea19c0800,
0x000002bea19c7000, 0x000002bea19c1000, 0x000002bea19c7800, 0x000002bea19c3800,
0x000002bea19cc000, 0x000002bea19cc800, 0x000002bea19cb000, 0x000002bea19cd800,
0x000002bea19ce000, 0x000002bea19c8800, 0x000002bea19c9800, 0x000002bea19ca000,
0x000002be9ea31000, 0x000002be9ea36000, 0x000002be9ea33000, 0x000002be9ea37000,
0x000002be9ea33800, 0x000002be9ea3a000, 0x000002be9ea38800, 0x000002be9ea3b000,
0x000002be9ea3c800, 0x000002be9ea3c000, 0x000002be9ea3d800, 0x000002be9ea37800,
0x000002bea19cf000, 0x000002bea19c2000, 0x000002bea3bae000
}

Java Threads: ( => current thread )
  0x000002beffda6800 JavaThread "main" [_thread_blocked, id=3180, stack(0x000000da8a700000,0x000000da8a800000)]
  0x000002be9b6b7000 JavaThread "Reference Handler" daemon [_thread_blocked, id=8752, stack(0x000000da8ae00000,0x000000da8af00000)]
  0x000002be9b6bb000 JavaThread "Finalizer" daemon [_thread_blocked, id=11252, stack(0x000000da8af00000,0x000000da8b000000)]
  0x000002be9b6d5000 JavaThread "Signal Dispatcher" daemon [_thread_blocked, id=640, stack(0x000000da8b000000,0x000000da8b100000)]
  0x000002be9b6d7000 JavaThread "Attach Listener" daemon [_thread_blocked, id=4808, stack(0x000000da8b100000,0x000000da8b200000)]
  0x000002be9b6d8800 JavaThread "Service Thread" daemon [_thread_blocked, id=10416, stack(0x000000da8b200000,0x000000da8b300000)]
  0x000002be9b6de000 JavaThread "C2 CompilerThread0" daemon [_thread_in_native, id=5820, stack(0x000000da8b300000,0x000000da8b400000)]
  0x000002be9b6df800 JavaThread "C1 CompilerThread0" daemon [_thread_blocked, id=9076, stack(0x000000da8b400000,0x000000da8b500000)]
  0x000002be9b6e7000 JavaThread "Sweeper thread" daemon [_thread_blocked, id=636, stack(0x000000da8b500000,0x000000da8b600000)]
  0x000002be9c19d800 JavaThread "Common-Cleaner" daemon [_thread_blocked, id=10816, stack(0x000000da8b600000,0x000000da8b700000)]
  0x000002be9e3d1000 JavaThread "Daemon health stats" [_thread_blocked, id=5324, stack(0x000000da8bb00000,0x000000da8bc00000)]
  0x000002be9fd98000 JavaThread "Incoming local TCP Connector on port 50485" [_thread_in_native, id=8432, stack(0x000000da8b800000,0x000000da8b900000)]
  0x000002be9e8a1800 JavaThread "Daemon periodic checks" [_thread_blocked, id=9720, stack(0x000000da8bc00000,0x000000da8bd00000)]
  0x000002be9e8a9000 JavaThread "Cache worker for file hash cache (C:\Users\User\.gradle\caches\7.0.2\fileHashes)" [_thread_blocked, id=8940, stack(0x000000da8c500000,0x000000da8c600000)]
  0x000002be9e8a5800 JavaThread "File lock request listener" [_thread_in_native, id=3440, stack(0x000000da8c600000,0x000000da8c700000)]
  0x000002be9e8a3000 JavaThread "Cache worker for journal cache (C:\Users\User\.gradle\caches\journal-1)" [_thread_blocked, id=5600, stack(0x000000da8c700000,0x000000da8c800000)]
  0x000002be9e8a6800 JavaThread "File watcher server" daemon [_thread_in_native, id=1684, stack(0x000000da8ca00000,0x000000da8cb00000)]
  0x000002be9e8a4000 JavaThread "File watcher consumer" daemon [_thread_blocked, id=5924, stack(0x000000da8cb00000,0x000000da8cc00000)]
  0x000002be9e8a5000 JavaThread "jar transforms" [_thread_blocked, id=9808, stack(0x000000da8cc00000,0x000000da8cd00000)]
  0x000002be9e8a7800 JavaThread "jar transforms Thread 2" [_thread_blocked, id=11204, stack(0x000000da8cd00000,0x000000da8ce00000)]
  0x000002be9ea32000 JavaThread "jar transforms Thread 3" [_thread_blocked, id=8020, stack(0x000000da8ce00000,0x000000da8cf00000)]
  0x000002be9ea2f000 JavaThread "jar transforms Thread 4" [_thread_blocked, id=10648, stack(0x000000da8cf00000,0x000000da8d000000)]
  0x000002be9ea34800 JavaThread "Cache worker for execution history cache (C:\Users\User\.gradle\caches\7.0.2\executionHistory)" [_thread_blocked, id=10552, stack(0x000000da8d300000,0x000000da8d400000)]
  0x000002be9ea30800 JavaThread "Cache worker for file content cache (C:\Users\User\.gradle\caches\7.0.2\fileContent)" [_thread_blocked, id=6992, stack(0x000000da8d400000,0x000000da8d500000)]
  0x000002bea19c3000 JavaThread "Memory manager" [_thread_blocked, id=10540, stack(0x000000da8da00000,0x000000da8db00000)]
  0x000002bea19c4800 JavaThread "pool-3-thread-1" [_thread_blocked, id=10000, stack(0x000000da8db00000,0x000000da8dc00000)]
  0x000002bea19c6000 JavaThread "Daemon Thread 3" [_thread_blocked, id=6696, stack(0x000000da8a400000,0x000000da8a500000)]
  0x000002bea19c0800 JavaThread "Handler for socket connection from /127.0.0.1:50485 to /127.0.0.1:56684" [_thread_in_native, id=2004, stack(0x000000da8a500000,0x000000da8a600000)]
  0x000002bea19c7000 JavaThread "Cancel handler" [_thread_blocked, id=120, stack(0x000000da8a600000,0x000000da8a700000)]
  0x000002bea19c1000 JavaThread "Daemon worker Thread 3" [_thread_blocked, id=7684, stack(0x000000da8bd00000,0x000000da8be00000)]
  0x000002bea19c7800 JavaThread "Asynchronous log dispatcher for DefaultDaemonConnection: socket connection from /127.0.0.1:50485 to /127.0.0.1:56684" [_thread_blocked, id=2852, stack(0x000000da8be00000,0x000000da8bf00000)]
  0x000002bea19c3800 JavaThread "Stdin handler" [_thread_blocked, id=6372, stack(0x000000da8bf00000,0x000000da8c000000)]
  0x000002bea19cc000 JavaThread "Daemon client event forwarder" [_thread_blocked, id=10200, stack(0x000000da8c000000,0x000000da8c100000)]
  0x000002bea19cc800 JavaThread "Cache worker for file hash cache (C:\AndroidProjects\Cleaner\.gradle\7.0.2\fileHashes)" [_thread_blocked, id=10228, stack(0x000000da8c100000,0x000000da8c200000)]
  0x000002bea19cb000 JavaThread "Cache worker for checksums cache (C:\AndroidProjects\Cleaner\.gradle\checksums)" [_thread_blocked, id=7580, stack(0x000000da8c200000,0x000000da8c300000)]
  0x000002bea19cd800 JavaThread "Cache worker for cache directory md-supplier (C:\Users\User\.gradle\caches\7.0.2\md-supplier)" [_thread_blocked, id=9388, stack(0x000000da8c300000,0x000000da8c400000)]
  0x000002bea19ce000 JavaThread "Cache worker for cache directory md-rule (C:\Users\User\.gradle\caches\7.0.2\md-rule)" [_thread_blocked, id=7484, stack(0x000000da8c800000,0x000000da8c900000)]
  0x000002bea19c8800 JavaThread "Cache worker for dependencies-accessors (C:\AndroidProjects\Cleaner\.gradle\7.0.2\dependencies-accessors)" [_thread_blocked, id=5988, stack(0x000000da8c900000,0x000000da8ca00000)]
  0x000002bea19c9800 JavaThread "Cache worker for Build Output Cleanup Cache (C:\AndroidProjects\Cleaner\.gradle\buildOutputCleanup)" [_thread_blocked, id=4032, stack(0x000000da8d100000,0x000000da8d200000)]
  0x000002bea19ca000 JavaThread "Build operations" [_thread_blocked, id=2960, stack(0x000000da8d200000,0x000000da8d300000)]
  0x000002be9ea31000 JavaThread "Build operations Thread 2" [_thread_blocked, id=10528, stack(0x000000da8d500000,0x000000da8d600000)]
  0x000002be9ea36000 JavaThread "Build operations Thread 3" [_thread_blocked, id=2872, stack(0x000000da8d600000,0x000000da8d700000)]
  0x000002be9ea33000 JavaThread "Build operations Thread 4" [_thread_blocked, id=9744, stack(0x000000da8d700000,0x000000da8d800000)]
  0x000002be9ea37000 JavaThread "build event listener" [_thread_blocked, id=5144, stack(0x000000da8d800000,0x000000da8d900000)]
  0x000002be9ea33800 JavaThread "pool-6-thread-1" [_thread_blocked, id=1068, stack(0x000000da8d900000,0x000000da8da00000)]
  0x000002be9ea3a000 JavaThread "build event listener" [_thread_blocked, id=6044, stack(0x000000da8dc00000,0x000000da8dd00000)]
  0x000002be9ea38800 JavaThread "Execution worker for ':'" [_thread_blocked, id=5800, stack(0x000000da8dd00000,0x000000da8de00000)]
  0x000002be9ea3b000 JavaThread "Execution worker for ':' Thread 2" [_thread_blocked, id=7184, stack(0x000000da8de00000,0x000000da8df00000)]
  0x000002be9ea3c800 JavaThread "Execution worker for ':' Thread 3" [_thread_blocked, id=3952, stack(0x000000da8df00000,0x000000da8e000000)]
  0x000002be9ea3c000 JavaThread "Cache worker for execution history cache (C:\AndroidProjects\Cleaner\.gradle\7.0.2\executionHistory)" [_thread_blocked, id=7288, stack(0x000000da8e000000,0x000000da8e100000)]
  0x000002be9ea3d800 JavaThread "WorkerExecutor Queue" [_thread_blocked, id=1472, stack(0x000000da8e100000,0x000000da8e200000)]
  0x000002be9ea37800 JavaThread "WorkerExecutor Queue Thread 2" [_thread_blocked, id=9496, stack(0x000000da8e200000,0x000000da8e300000)]
  0x000002bea19cf000 JavaThread "WorkerExecutor Queue Thread 3" [_thread_blocked, id=3432, stack(0x000000da8e300000,0x000000da8e400000)]
  0x000002bea19c2000 JavaThread "WorkerExecutor Queue Thread 4" [_thread_blocked, id=8488, stack(0x000000da8e400000,0x000000da8e500000)]
  0x000002bea3bae000 JavaThread "C2 CompilerThread1" daemon [_thread_in_native, id=6224, stack(0x000000da8d000000,0x000000da8d100000)]

Other Threads:
=>0x000002be9b67b000 VMThread "VM Thread" [stack: 0x000000da8ad00000,0x000000da8ae00000] [id=4672]
  0x000002be9c1a7000 WatcherThread [stack: 0x000000da8b700000,0x000000da8b800000] [id=10192]
  0x000002beffdc0000 GCTaskThread "GC Thread#0" [stack: 0x000000da8a800000,0x000000da8a900000] [id=5556]
  0x000002be9c619800 GCTaskThread "GC Thread#1" [stack: 0x000000da8b900000,0x000000da8ba00000] [id=5796]
  0x000002be9c7ba800 GCTaskThread "GC Thread#2" [stack: 0x000000da8ba00000,0x000000da8bb00000] [id=10420]
  0x000002be9fb1a000 GCTaskThread "GC Thread#3" [stack: 0x000000da8c400000,0x000000da8c500000] [id=2516]
  0x000002beffdf0000 ConcurrentGCThread "G1 Main Marker" [stack: 0x000000da8a900000,0x000000da8aa00000] [id=2536]
  0x000002beffdf1800 ConcurrentGCThread "G1 Conc#0" [stack: 0x000000da8aa00000,0x000000da8ab00000] [id=7760]
  0x000002be9b510800 ConcurrentGCThread "G1 Refine#0" [stack: 0x000000da8ab00000,0x000000da8ac00000] [id=252]
  0x000002be9b511000 ConcurrentGCThread "G1 Young RemSet Sampling" [stack: 0x000000da8ac00000,0x000000da8ad00000] [id=11004]

Threads with active compile tasks:
C2 CompilerThread01512231 24652       4       com.android.tools.r8.ir.regalloc.a::a (3985 bytes)
C2 CompilerThread11512231 24534       4       com.android.tools.r8.internal.T6::a (6044 bytes)

VM state:at safepoint (normal execution)

VM Mutex/Monitor currently owned by a thread:  ([mutex/lock_event])
[0x000002beffda20f0] Threads_lock - owner thread: 0x000002be9b67b000
[0x000002beffda1250] Heap_lock - owner thread: 0x000002be9ea31000

Heap address: 0x0000000080000000, size: 2048 MB, Compressed Oops mode: 32-bit
Narrow klass base: 0x0000000000000000, Narrow klass shift: 3
Compressed class space size: 1073741824 Address: 0x0000000100000000

Heap:
 garbage-first heap   total 328704K, used 196092K [0x0000000080000000, 0x0000000100000000)
  region size 1024K, 4 young (4096K), 4 survivors (4096K)
 Metaspace       used 139960K, capacity 143870K, committed 144128K, reserved 1175552K
  class space    used 17182K, capacity 18561K, committed 18688K, reserved 1048576K
Heap Regions: E=young(eden), S=young(survivor), O=old, HS=humongous(starts), HC=humongous(continues), CS=collection set, F=free, A=archive, TAMS=top-at-mark-start (previous, next)
|   0|0x0000000080000000, 0x0000000080100000, 0x0000000080100000|100%| O|  |TAMS 0x0000000080100000, 0x0000000080000000| Untracked 
|   1|0x0000000080100000, 0x0000000080200000, 0x0000000080200000|100%| O|  |TAMS 0x0000000080200000, 0x0000000080100000| Untracked 
|   2|0x0000000080200000, 0x0000000080300000, 0x0000000080300000|100%| O|  |TAMS 0x0000000080300000, 0x0000000080200000| Untracked 
|   3|0x0000000080300000, 0x0000000080400000, 0x0000000080400000|100%|HS|  |TAMS 0x0000000080400000, 0x0000000080300000| Complete 
|   4|0x0000000080400000, 0x0000000080500000, 0x0000000080500000|100%|HC|  |TAMS 0x0000000080500000, 0x0000000080400000| Complete 
|   5|0x0000000080500000, 0x0000000080600000, 0x0000000080600000|100%|HC|  |TAMS 0x0000000080600000, 0x0000000080500000| Complete 
|   6|0x0000000080600000, 0x0000000080700000, 0x0000000080700000|100%| O|  |TAMS 0x0000000080700000, 0x0000000080600000| Untracked 
|   7|0x0000000080700000, 0x0000000080800000, 0x0000000080800000|100%| O|  |TAMS 0x0000000080800000, 0x0000000080700000| Untracked 
|   8|0x0000000080800000, 0x0000000080900000, 0x0000000080900000|100%| O|  |TAMS 0x0000000080900000, 0x0000000080800000| Untracked 
|   9|0x0000000080900000, 0x0000000080a00000, 0x0000000080a00000|100%| O|  |TAMS 0x0000000080a00000, 0x0000000080900000| Untracked 
|  10|0x0000000080a00000, 0x0000000080b00000, 0x0000000080b00000|100%| O|  |TAMS 0x0000000080b00000, 0x0000000080a00000| Untracked 
|  11|0x0000000080b00000, 0x0000000080c00000, 0x0000000080c00000|100%|HS|  |TAMS 0x0000000080c00000, 0x0000000080b00000| Complete 
|  12|0x0000000080c00000, 0x0000000080d00000, 0x0000000080d00000|100%|HC|  |TAMS 0x0000000080d00000, 0x0000000080c00000| Complete 
|  13|0x0000000080d00000, 0x0000000080e00000, 0x0000000080e00000|100%|HS|  |TAMS 0x0000000080e00000, 0x0000000080d00000| Complete 
|  14|0x0000000080e00000, 0x0000000080f00000, 0x0000000080f00000|100%|HC|  |TAMS 0x0000000080f00000, 0x0000000080e00000| Complete 
|  15|0x0000000080f00000, 0x0000000081000000, 0x0000000081000000|100%|HC|  |TAMS 0x0000000081000000, 0x0000000080f00000| Complete 
|  16|0x0000000081000000, 0x0000000081100000, 0x0000000081100000|100%|HS|  |TAMS 0x0000000081100000, 0x0000000081000000| Complete 
|  17|0x0000000081100000, 0x0000000081200000, 0x0000000081200000|100%|HC|  |TAMS 0x0000000081200000, 0x0000000081100000| Complete 
|  18|0x0000000081200000, 0x0000000081300000, 0x0000000081300000|100%|HC|  |TAMS 0x0000000081300000, 0x0000000081200000| Complete 
|  19|0x0000000081300000, 0x0000000081400000, 0x0000000081400000|100%|HC|  |TAMS 0x0000000081400000, 0x0000000081300000| Complete 
|  20|0x0000000081400000, 0x0000000081500000, 0x0000000081500000|100%|HC|  |TAMS 0x0000000081500000, 0x0000000081400000| Complete 
|  21|0x0000000081500000, 0x0000000081600000, 0x0000000081600000|100%| O|  |TAMS 0x0000000081600000, 0x0000000081500000| Untracked 
|  22|0x0000000081600000, 0x0000000081700000, 0x0000000081700000|100%| O|  |TAMS 0x0000000081700000, 0x0000000081600000| Untracked 
|  23|0x0000000081700000, 0x0000000081800000, 0x0000000081800000|100%| O|  |TAMS 0x0000000081800000, 0x0000000081700000| Untracked 
|  24|0x0000000081800000, 0x0000000081900000, 0x0000000081900000|100%| O|  |TAMS 0x0000000081900000, 0x0000000081800000| Untracked 
|  25|0x0000000081900000, 0x0000000081a00000, 0x0000000081a00000|100%| O|  |TAMS 0x0000000081a00000, 0x0000000081900000| Untracked 
|  26|0x0000000081a00000, 0x0000000081b00000, 0x0000000081b00000|100%| O|  |TAMS 0x0000000081b00000, 0x0000000081a00000| Untracked 
|  27|0x0000000081b00000, 0x0000000081c00000, 0x0000000081c00000|100%| O|  |TAMS 0x0000000081c00000, 0x0000000081b00000| Untracked 
|  28|0x0000000081c00000, 0x0000000081d00000, 0x0000000081d00000|100%| O|  |TAMS 0x0000000081d00000, 0x0000000081c00000| Untracked 
|  29|0x0000000081d00000, 0x0000000081e00000, 0x0000000081e00000|100%| O|  |TAMS 0x0000000081e00000, 0x0000000081d00000| Untracked 
|  30|0x0000000081e00000, 0x0000000081f00000, 0x0000000081f00000|100%| O|  |TAMS 0x0000000081f00000, 0x0000000081e00000| Untracked 
|  31|0x0000000081f00000, 0x0000000082000000, 0x0000000082000000|100%|HS|  |TAMS 0x0000000082000000, 0x0000000081f00000| Complete 
|  32|0x0000000082000000, 0x0000000082100000, 0x0000000082100000|100%|HC|  |TAMS 0x0000000082100000, 0x0000000082000000| Complete 
|  33|0x0000000082100000, 0x0000000082200000, 0x0000000082200000|100%|HC|  |TAMS 0x0000000082200000, 0x0000000082100000| Complete 
|  34|0x0000000082200000, 0x0000000082300000, 0x0000000082300000|100%|HC|  |TAMS 0x0000000082300000, 0x0000000082200000| Complete 
|  35|0x0000000082300000, 0x0000000082400000, 0x0000000082400000|100%|HC|  |TAMS 0x0000000082400000, 0x0000000082300000| Complete 
|  36|0x0000000082400000, 0x0000000082500000, 0x0000000082500000|100%|HS|  |TAMS 0x0000000082500000, 0x0000000082400000| Complete 
|  37|0x0000000082500000, 0x0000000082600000, 0x0000000082600000|100%|HC|  |TAMS 0x0000000082600000, 0x0000000082500000| Complete 
|  38|0x0000000082600000, 0x0000000082700000, 0x0000000082700000|100%|HC|  |TAMS 0x0000000082700000, 0x0000000082600000| Complete 
|  39|0x0000000082700000, 0x0000000082800000, 0x0000000082800000|100%| O|  |TAMS 0x0000000082800000, 0x0000000082700000| Untracked 
|  40|0x0000000082800000, 0x0000000082900000, 0x0000000082900000|100%| O|  |TAMS 0x0000000082900000, 0x0000000082800000| Untracked 
|  41|0x0000000082900000, 0x0000000082a00000, 0x0000000082a00000|100%| O|  |TAMS 0x0000000082a00000, 0x0000000082900000| Untracked 
|  42|0x0000000082a00000, 0x0000000082b00000, 0x0000000082b00000|100%| O|  |TAMS 0x0000000082b00000, 0x0000000082a00000| Untracked 
|  43|0x0000000082b00000, 0x0000000082c00000, 0x0000000082c00000|100%| O|  |TAMS 0x0000000082c00000, 0x0000000082b00000| Untracked 
|  44|0x0000000082c00000, 0x0000000082d00000, 0x0000000082d00000|100%| O|  |TAMS 0x0000000082d00000, 0x0000000082c00000| Untracked 
|  45|0x0000000082d00000, 0x0000000082e00000, 0x0000000082e00000|100%| O|  |TAMS 0x0000000082e00000, 0x0000000082d00000| Untracked 
|  46|0x0000000082e00000, 0x0000000082f00000, 0x0000000082f00000|100%| O|  |TAMS 0x0000000082f00000, 0x0000000082e00000| Untracked 
|  47|0x0000000082f00000, 0x0000000083000000, 0x0000000083000000|100%| O|  |TAMS 0x0000000083000000, 0x0000000082f00000| Untracked 
|  48|0x0000000083000000, 0x0000000083100000, 0x0000000083100000|100%| O|  |TAMS 0x0000000083100000, 0x0000000083000000| Untracked 
|  49|0x0000000083100000, 0x0000000083200000, 0x0000000083200000|100%| O|  |TAMS 0x0000000083200000, 0x0000000083100000| Untracked 
|  50|0x0000000083200000, 0x0000000083300000, 0x0000000083300000|100%| O|  |TAMS 0x0000000083300000, 0x0000000083200000| Untracked 
|  51|0x0000000083300000, 0x0000000083400000, 0x0000000083400000|100%| O|  |TAMS 0x0000000083400000, 0x0000000083300000| Untracked 
|  52|0x0000000083400000, 0x0000000083500000, 0x0000000083500000|100%|HS|  |TAMS 0x0000000083500000, 0x0000000083400000| Complete 
|  53|0x0000000083500000, 0x0000000083600000, 0x0000000083600000|100%|HS|  |TAMS 0x0000000083600000, 0x0000000083500000| Complete 
|  54|0x0000000083600000, 0x0000000083700000, 0x0000000083700000|100%|HS|  |TAMS 0x0000000083700000, 0x0000000083600000| Complete 
|  55|0x0000000083700000, 0x0000000083800000, 0x0000000083800000|100%|HC|  |TAMS 0x0000000083800000, 0x0000000083700000| Complete 
|  56|0x0000000083800000, 0x0000000083900000, 0x0000000083900000|100%| O|  |TAMS 0x0000000083900000, 0x0000000083800000| Untracked 
|  57|0x0000000083900000, 0x0000000083a00000, 0x0000000083a00000|100%| O|  |TAMS 0x0000000083900000, 0x0000000083900000| Untracked 
|  58|0x0000000083a00000, 0x0000000083b00000, 0x0000000083b00000|100%| O|  |TAMS 0x0000000083b00000, 0x0000000083a00000| Untracked 
|  59|0x0000000083b00000, 0x0000000083c00000, 0x0000000083c00000|100%| O|  |TAMS 0x0000000083c00000, 0x0000000083b00000| Untracked 
|  60|0x0000000083c00000, 0x0000000083d00000, 0x0000000083d00000|100%| O|  |TAMS 0x0000000083d00000, 0x0000000083c00000| Untracked 
|  61|0x0000000083d00000, 0x0000000083e00000, 0x0000000083e00000|100%| O|  |TAMS 0x0000000083e00000, 0x0000000083d00000| Untracked 
|  62|0x0000000083e00000, 0x0000000083f00000, 0x0000000083f00000|100%| O|  |TAMS 0x0000000083f00000, 0x0000000083e00000| Untracked 
|  63|0x0000000083f00000, 0x0000000084000000, 0x0000000084000000|100%| O|  |TAMS 0x0000000084000000, 0x0000000083f00000| Untracked 
|  64|0x0000000084000000, 0x0000000084100000, 0x0000000084100000|100%| O|  |TAMS 0x0000000084100000, 0x0000000084000000| Untracked 
|  65|0x0000000084100000, 0x0000000084200000, 0x0000000084200000|100%| O|  |TAMS 0x0000000084100000, 0x0000000084100000| Untracked 
|  66|0x0000000084200000, 0x0000000084300000, 0x0000000084300000|100%| O|  |TAMS 0x0000000084300000, 0x0000000084200000| Untracked 
|  67|0x0000000084300000, 0x0000000084400000, 0x0000000084400000|100%| O|  |TAMS 0x0000000084300000, 0x0000000084300000| Untracked 
|  68|0x0000000084400000, 0x0000000084500000, 0x0000000084500000|100%| O|  |TAMS 0x0000000084500000, 0x0000000084400000| Untracked 
|  69|0x0000000084500000, 0x0000000084600000, 0x0000000084600000|100%| O|  |TAMS 0x0000000084600000, 0x0000000084500000| Untracked 
|  70|0x0000000084600000, 0x0000000084700000, 0x0000000084700000|100%| O|  |TAMS 0x0000000084700000, 0x0000000084600000| Untracked 
|  71|0x0000000084700000, 0x0000000084800000, 0x0000000084800000|100%| O|  |TAMS 0x0000000084800000, 0x0000000084700000| Untracked 
|  72|0x0000000084800000, 0x0000000084900000, 0x0000000084900000|100%| O|  |TAMS 0x0000000084900000, 0x0000000084800000| Untracked 
|  73|0x0000000084900000, 0x0000000084a00000, 0x0000000084a00000|100%| O|  |TAMS 0x0000000084a00000, 0x0000000084900000| Untracked 
|  74|0x0000000084a00000, 0x0000000084b00000, 0x0000000084b00000|100%| O|  |TAMS 0x0000000084b00000, 0x0000000084a00000| Untracked 
|  75|0x0000000084b00000, 0x0000000084c00000, 0x0000000084c00000|100%| O|  |TAMS 0x0000000084c00000, 0x0000000084b00000| Untracked 
|  76|0x0000000084c00000, 0x0000000084d00000, 0x0000000084d00000|100%| O|  |TAMS 0x0000000084d00000, 0x0000000084c00000| Untracked 
|  77|0x0000000084d00000, 0x0000000084e00000, 0x0000000084e00000|100%| O|  |TAMS 0x0000000084e00000, 0x0000000084d00000| Untracked 
|  78|0x0000000084e00000, 0x0000000084f00000, 0x0000000084f00000|100%| O|  |TAMS 0x0000000084f00000, 0x0000000084e00000| Untracked 
|  79|0x0000000084f00000, 0x0000000085000000, 0x0000000085000000|100%| O|  |TAMS 0x0000000085000000, 0x0000000084f00000| Untracked 
|  80|0x0000000085000000, 0x0000000085100000, 0x0000000085100000|100%| O|  |TAMS 0x0000000085100000, 0x0000000085000000| Untracked 
|  81|0x0000000085100000, 0x0000000085200000, 0x0000000085200000|100%| O|  |TAMS 0x0000000085200000, 0x0000000085100000| Untracked 
|  82|0x0000000085200000, 0x0000000085300000, 0x0000000085300000|100%| O|  |TAMS 0x0000000085300000, 0x0000000085200000| Untracked 
|  83|0x0000000085300000, 0x0000000085400000, 0x0000000085400000|100%| O|  |TAMS 0x0000000085400000, 0x0000000085300000| Untracked 
|  84|0x0000000085400000, 0x0000000085500000, 0x0000000085500000|100%| O|  |TAMS 0x0000000085500000, 0x0000000085400000| Untracked 
|  85|0x0000000085500000, 0x0000000085600000, 0x0000000085600000|100%| O|  |TAMS 0x0000000085600000, 0x0000000085500000| Untracked 
|  86|0x0000000085600000, 0x0000000085700000, 0x0000000085700000|100%| O|  |TAMS 0x0000000085600000, 0x0000000085600000| Untracked 
|  87|0x0000000085700000, 0x0000000085800000, 0x0000000085800000|100%| O|  |TAMS 0x0000000085800000, 0x0000000085700000| Untracked 
|  88|0x0000000085800000, 0x0000000085900000, 0x0000000085900000|100%| O|  |TAMS 0x0000000085900000, 0x0000000085800000| Untracked 
|  89|0x0000000085900000, 0x0000000085a00000, 0x0000000085a00000|100%| O|  |TAMS 0x0000000085a00000, 0x0000000085900000| Untracked 
|  90|0x0000000085a00000, 0x0000000085b00000, 0x0000000085b00000|100%| O|  |TAMS 0x0000000085b00000, 0x0000000085a00000| Untracked 
|  91|0x0000000085b00000, 0x0000000085c00000, 0x0000000085c00000|100%| O|  |TAMS 0x0000000085c00000, 0x0000000085b00000| Untracked 
|  92|0x0000000085c00000, 0x0000000085d00000, 0x0000000085d00000|100%| O|  |TAMS 0x0000000085d00000, 0x0000000085c00000| Untracked 
|  93|0x0000000085d00000, 0x0000000085e00000, 0x0000000085e00000|100%| O|  |TAMS 0x0000000085e00000, 0x0000000085d00000| Untracked 
|  94|0x0000000085e00000, 0x0000000085f00000, 0x0000000085f00000|100%| O|  |TAMS 0x0000000085f00000, 0x0000000085e00000| Untracked 
|  95|0x0000000085f00000, 0x0000000086000000, 0x0000000086000000|100%| O|  |TAMS 0x0000000086000000, 0x0000000085f00000| Untracked 
|  96|0x0000000086000000, 0x0000000086100000, 0x0000000086100000|100%| O|  |TAMS 0x0000000086100000, 0x0000000086000000| Untracked 
|  97|0x0000000086100000, 0x0000000086200000, 0x0000000086200000|100%| O|  |TAMS 0x0000000086200000, 0x0000000086100000| Untracked 
|  98|0x0000000086200000, 0x0000000086300000, 0x0000000086300000|100%| O|  |TAMS 0x0000000086300000, 0x0000000086200000| Untracked 
|  99|0x0000000086300000, 0x0000000086400000, 0x0000000086400000|100%| O|  |TAMS 0x0000000086300000, 0x0000000086300000| Untracked 
| 100|0x0000000086400000, 0x0000000086500000, 0x0000000086500000|100%| O|  |TAMS 0x0000000086500000, 0x0000000086400000| Untracked 
| 101|0x0000000086500000, 0x0000000086600000, 0x0000000086600000|100%| O|  |TAMS 0x0000000086600000, 0x0000000086500000| Untracked 
| 102|0x0000000086600000, 0x0000000086700000, 0x0000000086700000|100%| O|  |TAMS 0x0000000086700000, 0x0000000086600000| Untracked 
| 103|0x0000000086700000, 0x0000000086800000, 0x0000000086800000|100%| O|  |TAMS 0x0000000086700000, 0x0000000086700000| Untracked 
| 104|0x0000000086800000, 0x0000000086900000, 0x0000000086900000|100%| O|  |TAMS 0x0000000086800000, 0x0000000086800000| Untracked 
| 105|0x0000000086900000, 0x0000000086a00000, 0x0000000086a00000|100%| O|  |TAMS 0x0000000086a00000, 0x0000000086900000| Untracked 
| 106|0x0000000086a00000, 0x0000000086b00000, 0x0000000086b00000|100%| O|  |TAMS 0x0000000086b00000, 0x0000000086a00000| Untracked 
| 107|0x0000000086b00000, 0x0000000086c00000, 0x0000000086c00000|100%| O|  |TAMS 0x0000000086b00000, 0x0000000086b00000| Untracked 
| 108|0x0000000086c00000, 0x0000000086d00000, 0x0000000086d00000|100%| O|  |TAMS 0x0000000086d00000, 0x0000000086c00000| Untracked 
| 109|0x0000000086d00000, 0x0000000086e00000, 0x0000000086e00000|100%| O|  |TAMS 0x0000000086d00000, 0x0000000086d00000| Untracked 
| 110|0x0000000086e00000, 0x0000000086f00000, 0x0000000086f00000|100%| O|  |TAMS 0x0000000086e00000, 0x0000000086e00000| Untracked 
| 111|0x0000000086f00000, 0x0000000087000000, 0x0000000087000000|100%| O|  |TAMS 0x0000000086f00000, 0x0000000086f00000| Untracked 
| 112|0x0000000087000000, 0x0000000087100000, 0x0000000087100000|100%| O|  |TAMS 0x0000000087100000, 0x0000000087000000| Untracked 
| 113|0x0000000087100000, 0x0000000087200000, 0x0000000087200000|100%| O|  |TAMS 0x0000000087200000, 0x0000000087100000| Untracked 
| 114|0x0000000087200000, 0x0000000087300000, 0x0000000087300000|100%| O|  |TAMS 0x0000000087300000, 0x0000000087200000| Untracked 
| 115|0x0000000087300000, 0x0000000087400000, 0x0000000087400000|100%| O|  |TAMS 0x0000000087400000, 0x0000000087300000| Untracked 
| 116|0x0000000087400000, 0x0000000087500000, 0x0000000087500000|100%| O|  |TAMS 0x0000000087400000, 0x0000000087400000| Untracked 
| 117|0x0000000087500000, 0x0000000087600000, 0x0000000087600000|100%| O|  |TAMS 0x0000000087600000, 0x0000000087500000| Untracked 
| 118|0x0000000087600000, 0x0000000087700000, 0x0000000087700000|100%| O|  |TAMS 0x0000000087600000, 0x0000000087600000| Untracked 
| 119|0x0000000087700000, 0x0000000087800000, 0x0000000087800000|100%| O|  |TAMS 0x0000000087700000, 0x0000000087700000| Untracked 
| 120|0x0000000087800000, 0x0000000087900000, 0x0000000087900000|100%| O|  |TAMS 0x0000000087900000, 0x0000000087800000| Untracked 
| 121|0x0000000087900000, 0x0000000087a00000, 0x0000000087a00000|100%| O|  |TAMS 0x0000000087900000, 0x0000000087900000| Untracked 
| 122|0x0000000087a00000, 0x0000000087b00000, 0x0000000087b00000|100%| O|  |TAMS 0x0000000087b00000, 0x0000000087a00000| Untracked 
| 123|0x0000000087b00000, 0x0000000087c00000, 0x0000000087c00000|100%| O|  |TAMS 0x0000000087c00000, 0x0000000087b00000| Untracked 
| 124|0x0000000087c00000, 0x0000000087d00000, 0x0000000087d00000|100%|HS|  |TAMS 0x0000000087d00000, 0x0000000087c00000| Complete 
| 125|0x0000000087d00000, 0x0000000087e00000, 0x0000000087e00000|100%| O|  |TAMS 0x0000000087d00000, 0x0000000087d00000| Untracked 
| 126|0x0000000087e00000, 0x0000000087f00000, 0x0000000087f00000|100%| O|  |TAMS 0x0000000087e00000, 0x0000000087e00000| Untracked 
| 127|0x0000000087f00000, 0x0000000088000000, 0x0000000088000000|100%| O|  |TAMS 0x0000000087f00000, 0x0000000087f00000| Untracked 
| 128|0x0000000088000000, 0x0000000088100000, 0x0000000088100000|100%| O|  |TAMS 0x0000000088100000, 0x0000000088000000| Untracked 
| 129|0x0000000088100000, 0x0000000088200000, 0x0000000088200000|100%| O|  |TAMS 0x0000000088200000, 0x0000000088100000| Untracked 
| 130|0x0000000088200000, 0x0000000088300000, 0x0000000088300000|100%| O|  |TAMS 0x0000000088200000, 0x0000000088200000| Untracked 
| 131|0x0000000088300000, 0x0000000088400000, 0x0000000088400000|100%| O|  |TAMS 0x0000000088300000, 0x0000000088300000| Untracked 
| 132|0x0000000088400000, 0x0000000088500000, 0x0000000088500000|100%| O|  |TAMS 0x0000000088500000, 0x0000000088400000| Untracked 
| 133|0x0000000088500000, 0x0000000088600000, 0x0000000088600000|100%| O|  |TAMS 0x0000000088500000, 0x0000000088500000| Untracked 
| 134|0x0000000088600000, 0x0000000088700000, 0x0000000088700000|100%| O|  |TAMS 0x0000000088600000, 0x0000000088600000| Untracked 
| 135|0x0000000088700000, 0x0000000088800000, 0x0000000088800000|100%| O|  |TAMS 0x0000000088700000, 0x0000000088700000| Untracked 
| 136|0x0000000088800000, 0x0000000088900000, 0x0000000088900000|100%| O|  |TAMS 0x0000000088900000, 0x0000000088800000| Untracked 
| 137|0x0000000088900000, 0x0000000088a00000, 0x0000000088a00000|100%| O|  |TAMS 0x0000000088a00000, 0x0000000088900000| Untracked 
| 138|0x0000000088a00000, 0x0000000088b00000, 0x0000000088b00000|100%| O|  |TAMS 0x0000000088b00000, 0x0000000088a00000| Untracked 
| 139|0x0000000088b00000, 0x0000000088c00000, 0x0000000088c00000|100%| O|  |TAMS 0x0000000088b00000, 0x0000000088b00000| Untracked 
| 140|0x0000000088c00000, 0x0000000088d00000, 0x0000000088d00000|100%| O|  |TAMS 0x0000000088c00000, 0x0000000088c00000| Untracked 
| 141|0x0000000088d00000, 0x0000000088e00000, 0x0000000088e00000|100%| O|  |TAMS 0x0000000088d00000, 0x0000000088d00000| Untracked 
| 142|0x0000000088e00000, 0x0000000088f00000, 0x0000000088f00000|100%| O|  |TAMS 0x0000000088e00000, 0x0000000088e00000| Untracked 
| 143|0x0000000088f00000, 0x0000000089000000, 0x0000000089000000|100%| O|  |TAMS 0x0000000088f00000, 0x0000000088f00000| Untracked 
| 144|0x0000000089000000, 0x0000000089100000, 0x0000000089100000|100%| O|  |TAMS 0x0000000089000000, 0x0000000089000000| Untracked 
| 145|0x0000000089100000, 0x0000000089200000, 0x0000000089200000|100%| O|  |TAMS 0x0000000089100000, 0x0000000089100000| Untracked 
| 146|0x0000000089200000, 0x0000000089300000, 0x0000000089300000|100%| O|  |TAMS 0x0000000089200000, 0x0000000089200000| Untracked 
| 147|0x0000000089300000, 0x0000000089400000, 0x0000000089400000|100%| O|  |TAMS 0x0000000089300000, 0x0000000089300000| Untracked 
| 148|0x0000000089400000, 0x0000000089500000, 0x0000000089500000|100%| O|  |TAMS 0x0000000089400000, 0x0000000089400000| Untracked 
| 149|0x0000000089500000, 0x0000000089600000, 0x0000000089600000|100%| O|  |TAMS 0x0000000089500000, 0x0000000089500000| Untracked 
| 150|0x0000000089600000, 0x0000000089700000, 0x0000000089700000|100%| O|  |TAMS 0x0000000089600000, 0x0000000089600000| Untracked 
| 151|0x0000000089700000, 0x0000000089800000, 0x0000000089800000|100%| O|  |TAMS 0x0000000089700000, 0x0000000089700000| Untracked 
| 152|0x0000000089800000, 0x0000000089900000, 0x0000000089900000|100%| O|  |TAMS 0x0000000089800000, 0x0000000089800000| Untracked 
| 153|0x0000000089900000, 0x0000000089a00000, 0x0000000089a00000|100%| O|  |TAMS 0x0000000089900000, 0x0000000089900000| Untracked 
| 154|0x0000000089a00000, 0x0000000089b00000, 0x0000000089b00000|100%| O|  |TAMS 0x0000000089a00000, 0x0000000089a00000| Untracked 
| 155|0x0000000089b00000, 0x0000000089c00000, 0x0000000089c00000|100%| O|  |TAMS 0x0000000089b00000, 0x0000000089b00000| Untracked 
| 156|0x0000000089c00000, 0x0000000089d00000, 0x0000000089d00000|100%| O|  |TAMS 0x0000000089c00000, 0x0000000089c00000| Untracked 
| 157|0x0000000089d00000, 0x0000000089e00000, 0x0000000089e00000|100%| O|  |TAMS 0x0000000089d00000, 0x0000000089d00000| Untracked 
| 158|0x0000000089e00000, 0x0000000089f00000, 0x0000000089f00000|100%| O|  |TAMS 0x0000000089e00000, 0x0000000089e00000| Untracked 
| 159|0x0000000089f00000, 0x000000008a000000, 0x000000008a000000|100%| O|  |TAMS 0x0000000089f00000, 0x0000000089f00000| Untracked 
| 160|0x000000008a000000, 0x000000008a100000, 0x000000008a100000|100%| O|  |TAMS 0x000000008a000000, 0x000000008a000000| Untracked 
| 161|0x000000008a100000, 0x000000008a200000, 0x000000008a200000|100%| O|  |TAMS 0x000000008a100000, 0x000000008a100000| Untracked 
| 162|0x000000008a200000, 0x000000008a300000, 0x000000008a300000|100%| O|  |TAMS 0x000000008a200000, 0x000000008a200000| Untracked 
| 163|0x000000008a300000, 0x000000008a400000, 0x000000008a400000|100%| O|  |TAMS 0x000000008a300000, 0x000000008a300000| Untracked 
| 164|0x000000008a400000, 0x000000008a500000, 0x000000008a500000|100%| O|  |TAMS 0x000000008a400000, 0x000000008a400000| Untracked 
| 165|0x000000008a500000, 0x000000008a600000, 0x000000008a600000|100%| O|  |TAMS 0x000000008a500000, 0x000000008a500000| Untracked 
| 166|0x000000008a600000, 0x000000008a700000, 0x000000008a700000|100%| O|  |TAMS 0x000000008a600000, 0x000000008a600000| Untracked 
| 167|0x000000008a700000, 0x000000008a800000, 0x000000008a800000|100%| O|  |TAMS 0x000000008a700000, 0x000000008a700000| Untracked 
| 168|0x000000008a800000, 0x000000008a900000, 0x000000008a900000|100%| O|  |TAMS 0x000000008a800000, 0x000000008a800000| Untracked 
| 169|0x000000008a900000, 0x000000008aa00000, 0x000000008aa00000|100%| O|  |TAMS 0x000000008a900000, 0x000000008a900000| Untracked 
| 170|0x000000008aa00000, 0x000000008ab00000, 0x000000008ab00000|100%| O|  |TAMS 0x000000008aa00000, 0x000000008aa00000| Untracked 
| 171|0x000000008ab00000, 0x000000008ac00000, 0x000000008ac00000|100%| O|  |TAMS 0x000000008ab00000, 0x000000008ab00000| Untracked 
| 172|0x000000008ac00000, 0x000000008ad00000, 0x000000008ad00000|100%| O|  |TAMS 0x000000008ac00000, 0x000000008ac00000| Untracked 
| 173|0x000000008ad00000, 0x000000008ae00000, 0x000000008ae00000|100%| O|  |TAMS 0x000000008ad00000, 0x000000008ad00000| Untracked 
| 174|0x000000008ae00000, 0x000000008af00000, 0x000000008af00000|100%| O|  |TAMS 0x000000008ae00000, 0x000000008ae00000| Untracked 
| 175|0x000000008af00000, 0x000000008b000000, 0x000000008b000000|100%| O|  |TAMS 0x000000008af00000, 0x000000008af00000| Untracked 
| 176|0x000000008b000000, 0x000000008b100000, 0x000000008b100000|100%| O|  |TAMS 0x000000008b000000, 0x000000008b000000| Untracked 
| 177|0x000000008b100000, 0x000000008b200000, 0x000000008b200000|100%| O|  |TAMS 0x000000008b100000, 0x000000008b100000| Untracked 
| 178|0x000000008b200000, 0x000000008b300000, 0x000000008b300000|100%| O|  |TAMS 0x000000008b200000, 0x000000008b200000| Untracked 
| 179|0x000000008b300000, 0x000000008b400000, 0x000000008b400000|100%| O|  |TAMS 0x000000008b300000, 0x000000008b300000| Untracked 
| 180|0x000000008b400000, 0x000000008b500000, 0x000000008b500000|100%| O|  |TAMS 0x000000008b400000, 0x000000008b400000| Untracked 
| 181|0x000000008b500000, 0x000000008b600000, 0x000000008b600000|100%| O|  |TAMS 0x000000008b500000, 0x000000008b500000| Untracked 
| 182|0x000000008b600000, 0x000000008b700000, 0x000000008b700000|100%| O|  |TAMS 0x000000008b600000, 0x000000008b600000| Untracked 
| 183|0x000000008b700000, 0x000000008b800000, 0x000000008b800000|100%| O|  |TAMS 0x000000008b700000, 0x000000008b700000| Untracked 
| 184|0x000000008b800000, 0x000000008b900000, 0x000000008b900000|100%| O|  |TAMS 0x000000008b800000, 0x000000008b800000| Untracked 
| 185|0x000000008b900000, 0x000000008ba00000, 0x000000008ba00000|100%| O|  |TAMS 0x000000008b900000, 0x000000008b900000| Untracked 
| 186|0x000000008ba00000, 0x000000008bb00000, 0x000000008bb00000|100%| O|  |TAMS 0x000000008ba00000, 0x000000008ba00000| Untracked 
| 187|0x000000008bb00000, 0x000000008bbd0200, 0x000000008bc00000| 81%| O|  |TAMS 0x000000008bb00000, 0x000000008bb00000| Untracked 
| 188|0x000000008bc00000, 0x000000008bc00000, 0x000000008bd00000|  0%| F|  |TAMS 0x000000008bc00000, 0x000000008bc00000| Untracked 
| 189|0x000000008bd00000, 0x000000008bd00000, 0x000000008be00000|  0%| F|  |TAMS 0x000000008bd00000, 0x000000008bd00000| Untracked 
| 190|0x000000008be00000, 0x000000008be00000, 0x000000008bf00000|  0%| F|  |TAMS 0x000000008be00000, 0x000000008be00000| Untracked 
| 191|0x000000008bf00000, 0x000000008bf00000, 0x000000008c000000|  0%| F|  |TAMS 0x000000008bf00000, 0x000000008bf00000| Untracked 
| 192|0x000000008c000000, 0x000000008c000000, 0x000000008c100000|  0%| F|  |TAMS 0x000000008c000000, 0x000000008c000000| Untracked 
| 193|0x000000008c100000, 0x000000008c100000, 0x000000008c200000|  0%| F|  |TAMS 0x000000008c100000, 0x000000008c100000| Untracked 
| 194|0x000000008c200000, 0x000000008c200000, 0x000000008c300000|  0%| F|  |TAMS 0x000000008c200000, 0x000000008c200000| Untracked 
| 195|0x000000008c300000, 0x000000008c300000, 0x000000008c400000|  0%| F|  |TAMS 0x000000008c300000, 0x000000008c300000| Untracked 
| 196|0x000000008c400000, 0x000000008c400000, 0x000000008c500000|  0%| F|  |TAMS 0x000000008c400000, 0x000000008c400000| Untracked 
| 197|0x000000008c500000, 0x000000008c500000, 0x000000008c600000|  0%| F|  |TAMS 0x000000008c500000, 0x000000008c500000| Untracked 
| 198|0x000000008c600000, 0x000000008c600000, 0x000000008c700000|  0%| F|  |TAMS 0x000000008c600000, 0x000000008c600000| Untracked 
| 199|0x000000008c700000, 0x000000008c700000, 0x000000008c800000|  0%| F|  |TAMS 0x000000008c700000, 0x000000008c700000| Untracked 
| 200|0x000000008c800000, 0x000000008c800000, 0x000000008c900000|  0%| F|  |TAMS 0x000000008c800000, 0x000000008c800000| Untracked 
| 201|0x000000008c900000, 0x000000008c900000, 0x000000008ca00000|  0%| F|  |TAMS 0x000000008c900000, 0x000000008c900000| Untracked 
| 202|0x000000008ca00000, 0x000000008ca00000, 0x000000008cb00000|  0%| F|  |TAMS 0x000000008ca00000, 0x000000008ca00000| Untracked 
| 203|0x000000008cb00000, 0x000000008cb00000, 0x000000008cc00000|  0%| F|  |TAMS 0x000000008cb00000, 0x000000008cb00000| Untracked 
| 204|0x000000008cc00000, 0x000000008cc00000, 0x000000008cd00000|  0%| F|  |TAMS 0x000000008cc00000, 0x000000008cc00000| Untracked 
| 205|0x000000008cd00000, 0x000000008cd00000, 0x000000008ce00000|  0%| F|  |TAMS 0x000000008cd00000, 0x000000008cd00000| Untracked 
| 206|0x000000008ce00000, 0x000000008ce00000, 0x000000008cf00000|  0%| F|  |TAMS 0x000000008ce00000, 0x000000008ce00000| Untracked 
| 207|0x000000008cf00000, 0x000000008cf00000, 0x000000008d000000|  0%| F|  |TAMS 0x000000008cf00000, 0x000000008cf00000| Untracked 
| 208|0x000000008d000000, 0x000000008d000000, 0x000000008d100000|  0%| F|  |TAMS 0x000000008d000000, 0x000000008d000000| Untracked 
| 209|0x000000008d100000, 0x000000008d100000, 0x000000008d200000|  0%| F|  |TAMS 0x000000008d100000, 0x000000008d100000| Untracked 
| 210|0x000000008d200000, 0x000000008d200000, 0x000000008d300000|  0%| F|  |TAMS 0x000000008d200000, 0x000000008d200000| Untracked 
| 211|0x000000008d300000, 0x000000008d300000, 0x000000008d400000|  0%| F|  |TAMS 0x000000008d300000, 0x000000008d300000| Untracked 
| 212|0x000000008d400000, 0x000000008d400000, 0x000000008d500000|  0%| F|  |TAMS 0x000000008d400000, 0x000000008d400000| Untracked 
| 213|0x000000008d500000, 0x000000008d500000, 0x000000008d600000|  0%| F|  |TAMS 0x000000008d500000, 0x000000008d500000| Untracked 
| 214|0x000000008d600000, 0x000000008d600000, 0x000000008d700000|  0%| F|  |TAMS 0x000000008d600000, 0x000000008d600000| Untracked 
| 215|0x000000008d700000, 0x000000008d7aeec0, 0x000000008d800000| 68%| S|CS|TAMS 0x000000008d700000, 0x000000008d700000| Complete 
| 216|0x000000008d800000, 0x000000008d900000, 0x000000008d900000|100%| S|CS|TAMS 0x000000008d800000, 0x000000008d800000| Complete 
| 217|0x000000008d900000, 0x000000008da00000, 0x000000008da00000|100%| S|CS|TAMS 0x000000008d900000, 0x000000008d900000| Complete 
| 218|0x000000008da00000, 0x000000008db00000, 0x000000008db00000|100%| S|CS|TAMS 0x000000008da00000, 0x000000008da00000| Complete 
| 219|0x000000008db00000, 0x000000008db00000, 0x000000008dc00000|  0%| F|  |TAMS 0x000000008db00000, 0x000000008db00000| Untracked 
| 220|0x000000008dc00000, 0x000000008dc00000, 0x000000008dd00000|  0%| F|  |TAMS 0x000000008dc00000, 0x000000008dc00000| Untracked 
| 221|0x000000008dd00000, 0x000000008dd00000, 0x000000008de00000|  0%| F|  |TAMS 0x000000008dd00000, 0x000000008dd00000| Untracked 
| 222|0x000000008de00000, 0x000000008de00000, 0x000000008df00000|  0%| F|  |TAMS 0x000000008de00000, 0x000000008de00000| Untracked 
| 223|0x000000008df00000, 0x000000008df00000, 0x000000008e000000|  0%| F|  |TAMS 0x000000008df00000, 0x000000008df00000| Untracked 
| 224|0x000000008e000000, 0x000000008e000000, 0x000000008e100000|  0%| F|  |TAMS 0x000000008e000000, 0x000000008e000000| Untracked 
| 225|0x000000008e100000, 0x000000008e100000, 0x000000008e200000|  0%| F|  |TAMS 0x000000008e100000, 0x000000008e100000| Untracked 
| 226|0x000000008e200000, 0x000000008e200000, 0x000000008e300000|  0%| F|  |TAMS 0x000000008e200000, 0x000000008e200000| Untracked 
| 227|0x000000008e300000, 0x000000008e300000, 0x000000008e400000|  0%| F|  |TAMS 0x000000008e300000, 0x000000008e300000| Untracked 
| 228|0x000000008e400000, 0x000000008e400000, 0x000000008e500000|  0%| F|  |TAMS 0x000000008e400000, 0x000000008e400000| Untracked 
| 229|0x000000008e500000, 0x000000008e500000, 0x000000008e600000|  0%| F|  |TAMS 0x000000008e500000, 0x000000008e500000| Untracked 
| 230|0x000000008e600000, 0x000000008e600000, 0x000000008e700000|  0%| F|  |TAMS 0x000000008e600000, 0x000000008e600000| Untracked 
| 231|0x000000008e700000, 0x000000008e700000, 0x000000008e800000|  0%| F|  |TAMS 0x000000008e700000, 0x000000008e700000| Untracked 
| 232|0x000000008e800000, 0x000000008e800000, 0x000000008e900000|  0%| F|  |TAMS 0x000000008e800000, 0x000000008e800000| Untracked 
| 233|0x000000008e900000, 0x000000008e900000, 0x000000008ea00000|  0%| F|  |TAMS 0x000000008e900000, 0x000000008e900000| Untracked 
| 234|0x000000008ea00000, 0x000000008ea00000, 0x000000008eb00000|  0%| F|  |TAMS 0x000000008ea00000, 0x000000008ea00000| Untracked 
| 235|0x000000008eb00000, 0x000000008eb00000, 0x000000008ec00000|  0%| F|  |TAMS 0x000000008eb00000, 0x000000008eb00000| Untracked 
| 236|0x000000008ec00000, 0x000000008ec00000, 0x000000008ed00000|  0%| F|  |TAMS 0x000000008ec00000, 0x000000008ec00000| Untracked 
| 237|0x000000008ed00000, 0x000000008ed00000, 0x000000008ee00000|  0%| F|  |TAMS 0x000000008ed00000, 0x000000008ed00000| Untracked 
| 238|0x000000008ee00000, 0x000000008ee00000, 0x000000008ef00000|  0%| F|  |TAMS 0x000000008ee00000, 0x000000008ee00000| Untracked 
| 239|0x000000008ef00000, 0x000000008ef00000, 0x000000008f000000|  0%| F|  |TAMS 0x000000008ef00000, 0x000000008ef00000| Untracked 
| 240|0x000000008f000000, 0x000000008f000000, 0x000000008f100000|  0%| F|  |TAMS 0x000000008f000000, 0x000000008f000000| Untracked 
| 241|0x000000008f100000, 0x000000008f100000, 0x000000008f200000|  0%| F|  |TAMS 0x000000008f100000, 0x000000008f100000| Untracked 
| 242|0x000000008f200000, 0x000000008f200000, 0x000000008f300000|  0%| F|  |TAMS 0x000000008f200000, 0x000000008f200000| Untracked 
| 243|0x000000008f300000, 0x000000008f300000, 0x000000008f400000|  0%| F|  |TAMS 0x000000008f300000, 0x000000008f300000| Untracked 
| 244|0x000000008f400000, 0x000000008f400000, 0x000000008f500000|  0%| F|  |TAMS 0x000000008f400000, 0x000000008f400000| Untracked 
| 245|0x000000008f500000, 0x000000008f500000, 0x000000008f600000|  0%| F|  |TAMS 0x000000008f500000, 0x000000008f500000| Untracked 
| 246|0x000000008f600000, 0x000000008f600000, 0x000000008f700000|  0%| F|  |TAMS 0x000000008f600000, 0x000000008f600000| Untracked 
| 247|0x000000008f700000, 0x000000008f700000, 0x000000008f800000|  0%| F|  |TAMS 0x000000008f700000, 0x000000008f700000| Untracked 
| 248|0x000000008f800000, 0x000000008f800000, 0x000000008f900000|  0%| F|  |TAMS 0x000000008f800000, 0x000000008f800000| Untracked 
| 249|0x000000008f900000, 0x000000008f900000, 0x000000008fa00000|  0%| F|  |TAMS 0x000000008f900000, 0x000000008f900000| Untracked 
| 250|0x000000008fa00000, 0x000000008fa00000, 0x000000008fb00000|  0%| F|  |TAMS 0x000000008fa00000, 0x000000008fa00000| Untracked 
| 251|0x000000008fb00000, 0x000000008fb00000, 0x000000008fc00000|  0%| F|  |TAMS 0x000000008fb00000, 0x000000008fb00000| Untracked 
| 252|0x000000008fc00000, 0x000000008fc00000, 0x000000008fd00000|  0%| F|  |TAMS 0x000000008fc00000, 0x000000008fc00000| Untracked 
| 253|0x000000008fd00000, 0x000000008fd00000, 0x000000008fe00000|  0%| F|  |TAMS 0x000000008fd00000, 0x000000008fd00000| Untracked 
| 254|0x000000008fe00000, 0x000000008fe00000, 0x000000008ff00000|  0%| F|  |TAMS 0x000000008fe00000, 0x000000008fe00000| Untracked 
| 255|0x000000008ff00000, 0x000000008ff00000, 0x0000000090000000|  0%| F|  |TAMS 0x000000008ff00000, 0x000000008ff00000| Untracked 
| 256|0x0000000090000000, 0x0000000090000000, 0x0000000090100000|  0%| F|  |TAMS 0x0000000090000000, 0x0000000090000000| Untracked 
| 257|0x0000000090100000, 0x0000000090100000, 0x0000000090200000|  0%| F|  |TAMS 0x0000000090100000, 0x0000000090100000| Untracked 
| 258|0x0000000090200000, 0x0000000090200000, 0x0000000090300000|  0%| F|  |TAMS 0x0000000090200000, 0x0000000090200000| Untracked 
| 259|0x0000000090300000, 0x0000000090300000, 0x0000000090400000|  0%| F|  |TAMS 0x0000000090300000, 0x0000000090300000| Untracked 
| 260|0x0000000090400000, 0x0000000090400000, 0x0000000090500000|  0%| F|  |TAMS 0x0000000090400000, 0x0000000090400000| Untracked 
| 261|0x0000000090500000, 0x0000000090500000, 0x0000000090600000|  0%| F|  |TAMS 0x0000000090500000, 0x0000000090500000| Untracked 
| 262|0x0000000090600000, 0x0000000090600000, 0x0000000090700000|  0%| F|  |TAMS 0x0000000090600000, 0x0000000090600000| Untracked 
| 263|0x0000000090700000, 0x0000000090700000, 0x0000000090800000|  0%| F|  |TAMS 0x0000000090700000, 0x0000000090700000| Untracked 
| 264|0x0000000090800000, 0x0000000090800000, 0x0000000090900000|  0%| F|  |TAMS 0x0000000090800000, 0x0000000090800000| Untracked 
| 265|0x0000000090900000, 0x0000000090900000, 0x0000000090a00000|  0%| F|  |TAMS 0x0000000090900000, 0x0000000090900000| Untracked 
| 266|0x0000000090a00000, 0x0000000090a00000, 0x0000000090b00000|  0%| F|  |TAMS 0x0000000090a00000, 0x0000000090a00000| Untracked 

Card table byte_map: [0x000002be94870000,0x000002be94c70000] _byte_map_base: 0x000002be94470000

Marking Bits (Prev, Next): (CMBitMap*) 0x000002beffde71d0, (CMBitMap*) 0x000002beffde7198
 Prev Bits: [0x000002be97070000, 0x000002be99070000)
 Next Bits: [0x000002be95070000, 0x000002be97070000)

Polling page: 0x000002be81410000

Metaspace:

Usage:
  Non-class:    122.37 MB capacity,   119.90 MB ( 98%) used,     2.03 MB (  2%) free+waste,   450.94 KB ( <1%) overhead. 
      Class:     18.13 MB capacity,    16.78 MB ( 93%) used,     1.15 MB (  6%) free+waste,   199.63 KB (  1%) overhead. 
       Both:    140.50 MB capacity,   136.68 MB ( 97%) used,     3.18 MB (  2%) free+waste,   650.56 KB ( <1%) overhead. 

Virtual space:
  Non-class space:      124.00 MB reserved,     122.50 MB ( 99%) committed 
      Class space:        1.00 GB reserved,      18.25 MB (  2%) committed 
             Both:        1.12 GB reserved,     140.75 MB ( 12%) committed 

Chunk freelists:
   Non-Class:  3.00 KB
       Class:  0 bytes
        Both:  3.00 KB

MaxMetaspaceSize: 17179869184.00 GB
CompressedClassSpaceSize: 1.00 GB

CodeHeap 'non-profiled nmethods': size=120064Kb used=15560Kb max_used=15560Kb free=104503Kb
 bounds [0x000002be8c900000, 0x000002be8d840000, 0x000002be93e40000]
CodeHeap 'profiled nmethods': size=120000Kb used=51131Kb max_used=51131Kb free=68868Kb
 bounds [0x000002be853d0000, 0x000002be885e0000, 0x000002be8c900000]
CodeHeap 'non-nmethods': size=5696Kb used=2375Kb max_used=2472Kb free=3320Kb
 bounds [0x000002be84e40000, 0x000002be850c0000, 0x000002be853d0000]
 total_blobs=23004 nmethods=21999 adapters=915
 compilation: enabled
              stopped_count=0, restarted_count=0
 full_count=0

Compilation events (20 events):
Event: 1511.820 Thread 0x000002be9b6df800 24710       1       com.android.tools.r8.code.e2::u (3 bytes)
Event: 1511.821 Thread 0x000002be9b6df800 nmethod 24710 0x000002be8d832410 code [0x000002be8d8325c0, 0x000002be8d832678]
Event: 1511.888 Thread 0x000002be9b6df800 24711       1       com.android.tools.r8.internal.ev::f2 (2 bytes)
Event: 1511.888 Thread 0x000002be9b6df800 nmethod 24711 0x000002be8d832710 code [0x000002be8d8328c0, 0x000002be8d832978]
Event: 1511.891 Thread 0x000002be9b6df800 24712       2       com.android.tools.r8.internal.y1::a (389 bytes)
Event: 1511.894 Thread 0x000002be9b6df800 nmethod 24712 0x000002be885d2a90 code [0x000002be885d2e20, 0x000002be885d3e18]
Event: 1511.951 Thread 0x000002be9b6df800 24714       3       com.android.tools.r8.internal.W4::c (360 bytes)
Event: 1511.999 Thread 0x000002be9b6df800 nmethod 24714 0x000002be885d4810 code [0x000002be885d4ea0, 0x000002be885d9228]
Event: 1512.005 Thread 0x000002be9b6df800 24715       2       com.android.tools.r8.internal.Ca::<init> (10 bytes)
Event: 1512.005 Thread 0x000002be9b6df800 nmethod 24715 0x000002be885da990 code [0x000002be885dab40, 0x000002be885dac48]
Event: 1512.013 Thread 0x000002be9b6df800 24716       2       com.android.tools.r8.ir.regalloc.a::e (184 bytes)
Event: 1512.015 Thread 0x000002be9b6df800 nmethod 24716 0x000002be885dad10 code [0x000002be885dafc0, 0x000002be885dba48]
Event: 1512.031 Thread 0x000002be9b6df800 24718       2       com.android.tools.r8.internal.CB::g2 (18 bytes)
Event: 1512.031 Thread 0x000002be9b6df800 nmethod 24718 0x000002be885dc090 code [0x000002be885dc240, 0x000002be885dc368]
Event: 1512.079 Thread 0x000002be9b6df800 24719       2       com.android.tools.r8.internal.yg::b (47 bytes)
Event: 1512.080 Thread 0x000002be9b6df800 nmethod 24719 0x000002be885dc410 code [0x000002be885dc5e0, 0x000002be885dc808]
Event: 1512.121 Thread 0x000002be9b6df800 24722       2       com.android.tools.r8.internal.UC::b (682 bytes)
Event: 1512.127 Thread 0x000002be9b6df800 nmethod 24722 0x000002be885dc990 code [0x000002be885dcf00, 0x000002be885de868]
Event: 1512.131 Thread 0x000002be9b6df800 24724       2       java.util.PriorityQueue::clear (43 bytes)
Event: 1512.132 Thread 0x000002be9b6df800 nmethod 24724 0x000002be885df890 code [0x000002be885dfa40, 0x000002be885dfbf8]

GC Heap History (20 events):
Event: 1507.891 GC heap after
{Heap after GC invocations=118 (full 0):
 garbage-first heap   total 273408K, used 191615K [0x0000000080000000, 0x0000000100000000)
  region size 1024K, 5 young (5120K), 5 survivors (5120K)
 Metaspace       used 139871K, capacity 143739K, committed 143872K, reserved 1175552K
  class space    used 17178K, capacity 18561K, committed 18688K, reserved 1048576K
}
Event: 1508.317 GC heap before
{Heap before GC invocations=118 (full 0):
 garbage-first heap   total 273408K, used 238719K [0x0000000080000000, 0x0000000100000000)
  region size 1024K, 51 young (52224K), 5 survivors (5120K)
 Metaspace       used 139877K, capacity 143740K, committed 143872K, reserved 1175552K
  class space    used 17178K, capacity 18561K, committed 18688K, reserved 1048576K
}
Event: 1508.327 GC heap after
{Heap after GC invocations=119 (full 0):
 garbage-first heap   total 273408K, used 191799K [0x0000000080000000, 0x0000000100000000)
  region size 1024K, 2 young (2048K), 2 survivors (2048K)
 Metaspace       used 139877K, capacity 143740K, committed 143872K, reserved 1175552K
  class space    used 17178K, capacity 18561K, committed 18688K, reserved 1048576K
}
Event: 1508.747 GC heap before
{Heap before GC invocations=119 (full 0):
 garbage-first heap   total 273408K, used 238903K [0x0000000080000000, 0x0000000100000000)
  region size 1024K, 48 young (49152K), 2 survivors (2048K)
 Metaspace       used 139888K, capacity 143805K, committed 144128K, reserved 1175552K
  class space    used 17178K, capacity 18561K, committed 18688K, reserved 1048576K
}
Event: 1508.753 GC heap after
{Heap after GC invocations=120 (full 0):
 garbage-first heap   total 273408K, used 192115K [0x0000000080000000, 0x0000000100000000)
  region size 1024K, 2 young (2048K), 2 survivors (2048K)
 Metaspace       used 139888K, capacity 143805K, committed 144128K, reserved 1175552K
  class space    used 17178K, capacity 18561K, committed 18688K, reserved 1048576K
}
Event: 1509.180 GC heap before
{Heap before GC invocations=120 (full 0):
 garbage-first heap   total 273408K, used 240243K [0x0000000080000000, 0x0000000100000000)
  region size 1024K, 49 young (50176K), 2 survivors (2048K)
 Metaspace       used 139891K, capacity 143805K, committed 144128K, reserved 1175552K
  class space    used 17178K, capacity 18561K, committed 18688K, reserved 1048576K
}
Event: 1509.186 GC heap after
{Heap after GC invocations=121 (full 0):
 garbage-first heap   total 273408K, used 192495K [0x0000000080000000, 0x0000000100000000)
  region size 1024K, 3 young (3072K), 3 survivors (3072K)
 Metaspace       used 139891K, capacity 143805K, committed 144128K, reserved 1175552K
  class space    used 17178K, capacity 18561K, committed 18688K, reserved 1048576K
}
Event: 1509.598 GC heap before
{Heap before GC invocations=121 (full 0):
 garbage-first heap   total 273408K, used 239599K [0x0000000080000000, 0x0000000100000000)
  region size 1024K, 49 young (50176K), 3 survivors (3072K)
 Metaspace       used 139897K, capacity 143805K, committed 144128K, reserved 1175552K
  class space    used 17178K, capacity 18561K, committed 18688K, reserved 1048576K
}
Event: 1509.605 GC heap after
{Heap after GC invocations=122 (full 0):
 garbage-first heap   total 273408K, used 192740K [0x0000000080000000, 0x0000000100000000)
  region size 1024K, 3 young (3072K), 3 survivors (3072K)
 Metaspace       used 139897K, capacity 143805K, committed 144128K, reserved 1175552K
  class space    used 17178K, capacity 18561K, committed 18688K, reserved 1048576K
}
Event: 1509.973 GC heap before
{Heap before GC invocations=122 (full 0):
 garbage-first heap   total 273408K, used 240868K [0x0000000080000000, 0x0000000100000000)
  region size 1024K, 50 young (51200K), 3 survivors (3072K)
 Metaspace       used 139897K, capacity 143805K, committed 144128K, reserved 1175552K
  class space    used 17178K, capacity 18561K, committed 18688K, reserved 1048576K
}
Event: 1509.982 GC heap after
{Heap after GC invocations=123 (full 0):
 garbage-first heap   total 273408K, used 193131K [0x0000000080000000, 0x0000000100000000)
  region size 1024K, 3 young (3072K), 3 survivors (3072K)
 Metaspace       used 139897K, capacity 143805K, committed 144128K, reserved 1175552K
  class space    used 17178K, capacity 18561K, committed 18688K, reserved 1048576K
}
Event: 1510.492 GC heap before
{Heap before GC invocations=123 (full 0):
 garbage-first heap   total 273408K, used 241259K [0x0000000080000000, 0x0000000100000000)
  region size 1024K, 50 young (51200K), 3 survivors (3072K)
 Metaspace       used 139918K, capacity 143805K, committed 144128K, reserved 1175552K
  class space    used 17181K, capacity 18561K, committed 18688K, reserved 1048576K
}
Event: 1510.502 GC heap after
{Heap after GC invocations=124 (full 0):
 garbage-first heap   total 273408K, used 193915K [0x0000000080000000, 0x0000000100000000)
  region size 1024K, 4 young (4096K), 4 survivors (4096K)
 Metaspace       used 139918K, capacity 143805K, committed 144128K, reserved 1175552K
  class space    used 17181K, capacity 18561K, committed 18688K, reserved 1048576K
}
Event: 1510.882 GC heap before
{Heap before GC invocations=124 (full 0):
 garbage-first heap   total 273408K, used 241019K [0x0000000080000000, 0x0000000100000000)
  region size 1024K, 50 young (51200K), 4 survivors (4096K)
 Metaspace       used 139932K, capacity 143805K, committed 144128K, reserved 1175552K
  class space    used 17181K, capacity 18561K, committed 18688K, reserved 1048576K
}
Event: 1510.892 GC heap after
{Heap after GC invocations=125 (full 0):
 garbage-first heap   total 273408K, used 194213K [0x0000000080000000, 0x0000000100000000)
  region size 1024K, 4 young (4096K), 4 survivors (4096K)
 Metaspace       used 139932K, capacity 143805K, committed 144128K, reserved 1175552K
  class space    used 17181K, capacity 18561K, committed 18688K, reserved 1048576K
}
Event: 1511.374 GC heap before
{Heap before GC invocations=125 (full 0):
 garbage-first heap   total 273408K, used 241317K [0x0000000080000000, 0x0000000100000000)
  region size 1024K, 50 young (51200K), 4 survivors (4096K)
 Metaspace       used 139935K, capacity 143805K, committed 144128K, reserved 1175552K
  class space    used 17181K, capacity 18561K, committed 18688K, reserved 1048576K
}
Event: 1511.389 GC heap after
{Heap after GC invocations=126 (full 0):
 garbage-first heap   total 273408K, used 194968K [0x0000000080000000, 0x0000000100000000)
  region size 1024K, 5 young (5120K), 5 survivors (5120K)
 Metaspace       used 139935K, capacity 143805K, committed 144128K, reserved 1175552K
  class space    used 17181K, capacity 18561K, committed 18688K, reserved 1048576K
}
Event: 1511.791 GC heap before
{Heap before GC invocations=126 (full 0):
 garbage-first heap   total 273408K, used 239000K [0x0000000080000000, 0x0000000100000000)
  region size 1024K, 48 young (49152K), 5 survivors (5120K)
 Metaspace       used 139949K, capacity 143806K, committed 144128K, reserved 1175552K
  class space    used 17181K, capacity 18561K, committed 18688K, reserved 1048576K
}
Event: 1511.802 GC heap after
{Heap after GC invocations=127 (full 0):
 garbage-first heap   total 273408K, used 195729K [0x0000000080000000, 0x0000000100000000)
  region size 1024K, 4 young (4096K), 4 survivors (4096K)
 Metaspace       used 139949K, capacity 143806K, committed 144128K, reserved 1175552K
  class space    used 17181K, capacity 18561K, committed 18688K, reserved 1048576K
}
Event: 1512.188 GC heap before
{Heap before GC invocations=127 (full 0):
 garbage-first heap   total 273408K, used 240785K [0x0000000080000000, 0x0000000100000000)
  region size 1024K, 48 young (49152K), 4 survivors (4096K)
 Metaspace       used 139960K, capacity 143870K, committed 144128K, reserved 1175552K
  class space    used 17182K, capacity 18561K, committed 18688K, reserved 1048576K
}

Deoptimization events (20 events):
Event: 1511.675 Thread 0x000002be9ea36000 DEOPT PACKING pc=0x000002be87ff6bb3 sp=0x000000da8d6f92a0
Event: 1511.675 Thread 0x000002be9ea36000 DEOPT UNPACKING pc=0x000002be84e6764e sp=0x000000da8d6f8a50 mode 0
Event: 1511.761 Thread 0x000002be9ea36000 DEOPT PACKING pc=0x000002be8664780c sp=0x000000da8d6f97a0
Event: 1511.761 Thread 0x000002be9ea36000 DEOPT UNPACKING pc=0x000002be84e6764e sp=0x000000da8d6f8c40 mode 0
Event: 1511.770 Thread 0x000002bea19ca000 DEOPT PACKING pc=0x000002be87e38b1e sp=0x000000da8d2f8ec0
Event: 1511.770 Thread 0x000002bea19ca000 DEOPT UNPACKING pc=0x000002be84e6764e sp=0x000000da8d2f8648 mode 0
Event: 1511.780 Thread 0x000002bea19ca000 DEOPT PACKING pc=0x000002be8809f69a sp=0x000000da8d2f9020
Event: 1511.780 Thread 0x000002bea19ca000 DEOPT UNPACKING pc=0x000002be84e6764e sp=0x000000da8d2f87f0 mode 0
Event: 1511.921 Thread 0x000002be9ea36000 DEOPT PACKING pc=0x000002be87ff6bb3 sp=0x000000da8d6f92a0
Event: 1511.921 Thread 0x000002be9ea36000 DEOPT UNPACKING pc=0x000002be84e6764e sp=0x000000da8d6f8a50 mode 0
Event: 1511.931 Thread 0x000002bea19ca000 DEOPT PACKING pc=0x000002be8809f69a sp=0x000000da8d2f9020
Event: 1511.931 Thread 0x000002bea19ca000 DEOPT UNPACKING pc=0x000002be84e6764e sp=0x000000da8d2f87f0 mode 0
Event: 1512.011 Thread 0x000002be9ea36000 DEOPT PACKING pc=0x000002be8809f69a sp=0x000000da8d6f8ee0
Event: 1512.011 Thread 0x000002be9ea36000 DEOPT UNPACKING pc=0x000002be84e6764e sp=0x000000da8d6f86b0 mode 0
Event: 1512.119 Thread 0x000002be9ea3c800 Uncommon trap: trap_request=0xffffff4d fr.pc=0x000002be8d81cc40 relative=0x0000000000000a00
Event: 1512.119 Thread 0x000002be9ea3c800 Uncommon trap: reason=unstable_if action=reinterpret pc=0x000002be8d81cc40 method=com.android.tools.r8.internal.UC.b(Lcom/android/tools/r8/internal/Fg;)V @ 150 c2
Event: 1512.119 Thread 0x000002be9ea3c800 DEOPT PACKING pc=0x000002be8d81cc40 sp=0x000000da8dff6d70
Event: 1512.119 Thread 0x000002be9ea3c800 DEOPT UNPACKING pc=0x000002be84e6782f sp=0x000000da8dff6d70 mode 2
Event: 1512.142 Thread 0x000002be9ea36000 DEOPT PACKING pc=0x000002be87ff6bb3 sp=0x000000da8d6f92a0
Event: 1512.142 Thread 0x000002be9ea36000 DEOPT UNPACKING pc=0x000002be84e6764e sp=0x000000da8d6f8a50 mode 0

Classes redefined (0 events):
No events

Internal exceptions (20 events):
Event: 1496.520 Thread 0x000002be9ea36000 Exception <a 'java/lang/IncompatibleClassChangeError'{0x000000008cc47960}: Found class java.lang.Object, but interface was expected> (0x000000008cc47960) thrown at [./src/hotspot/share/interpreter/linkResolver.cpp, line 839]
Event: 1496.561 Thread 0x000002be9ea36000 Exception <a 'java/lang/NoSuchMethodError'{0x000000008cb806f0}: 'void java.lang.invoke.DirectMethodHandle$Holder.invokeVirtual(java.lang.Object, java.lang.Object, int, java.lang.Object)'> (0x000000008cb806f0) thrown at [./src/hotspot/share/interpreter/linkResolver.cpp, line 773]
Event: 1496.561 Thread 0x000002be9ea3c800 Exception <a 'java/lang/NoSuchMethodError'{0x000000008cf05e20}: 'void java.lang.invoke.DirectMethodHandle$Holder.invokeVirtual(java.lang.Object, java.lang.Object, int, java.lang.Object)'> (0x000000008cf05e20) thrown at [./src/hotspot/share/interpreter/linkResolver.cpp, line 773]
Event: 1496.759 Thread 0x000002be9ea31000 Exception <a 'java/lang/NoSuchMethodError'{0x000000008d477318}: 'java.lang.Object java.lang.invoke.DirectMethodHandle$Holder.newInvokeSpecial(java.lang.Object, int)'> (0x000000008d477318) thrown at [./src/hotspot/share/interpreter/linkResolver.cpp, line 773]
Event: 1496.759 Thread 0x000002be9ea36000 Exception <a 'java/lang/NoSuchMethodError'{0x000000008d4d4fd8}: 'java.lang.Object java.lang.invoke.DirectMethodHandle$Holder.newInvokeSpecial(java.lang.Object, int)'> (0x000000008d4d4fd8) thrown at [./src/hotspot/share/interpreter/linkResolver.cpp, line 773]
Event: 1497.219 Thread 0x000002be9ea36000 Exception <a 'java/lang/NoSuchMethodError'{0x00000000902e5890}: 'java.lang.Object java.lang.invoke.DirectMethodHandle$Holder.invokeInterface(java.lang.Object, java.lang.Object, int)'> (0x00000000902e5890) thrown at [./src/hotspot/share/interpreter/linkResolver.cpp, line 773]
Event: 1499.517 Thread 0x000002be9ea36000 Exception <a 'java/lang/NoSuchMethodError'{0x000000008f7d05b0}: 'int java.lang.invoke.DirectMethodHandle$Holder.invokeInterface(java.lang.Object, java.lang.Object, int)'> (0x000000008f7d05b0) thrown at [./src/hotspot/share/interpreter/linkResolver.cpp, line 773]
Event: 1500.014 Thread 0x000002be9ea3c800 Exception <a 'java/lang/NoSuchMethodError'{0x0000000090359ea8}: 'void java.lang.invoke.DirectMethodHandle$Holder.invokeSpecial(java.lang.Object, java.lang.Object, int, java.lang.Object, java.lang.Object, java.lang.Object, java.lang.Object)'> (0x0000000090359ea8) thrown at [./src/hotspot/share/interpreter/linkResolver.cpp, line 773]
Event: 1500.016 Thread 0x000002be9ea3c800 Exception <a 'java/lang/NoSuchMethodError'{0x000000008ff97170}: 'java.lang.Object java.lang.invoke.Invokers$Holder.linkToTargetMethod(java.lang.Object, int, java.lang.Object, java.lang.Object, java.lang.Object, java.lang.Object)'> (0x000000008ff97170) thrown at [./src/hotspot/share/interpreter/linkResolver.cpp, line 773]
Event: 1500.017 Thread 0x000002be9ea3c800 Exception <a 'java/lang/NoSuchMethodError'{0x000000008ff9be18}: 'void java.lang.invoke.DirectMethodHandle$Holder.invokeSpecial(java.lang.Object, java.lang.Object, java.lang.Object, java.lang.Object, java.lang.Object, java.lang.Object, java.lang.Object, java.lang.Object, java.lang.Object)'> (0x000000008ff9be18) thrown at [./src/hotspot/share/interpreter/linkResolver.cpp, line 773]
Event: 1500.022 Thread 0x000002be9ea3c800 Exception <a 'java/lang/NoSuchMethodError'{0x000000008ffba560}: 'void java.lang.invoke.DirectMethodHandle$Holder.invokeStatic(java.lang.Object, java.lang.Object, java.lang.Object, java.lang.Object, java.lang.Object, java.lang.Object, java.lang.Object, java.lang.Object)'> (0x000000008ffba560) thrown at [./src/hotspot/share/interpreter/linkResolver.cpp, line 773]
Event: 1500.402 Thread 0x000002be9ea3c800 Exception <a 'java/lang/IncompatibleClassChangeError'{0x000000008e3780f8}: Found class java.lang.Object, but interface was expected> (0x000000008e3780f8) thrown at [./src/hotspot/share/interpreter/linkResolver.cpp, line 839]
Event: 1500.878 Thread 0x000002be9ea3c800 Exception <a 'java/lang/NoSuchMethodError'{0x000000008f0ec2c0}: 'void java.lang.invoke.DirectMethodHandle$Holder.invokeVirtual(java.lang.Object, java.lang.Object, int)'> (0x000000008f0ec2c0) thrown at [./src/hotspot/share/interpreter/linkResolver.cpp, line 773]
Event: 1501.060 Thread 0x000002be9ea3c800 Exception <a 'sun/nio/fs/WindowsException'{0x000000008e141390}> (0x000000008e141390) thrown at [./src/hotspot/share/prims/jni.cpp, line 615]
Event: 1502.094 Thread 0x000002be9ea3c800 Exception <a 'sun/nio/fs/WindowsException'{0x000000008f3e5ee0}> (0x000000008f3e5ee0) thrown at [./src/hotspot/share/prims/jni.cpp, line 615]
Event: 1502.819 Thread 0x000002be9ea3c800 Implicit null exception at 0x000002be8d7225c8 to 0x000002be8d72807c
Event: 1504.679 Thread 0x000002be9ea3c800 Exception <a 'sun/nio/fs/WindowsException'{0x000000008e926000}> (0x000000008e926000) thrown at [./src/hotspot/share/prims/jni.cpp, line 615]
Event: 1506.242 Thread 0x000002be9ea3c800 Exception <a 'sun/nio/fs/WindowsException'{0x000000008ec23788}> (0x000000008ec23788) thrown at [./src/hotspot/share/prims/jni.cpp, line 615]
Event: 1508.702 Thread 0x000002be9ea3c800 Implicit null exception at 0x000002be8d7c7717 to 0x000002be8d7cada0
Event: 1509.294 Thread 0x000002be9ea36000 Implicit null exception at 0x000002be8d7742a4 to 0x000002be8d7752cc

Events (20 events):
Event: 1509.605 Executing VM operation: G1CollectForAllocation done
Event: 1509.962 Executing VM operation: G1CollectForAllocation
Event: 1509.982 Executing VM operation: G1CollectForAllocation done
Event: 1510.308 loading class com/android/tools/r8/code/K2
Event: 1510.308 loading class com/android/tools/r8/code/K2 done
Event: 1510.309 loading class com/android/tools/r8/code/J2
Event: 1510.309 loading class com/android/tools/r8/code/J2 done
Event: 1510.312 loading class com/android/tools/r8/internal/st
Event: 1510.312 loading class com/android/tools/r8/internal/st done
Event: 1510.491 Executing VM operation: G1CollectForAllocation
Event: 1510.502 Executing VM operation: G1CollectForAllocation done
Event: 1510.882 Executing VM operation: G1CollectForAllocation
Event: 1510.892 Executing VM operation: G1CollectForAllocation done
Event: 1511.374 Executing VM operation: G1CollectForAllocation
Event: 1511.389 Executing VM operation: G1CollectForAllocation done
Event: 1511.790 Executing VM operation: G1CollectForAllocation
Event: 1511.802 Executing VM operation: G1CollectForAllocation done
Event: 1512.156 loading class com/android/tools/r8/internal/X$i$a
Event: 1512.156 loading class com/android/tools/r8/internal/X$i$a done
Event: 1512.186 Executing VM operation: G1CollectForAllocation


Dynamic libraries:
0x00007ff7d6d80000 - 0x00007ff7d6d8a000 	C:\Program Files\Android\Android Studio\jre\bin\java.exe
0x00007ffdfa110000 - 0x00007ffdfa305000 	C:\WINDOWS\SYSTEM32\ntdll.dll
0x00007ffdf9730000 - 0x00007ffdf97ed000 	C:\WINDOWS\System32\KERNEL32.DLL
0x00007ffdf7c70000 - 0x00007ffdf7f39000 	C:\WINDOWS\System32\KERNELBASE.dll
0x00007ffdf50a0000 - 0x00007ffdf5130000 	C:\WINDOWS\SYSTEM32\apphelp.dll
0x00007ffdf7870000 - 0x00007ffdf7970000 	C:\WINDOWS\System32\ucrtbase.dll
0x00007ffddea60000 - 0x00007ffddea77000 	C:\Program Files\Android\Android Studio\jre\bin\VCRUNTIME140.dll
0x00007ffddea40000 - 0x00007ffddea59000 	C:\Program Files\Android\Android Studio\jre\bin\jli.dll
0x00007ffdf8430000 - 0x00007ffdf85d0000 	C:\WINDOWS\System32\USER32.dll
0x00007ffdf7840000 - 0x00007ffdf7862000 	C:\WINDOWS\System32\win32u.dll
0x00007ffdf8bf0000 - 0x00007ffdf8c1a000 	C:\WINDOWS\System32\GDI32.dll
0x00007ffdf7a00000 - 0x00007ffdf7b0b000 	C:\WINDOWS\System32\gdi32full.dll
0x00007ffdf80d0000 - 0x00007ffdf816d000 	C:\WINDOWS\System32\msvcp_win.dll
0x00007ffddf480000 - 0x00007ffddf71a000 	C:\WINDOWS\WinSxS\amd64_microsoft.windows.common-controls_6595b64144ccf1df_6.0.19041.1110_none_60b5254171f9507e\COMCTL32.dll
0x00007ffdf85d0000 - 0x00007ffdf866e000 	C:\WINDOWS\System32\msvcrt.dll
0x00007ffdf8b40000 - 0x00007ffdf8b70000 	C:\WINDOWS\System32\IMM32.DLL
0x00007ffddd600000 - 0x00007ffddd69d000 	C:\Program Files\Android\Android Studio\jre\bin\msvcp140.dll
0x00007ffdc4270000 - 0x00007ffdc4d3f000 	C:\Program Files\Android\Android Studio\jre\bin\server\jvm.dll
0x00007ffdf8670000 - 0x00007ffdf871c000 	C:\WINDOWS\System32\ADVAPI32.dll
0x00007ffdf9d70000 - 0x00007ffdf9e0b000 	C:\WINDOWS\System32\sechost.dll
0x00007ffdf9e70000 - 0x00007ffdf9f9a000 	C:\WINDOWS\System32\RPCRT4.dll
0x00007ffdf87b0000 - 0x00007ffdf87b8000 	C:\WINDOWS\System32\PSAPI.DLL
0x00007ffde63b0000 - 0x00007ffde63d7000 	C:\WINDOWS\SYSTEM32\WINMM.dll
0x00007ffdf3560000 - 0x00007ffdf3569000 	C:\WINDOWS\SYSTEM32\WSOCK32.dll
0x00007ffdf96c0000 - 0x00007ffdf972b000 	C:\WINDOWS\System32\WS2_32.dll
0x00007ffdec6e0000 - 0x00007ffdec6ea000 	C:\WINDOWS\SYSTEM32\VERSION.dll
0x00007ffdf5750000 - 0x00007ffdf5762000 	C:\WINDOWS\SYSTEM32\kernel.appcore.dll
0x00007ffddba80000 - 0x00007ffddba91000 	C:\Program Files\Android\Android Studio\jre\bin\verify.dll
0x00007ffdea850000 - 0x00007ffdeaa34000 	C:\WINDOWS\SYSTEM32\DBGHELP.DLL
0x00007ffdea7c0000 - 0x00007ffdea7ec000 	C:\WINDOWS\SYSTEM32\dbgcore.DLL
0x00007ffdf7970000 - 0x00007ffdf79f3000 	C:\WINDOWS\System32\bcryptPrimitives.dll
0x00007ffdd8ba0000 - 0x00007ffdd8bc9000 	C:\Program Files\Android\Android Studio\jre\bin\java.dll
0x00007ffdf3540000 - 0x00007ffdf354b000 	C:\Program Files\Android\Android Studio\jre\bin\jimage.dll
0x00007ffdd8b80000 - 0x00007ffdd8b98000 	C:\Program Files\Android\Android Studio\jre\bin\zip.dll
0x00007ffdf8f80000 - 0x00007ffdf96bf000 	C:\WINDOWS\System32\SHELL32.dll
0x00007ffdf5950000 - 0x00007ffdf60e0000 	C:\WINDOWS\SYSTEM32\windows.storage.dll
0x00007ffdf8c20000 - 0x00007ffdf8f75000 	C:\WINDOWS\System32\combase.dll
0x00007ffdf71d0000 - 0x00007ffdf71fc000 	C:\WINDOWS\SYSTEM32\Wldp.dll
0x00007ffdf8170000 - 0x00007ffdf821e000 	C:\WINDOWS\System32\SHCORE.dll
0x00007ffdf9e10000 - 0x00007ffdf9e65000 	C:\WINDOWS\System32\shlwapi.dll
0x00007ffdf7780000 - 0x00007ffdf779f000 	C:\WINDOWS\SYSTEM32\profapi.dll
0x00007ffdd8b60000 - 0x00007ffdd8b7a000 	C:\Program Files\Android\Android Studio\jre\bin\net.dll
0x00007ffdeeb60000 - 0x00007ffdeec68000 	C:\WINDOWS\SYSTEM32\WINHTTP.dll
0x00007ffdf6f30000 - 0x00007ffdf6f9a000 	C:\WINDOWS\system32\mswsock.dll
0x00007ffdd8a20000 - 0x00007ffdd8a34000 	C:\Program Files\Android\Android Studio\jre\bin\nio.dll
0x00007ffdcec80000 - 0x00007ffdceca7000 	C:\Users\User\.gradle\native\8bec1ad78214c89d9ad589b4d07fe93259594b29d510b10fafb7a158f7737e5d\windows-amd64\native-platform.dll
0x00007ffdceb40000 - 0x00007ffdcec7d000 	C:\Users\User\.gradle\native\53dbd7edfb1c66fb8903c78663c9afc45aea4f116125fa6feffd364cf09443e8\windows-amd64\native-platform-file-events.dll
0x00007ffdd8e70000 - 0x00007ffdd8e7a000 	C:\Program Files\Android\Android Studio\jre\bin\management.dll
0x00007ffdd8a10000 - 0x00007ffdd8a1c000 	C:\Program Files\Android\Android Studio\jre\bin\management_ext.dll
0x00007ffdf7130000 - 0x00007ffdf7148000 	C:\WINDOWS\SYSTEM32\CRYPTSP.dll
0x00007ffdf68b0000 - 0x00007ffdf68e4000 	C:\WINDOWS\system32\rsaenh.dll
0x00007ffdf7f40000 - 0x00007ffdf7f67000 	C:\WINDOWS\System32\bcrypt.dll
0x00007ffdf7740000 - 0x00007ffdf776e000 	C:\WINDOWS\SYSTEM32\USERENV.dll
0x00007ffdf7120000 - 0x00007ffdf712c000 	C:\WINDOWS\SYSTEM32\CRYPTBASE.dll
0x00007ffdf6c20000 - 0x00007ffdf6c5b000 	C:\WINDOWS\SYSTEM32\IPHLPAPI.DLL
0x00007ffdf9860000 - 0x00007ffdf9868000 	C:\WINDOWS\System32\NSI.dll
0x00007ffdef740000 - 0x00007ffdef757000 	C:\WINDOWS\SYSTEM32\dhcpcsvc6.DLL
0x00007ffdef720000 - 0x00007ffdef73d000 	C:\WINDOWS\SYSTEM32\dhcpcsvc.DLL
0x00007ffdf6c60000 - 0x00007ffdf6d2c000 	C:\WINDOWS\SYSTEM32\DNSAPI.dll
0x00007ffddc6f0000 - 0x00007ffddc717000 	C:\Program Files\Android\Android Studio\jre\bin\sunec.dll
0x00007ffdee200000 - 0x00007ffdee20a000 	C:\Windows\System32\rasadhlp.dll
0x00007ffdedfa0000 - 0x00007ffdee01f000 	C:\WINDOWS\System32\fwpuclnt.dll
0x00007ffdf6540000 - 0x00007ffdf6573000 	C:\WINDOWS\SYSTEM32\ntmarta.dll

dbghelp: loaded successfully - version: 4.0.5 - missing functions: none
symbol engine: initialized successfully - sym options: 0x614 - pdb path: .;C:\Program Files\Android\Android Studio\jre\bin;C:\WINDOWS\SYSTEM32;C:\WINDOWS\WinSxS\amd64_microsoft.windows.common-controls_6595b64144ccf1df_6.0.19041.1110_none_60b5254171f9507e;C:\Program Files\Android\Android Studio\jre\bin\server;C:\Users\User\.gradle\native\8bec1ad78214c89d9ad589b4d07fe93259594b29d510b10fafb7a158f7737e5d\windows-amd64;C:\Users\User\.gradle\native\53dbd7edfb1c66fb8903c78663c9afc45aea4f116125fa6feffd364cf09443e8\windows-amd64

VM Arguments:
jvm_args: --add-opens=java.base/java.util=ALL-UNNAMED --add-opens=java.base/java.lang=ALL-UNNAMED --add-opens=java.base/java.lang.invoke=ALL-UNNAMED --add-opens=java.base/java.util=ALL-UNNAMED --add-opens=java.prefs/java.util.prefs=ALL-UNNAMED --add-opens=java.prefs/java.util.prefs=ALL-UNNAMED --add-opens=java.base/java.nio.charset=ALL-UNNAMED --add-opens=java.base/java.net=ALL-UNNAMED --add-opens=java.base/java.util.concurrent.atomic=ALL-UNNAMED -Xmx2048m -Dfile.encoding=UTF-8 -Duser.country=UA -Duser.language=uk -Duser.variant 
java_command: org.gradle.launcher.daemon.bootstrap.GradleDaemon 7.0.2
java_class_path (initial): C:\Users\User\.gradle\wrapper\dists\gradle-7.0.2-bin\857tjihv64xamwrf0h14cai3r\gradle-7.0.2\lib\gradle-launcher-7.0.2.jar
Launcher Type: SUN_STANDARD

[Global flags]
     intx CICompilerCount                          = 3                                         {product} {ergonomic}
     uint ConcGCThreads                            = 1                                         {product} {ergonomic}
     uint G1ConcRefinementThreads                  = 4                                         {product} {ergonomic}
   size_t G1HeapRegionSize                         = 1048576                                   {product} {ergonomic}
    uintx GCDrainStackTargetSize                   = 64                                        {product} {ergonomic}
   size_t InitialHeapSize                          = 134217728                                 {product} {ergonomic}
   size_t MarkStackSize                            = 4194304                                   {product} {ergonomic}
   size_t MaxHeapSize                              = 2147483648                                {product} {command line}
   size_t MaxNewSize                               = 1287651328                                {product} {ergonomic}
   size_t MinHeapDeltaBytes                        = 1048576                                   {product} {ergonomic}
    uintx NonNMethodCodeHeapSize                   = 5830732                                {pd product} {ergonomic}
    uintx NonProfiledCodeHeapSize                  = 122913754                              {pd product} {ergonomic}
    uintx ProfiledCodeHeapSize                     = 122913754                              {pd product} {ergonomic}
    uintx ReservedCodeCacheSize                    = 251658240                              {pd product} {ergonomic}
     bool SegmentedCodeCache                       = true                                      {product} {ergonomic}
     bool UseCompressedClassPointers               = true                                 {lp64_product} {ergonomic}
     bool UseCompressedOops                        = true                                 {lp64_product} {ergonomic}
     bool UseG1GC                                  = true                                      {product} {ergonomic}
     bool UseLargePagesIndividualAllocation        = false                                  {pd product} {ergonomic}

Logging:
Log output configuration:
 #0: stdout all=warning uptime,level,tags
 #1: stderr all=off uptime,level,tags

Environment Variables:
PATH=C:\Program Files (x86)\Common Files\Oracle\Java\javapath;C:\ProgramData\Oracle\Java\javapath;C:\WINDOWS\system32;C:\WINDOWS;C:\WINDOWS\System32\Wbem;C:\WINDOWS\System32\WindowsPowerShell\v1.0\;C:\WINDOWS\System32\OpenSSH\;E:\Programs\Git\cmd;C:\Users\User\AppData\Roaming\npm;C:\Program Files\Java\jdk1.8.0_161\bin;C:\Program Files\Java\jre1.8.0_171\bin;C:\Program Files\Android\Android Studio\gradle\gradle-4.4\bin;E:\sdk and gradle\tools\bin;E:\sdk and gradle\gradle-5.2\bin;E:\PYTHON\Scripts\;E:\PYTHON\;C:\Users\User\AppData\Local\Microsoft\WindowsApps;C:\Users\User\AppData\Local\gitkraken\bin
USERNAME=User
OS=Windows_NT
PROCESSOR_IDENTIFIER=Intel64 Family 6 Model 58 Stepping 9, GenuineIntel



---------------  S Y S T E M  ---------------

OS: Windows 10 , 64 bit Build 19041 (10.0.19041.1151)
OS uptime: 0 days 1:54 hours

CPU:total 4 (initial active 4) (2 cores per cpu, 2 threads per core) family 6 model 58 stepping 9 microcode 0x21, cmov, cx8, fxsr, mmx, sse, sse2, sse3, ssse3, sse4.1, sse4.2, popcnt, avx, clmul, erms, ht, tsc, tscinvbit, tscinv

Memory: 4k page, system-wide physical 8065M (258M free)
TotalPageFile size 10065M (AvailPageFile size 36M)
current process WorkingSet (physical memory assigned to process): 645M, peak: 645M
current process commit charge ("private bytes"): 782M, peak: 835M

vm_info: OpenJDK 64-Bit Server VM (11.0.10+0-b96-7249189) for windows-amd64 JRE (11.0.10+0-b96-7249189), built on Mar 31 2021 21:44:00 by "builder" with MS VC++ 14.0 (VS2015)

END.
