#
# There is insufficient memory for the Java Runtime Environment to continue.
# Native memory allocation (mmap) failed to map 234881024 bytes for Failed to commit area from 0x0000000094400000 to 0x00000000a2400000 of length 234881024.
# Possible reasons:
#   The system is out of physical RAM or swap space
#   The process is running with CompressedOops enabled, and the Java Heap may be blocking the growth of the native heap
# Possible solutions:
#   Reduce memory load on the system
#   Increase physical memory or swap space
#   Check if swap backing store is full
#   Decrease Java heap size (-Xmx/-Xms)
#   Decrease number of Java threads
#   Decrease Java thread stack sizes (-Xss)
#   Set larger code cache with -XX:ReservedCodeCacheSize=
#   JVM is running with Unscaled Compressed Oops mode in which the Java heap is
#     placed in the first 4GB address space. The Java Heap base address is the
#     maximum limit for the native heap growth. Please use -XX:HeapBaseMinAddress
#     to set the Java Heap base and to place the Java Heap above 4GB virtual address.
# This output file may be truncated or incomplete.
#
#  Out of Memory Error (./src/hotspot/os/windows/os_windows.cpp:3301), pid=1948, tid=2180
#
# JRE version: OpenJDK Runtime Environment (11.0.10) (build 11.0.10+0-b96-7249189)
# Java VM: OpenJDK 64-Bit Server VM (11.0.10+0-b96-7249189, mixed mode, tiered, compressed oops, g1 gc, windows-amd64)
# No core dump will be written. Minidumps are not enabled by default on client versions of Windows
#

---------------  S U M M A R Y ------------

Command Line: --add-opens=java.base/java.util=ALL-UNNAMED --add-opens=java.base/java.lang=ALL-UNNAMED --add-opens=java.base/java.lang.invoke=ALL-UNNAMED --add-opens=java.base/java.util=ALL-UNNAMED --add-opens=java.prefs/java.util.prefs=ALL-UNNAMED --add-opens=java.prefs/java.util.prefs=ALL-UNNAMED --add-opens=java.base/java.nio.charset=ALL-UNNAMED --add-opens=java.base/java.net=ALL-UNNAMED --add-opens=java.base/java.util.concurrent.atomic=ALL-UNNAMED -Xmx2048m -Dfile.encoding=UTF-8 -Duser.country=UA -Duser.language=uk -Duser.variant org.gradle.launcher.daemon.bootstrap.GradleDaemon 7.0.2

Host: Intel(R) Core(TM) i3-3110M CPU @ 2.40GHz, 4 cores, 7G,  Windows 10 , 64 bit Build 19041 (10.0.19041.1151)
Time: Tue Aug 17 19:56:28 2021 Ô³íëÿíä³ÿ (ë³òî) elapsed time: 10702.590891 seconds (0d 2h 58m 22s)

---------------  T H R E A D  ---------------

Current thread (0x0000022de9ba5800):  VMThread "VM Thread" [stack: 0x000000e0b2300000,0x000000e0b2400000] [id=2180]

Stack: [0x000000e0b2300000,0x000000e0b2400000]
[error occurred during error reporting (printing stack bounds), id 0xc0000005, EXCEPTION_ACCESS_VIOLATION (0xc0000005) at pc=0x0000022dd3ac0f2d]

Native frames: (J=compiled Java code, j=interpreted, Vv=VM code, C=native code)
V  [jvm.dll+0x5ecfaa]
V  [jvm.dll+0x722bd5]
V  [jvm.dll+0x72412d]
V  [jvm.dll+0x724745]
V  [jvm.dll+0x7246fb]
V  [jvm.dll+0x5ec348]
V  [jvm.dll+0x5ecad8]
C  [ntdll.dll+0xa217f]
C  [ntdll.dll+0x51454]
C  [ntdll.dll+0xa0cae]
C  0x0000022dd3ac0f2d

VM_Operation (0x000000e0b7bfe210): G1CollectForAllocation, mode: safepoint, requested by thread 0x0000022dfe336000


---------------  P R O C E S S  ---------------

Threads class SMR info:
_java_thread_list=0x0000022def948190, length=88, elements={
0x0000022dcffd7000, 0x0000022de9ba9800, 0x0000022de9baf000, 0x0000022de9bcb800,
0x0000022de9bcd800, 0x0000022de9bce800, 0x0000022de9bdb800, 0x0000022de9bdc800,
0x0000022de9bea800, 0x0000022dea6ad000, 0x0000022deba14800, 0x0000022dea8ed000,
0x0000022debb34000, 0x0000022decd12800, 0x0000022decd11800, 0x0000022decd13000,
0x0000022decd0d800, 0x0000022decd10000, 0x0000022deac8e800, 0x0000022deac92800,
0x0000022deac8e000, 0x0000022deac8d000, 0x0000022deac91000, 0x0000022deac98800,
0x0000022deac9b000, 0x0000022defd59800, 0x0000022defd57000, 0x0000022defd56800,
0x0000022df460c000, 0x0000022df4606800, 0x0000022df460f800, 0x0000022df4612000,
0x0000022defd5d000, 0x0000022defd58800, 0x0000022df4610000, 0x0000022defd61800,
0x0000022df4612800, 0x0000022deac95000, 0x0000022df4604800, 0x0000022df18be000,
0x0000022df18c0000, 0x0000022df18bd800, 0x0000022df18bc800, 0x0000022deac96800,
0x0000022df460a800, 0x0000022defd60000, 0x0000022df18b7000, 0x0000022df18bb800,
0x0000022defd61000, 0x0000022df4609000, 0x0000022df460b000, 0x0000022df4608000,
0x0000022deac97800, 0x0000022decd14000, 0x0000022decd0e800, 0x0000022decd0f000,
0x0000022decd11000, 0x0000022df18b2000, 0x0000022df18b6000, 0x0000022df18b1000,
0x0000022df18b7800, 0x0000022df18b8800, 0x0000022df18b9800, 0x0000022df18b3800,
0x0000022df18ba000, 0x0000022df18bb000, 0x0000022df18bf000, 0x0000022defd5d800,
0x0000022defd5c000, 0x0000022defd62800, 0x0000022defd5e800, 0x0000022defd63800,
0x0000022deac90000, 0x0000022deac8f800, 0x0000022deac99000, 0x0000022deac9a000,
0x0000022df4605800, 0x0000022df460d000, 0x0000022df460e800, 0x0000022df18b4800,
0x0000022dfe334800, 0x0000022dfe33a000, 0x0000022dfe338800, 0x0000022dfe339800,
0x0000022dfe33c000, 0x0000022dfe336000, 0x0000022dfe33b000, 0x0000022dfe33c800
}

Java Threads: ( => current thread )
  0x0000022dcffd7000 JavaThread "main" [_thread_blocked, id=8664, stack(0x000000e0b1d00000,0x000000e0b1e00000)]
  0x0000022de9ba9800 JavaThread "Reference Handler" daemon [_thread_blocked, id=5172, stack(0x000000e0b2400000,0x000000e0b2500000)]
  0x0000022de9baf000 JavaThread "Finalizer" daemon [_thread_blocked, id=8832, stack(0x000000e0b2500000,0x000000e0b2600000)]
  0x0000022de9bcb800 JavaThread "Signal Dispatcher" daemon [_thread_blocked, id=10412, stack(0x000000e0b2600000,0x000000e0b2700000)]
  0x0000022de9bcd800 JavaThread "Attach Listener" daemon [_thread_blocked, id=3964, stack(0x000000e0b2700000,0x000000e0b2800000)]
  0x0000022de9bce800 JavaThread "Service Thread" daemon [_thread_blocked, id=8200, stack(0x000000e0b2800000,0x000000e0b2900000)]
  0x0000022de9bdb800 JavaThread "C2 CompilerThread0" daemon [_thread_blocked, id=4156, stack(0x000000e0b2900000,0x000000e0b2a00000)]
  0x0000022de9bdc800 JavaThread "C1 CompilerThread0" daemon [_thread_blocked, id=2416, stack(0x000000e0b2a00000,0x000000e0b2b00000)]
  0x0000022de9bea800 JavaThread "Sweeper thread" daemon [_thread_blocked, id=10944, stack(0x000000e0b2b00000,0x000000e0b2c00000)]
  0x0000022dea6ad000 JavaThread "Common-Cleaner" daemon [_thread_blocked, id=6688, stack(0x000000e0b2c00000,0x000000e0b2d00000)]
  0x0000022deba14800 JavaThread "Daemon health stats" [_thread_blocked, id=10540, stack(0x000000e0b3100000,0x000000e0b3200000)]
  0x0000022dea8ed000 JavaThread "Incoming local TCP Connector on port 56713" [_thread_in_native, id=9004, stack(0x000000e0b2e00000,0x000000e0b2f00000)]
  0x0000022debb34000 JavaThread "Daemon periodic checks" [_thread_blocked, id=1428, stack(0x000000e0b3300000,0x000000e0b3400000)]
  0x0000022decd12800 JavaThread "Cache worker for file hash cache (C:\Users\User\.gradle\caches\7.0.2\fileHashes)" [_thread_blocked, id=5584, stack(0x000000e0b3c00000,0x000000e0b3d00000)]
  0x0000022decd11800 JavaThread "File lock request listener" [_thread_in_native, id=9716, stack(0x000000e0b3d00000,0x000000e0b3e00000)]
  0x0000022decd13000 JavaThread "Cache worker for journal cache (C:\Users\User\.gradle\caches\journal-1)" [_thread_blocked, id=8348, stack(0x000000e0b3200000,0x000000e0b3300000)]
  0x0000022decd0d800 JavaThread "File watcher server" daemon [_thread_blocked, id=7340, stack(0x000000e0b4000000,0x000000e0b4100000)]
  0x0000022decd10000 JavaThread "File watcher consumer" daemon [_thread_blocked, id=10676, stack(0x000000e0b4100000,0x000000e0b4200000)]
  0x0000022deac8e800 JavaThread "Cache worker for execution history cache (C:\Users\User\.gradle\caches\7.0.2\executionHistory)" [_thread_blocked, id=9212, stack(0x000000e0b4500000,0x000000e0b4600000)]
  0x0000022deac92800 JavaThread "jar transforms" [_thread_blocked, id=2712, stack(0x000000e0b4600000,0x000000e0b4700000)]
  0x0000022deac8e000 JavaThread "jar transforms Thread 2" [_thread_blocked, id=9152, stack(0x000000e0b4700000,0x000000e0b4800000)]
  0x0000022deac8d000 JavaThread "Cache worker for file content cache (C:\Users\User\.gradle\caches\7.0.2\fileContent)" [_thread_blocked, id=3040, stack(0x000000e0b4800000,0x000000e0b4900000)]
  0x0000022deac91000 JavaThread "jar transforms Thread 3" [_thread_blocked, id=2192, stack(0x000000e0b4a00000,0x000000e0b4b00000)]
  0x0000022deac98800 JavaThread "jar transforms Thread 4" [_thread_blocked, id=9596, stack(0x000000e0b5000000,0x000000e0b5100000)]
  0x0000022deac9b000 JavaThread "Memory manager" [_thread_blocked, id=9464, stack(0x000000e0b5100000,0x000000e0b5200000)]
  0x0000022defd59800 JavaThread "pool-3-thread-1" [_thread_blocked, id=7948, stack(0x000000e0b5200000,0x000000e0b5300000)]
  0x0000022defd57000 JavaThread "Cache worker for Java compile cache (C:\Users\User\.gradle\caches\7.0.2\javaCompile)" [_thread_blocked, id=1172, stack(0x000000e0b5a00000,0x000000e0b5b00000)]
  0x0000022defd56800 JavaThread "pool-7-thread-1" [_thread_blocked, id=2340, stack(0x000000e0b4f00000,0x000000e0b5000000)]
  0x0000022df460c000 JavaThread "pool-11-thread-1" [_thread_blocked, id=2496, stack(0x000000e0b5300000,0x000000e0b5400000)]
  0x0000022df4606800 JavaThread "pool-15-thread-1" [_thread_blocked, id=6116, stack(0x000000e0b5400000,0x000000e0b5500000)]
  0x0000022df460f800 JavaThread "pool-19-thread-1" [_thread_blocked, id=4444, stack(0x000000e0b5500000,0x000000e0b5600000)]
  0x0000022df4612000 JavaThread "pool-23-thread-1" [_thread_blocked, id=6528, stack(0x000000e0b5600000,0x000000e0b5700000)]
  0x0000022defd5d000 JavaThread "pool-27-thread-1" [_thread_blocked, id=5684, stack(0x000000e0b5700000,0x000000e0b5800000)]
  0x0000022defd58800 JavaThread "pool-31-thread-1" [_thread_blocked, id=6100, stack(0x000000e0b4d00000,0x000000e0b4e00000)]
  0x0000022df4610000 JavaThread "pool-34-thread-1" [_thread_blocked, id=7356, stack(0x000000e0b4e00000,0x000000e0b4f00000)]
  0x0000022defd61800 JavaThread "pool-37-thread-1" [_thread_blocked, id=6312, stack(0x000000e0b5d00000,0x000000e0b5e00000)]
  0x0000022df4612800 JavaThread "pool-40-thread-1" [_thread_blocked, id=1936, stack(0x000000e0b5c00000,0x000000e0b5d00000)]
  0x0000022deac95000 JavaThread "pool-43-thread-1" [_thread_blocked, id=6920, stack(0x000000e0b5f00000,0x000000e0b6000000)]
  0x0000022df4604800 JavaThread "pool-48-thread-1" [_thread_blocked, id=4364, stack(0x000000e0b5e00000,0x000000e0b5f00000)]
  0x0000022df18be000 JavaThread "pool-53-thread-1" [_thread_blocked, id=4276, stack(0x000000e0b6000000,0x000000e0b6100000)]
  0x0000022df18c0000 JavaThread "pool-58-thread-1" [_thread_blocked, id=6232, stack(0x000000e0b6100000,0x000000e0b6200000)]
  0x0000022df18bd800 JavaThread "pool-63-thread-1" [_thread_blocked, id=11188, stack(0x000000e0b6200000,0x000000e0b6300000)]
  0x0000022df18bc800 JavaThread "pool-68-thread-1" [_thread_blocked, id=5300, stack(0x000000e0b5900000,0x000000e0b5a00000)]
  0x0000022deac96800 JavaThread "ForkJoinPool.commonPool-worker-3" daemon [_thread_blocked, id=9908, stack(0x000000e0b7000000,0x000000e0b7100000)]
  0x0000022df460a800 JavaThread "pool-73-thread-1" [_thread_blocked, id=3956, stack(0x000000e0b5b00000,0x000000e0b5c00000)]
  0x0000022defd60000 JavaThread "pool-78-thread-1" [_thread_blocked, id=4072, stack(0x000000e0b6300000,0x000000e0b6400000)]
  0x0000022df18b7000 JavaThread "pool-82-thread-1" [_thread_blocked, id=2204, stack(0x000000e0b6400000,0x000000e0b6500000)]
  0x0000022df18bb800 JavaThread "pool-87-thread-1" [_thread_blocked, id=8804, stack(0x000000e0b5800000,0x000000e0b5900000)]
  0x0000022defd61000 JavaThread "pool-90-thread-1" [_thread_blocked, id=5560, stack(0x000000e0b6500000,0x000000e0b6600000)]
  0x0000022df4609000 JavaThread "pool-93-thread-1" [_thread_blocked, id=8692, stack(0x000000e0b6700000,0x000000e0b6800000)]
  0x0000022df460b000 JavaThread "Daemon Thread 15" [_thread_blocked, id=728, stack(0x000000e0b1a00000,0x000000e0b1b00000)]
  0x0000022df4608000 JavaThread "Daemon worker Thread 15" [_thread_blocked, id=120, stack(0x000000e0b3400000,0x000000e0b3500000)]
  0x0000022deac97800 JavaThread "pool-96-thread-1" [_thread_blocked, id=6992, stack(0x000000e0b6800000,0x000000e0b6900000)]
  0x0000022decd14000 JavaThread "pool-99-thread-1" [_thread_blocked, id=6520, stack(0x000000e0b6600000,0x000000e0b6700000)]
  0x0000022decd0e800 JavaThread "Handler for socket connection from /127.0.0.1:56713 to /127.0.0.1:54939" [_thread_in_native, id=3088, stack(0x000000e0b1b00000,0x000000e0b1c00000)]
  0x0000022decd0f000 JavaThread "Cancel handler" [_thread_blocked, id=9224, stack(0x000000e0b1c00000,0x000000e0b1d00000)]
  0x0000022decd11000 JavaThread "Asynchronous log dispatcher for DefaultDaemonConnection: socket connection from /127.0.0.1:56713 to /127.0.0.1:54939" [_thread_blocked, id=4108, stack(0x000000e0b3500000,0x000000e0b3600000)]
  0x0000022df18b2000 JavaThread "Stdin handler" [_thread_blocked, id=724, stack(0x000000e0b3600000,0x000000e0b3700000)]
  0x0000022df18b6000 JavaThread "Daemon client event forwarder" [_thread_blocked, id=7256, stack(0x000000e0b3700000,0x000000e0b3800000)]
  0x0000022df18b1000 JavaThread "Cache worker for file hash cache (C:\AndroidProjects\Cleaner\.gradle\7.0.2\fileHashes)" [_thread_blocked, id=2076, stack(0x000000e0b3800000,0x000000e0b3900000)]
  0x0000022df18b7800 JavaThread "Cache worker for checksums cache (C:\AndroidProjects\Cleaner\.gradle\checksums)" [_thread_blocked, id=5800, stack(0x000000e0b3900000,0x000000e0b3a00000)]
  0x0000022df18b8800 JavaThread "Cache worker for cache directory md-supplier (C:\Users\User\.gradle\caches\7.0.2\md-supplier)" [_thread_blocked, id=8496, stack(0x000000e0b3a00000,0x000000e0b3b00000)]
  0x0000022df18b9800 JavaThread "Cache worker for cache directory md-rule (C:\Users\User\.gradle\caches\7.0.2\md-rule)" [_thread_blocked, id=1240, stack(0x000000e0b3e00000,0x000000e0b3f00000)]
  0x0000022df18b3800 JavaThread "Cache worker for dependencies-accessors (C:\AndroidProjects\Cleaner\.gradle\7.0.2\dependencies-accessors)" [_thread_blocked, id=2804, stack(0x000000e0b3f00000,0x000000e0b4000000)]
  0x0000022df18ba000 JavaThread "Cache worker for Build Output Cleanup Cache (C:\AndroidProjects\Cleaner\.gradle\buildOutputCleanup)" [_thread_blocked, id=9124, stack(0x000000e0b4200000,0x000000e0b4300000)]
  0x0000022df18bb000 JavaThread "Build operations" [_thread_blocked, id=7212, stack(0x000000e0b4400000,0x000000e0b4500000)]
  0x0000022df18bf000 JavaThread "Build operations Thread 2" [_thread_blocked, id=8204, stack(0x000000e0b4900000,0x000000e0b4a00000)]
  0x0000022defd5d800 JavaThread "Build operations Thread 3" [_thread_blocked, id=6332, stack(0x000000e0b4b00000,0x000000e0b4c00000)]
  0x0000022defd5c000 JavaThread "Build operations Thread 4" [_thread_blocked, id=10932, stack(0x000000e0b4c00000,0x000000e0b4d00000)]
  0x0000022defd62800 JavaThread "C2 CompilerThread1" daemon [_thread_in_native, id=3544, stack(0x000000e0b4300000,0x000000e0b4400000)]
  0x0000022defd5e800 JavaThread "build event listener" [_thread_blocked, id=10188, stack(0x000000e0b6900000,0x000000e0b6a00000)]
  0x0000022defd63800 JavaThread "pool-102-thread-1" [_thread_blocked, id=8952, stack(0x000000e0b6a00000,0x000000e0b6b00000)]
  0x0000022deac90000 JavaThread "build event listener" [_thread_blocked, id=8364, stack(0x000000e0b6b00000,0x000000e0b6c00000)]
  0x0000022deac8f800 JavaThread "Execution worker for ':'" [_thread_blocked, id=5472, stack(0x000000e0b6c00000,0x000000e0b6d00000)]
  0x0000022deac99000 JavaThread "Execution worker for ':' Thread 2" [_thread_blocked, id=5948, stack(0x000000e0b6d00000,0x000000e0b6e00000)]
  0x0000022deac9a000 JavaThread "Execution worker for ':' Thread 3" [_thread_blocked, id=8184, stack(0x000000e0b6f00000,0x000000e0b7000000)]
  0x0000022df4605800 JavaThread "Cache worker for execution history cache (C:\AndroidProjects\Cleaner\.gradle\7.0.2\executionHistory)" [_thread_blocked, id=4084, stack(0x000000e0b7100000,0x000000e0b7200000)]
  0x0000022df460d000 JavaThread "WorkerExecutor Queue" [_thread_blocked, id=7124, stack(0x000000e0b7200000,0x000000e0b7300000)]
  0x0000022df460e800 JavaThread "WorkerExecutor Queue Thread 2" [_thread_blocked, id=10292, stack(0x000000e0b7300000,0x000000e0b7400000)]
  0x0000022df18b4800 JavaThread "WorkerExecutor Queue Thread 4" [_thread_blocked, id=3056, stack(0x000000e0b7500000,0x000000e0b7600000)]
  0x0000022dfe334800 JavaThread "WorkerExecutor Queue Thread 5" [_thread_blocked, id=9244, stack(0x000000e0b7600000,0x000000e0b7700000)]
  0x0000022dfe33a000 JavaThread "pool-103-thread-1" [_thread_blocked, id=6892, stack(0x000000e0b7700000,0x000000e0b7800000)]
  0x0000022dfe338800 JavaThread "stderr" [_thread_in_native, id=3260, stack(0x000000e0b7800000,0x000000e0b7900000)]
  0x0000022dfe339800 JavaThread "stdout" [_thread_in_native, id=9720, stack(0x000000e0b7900000,0x000000e0b7a00000)]
  0x0000022dfe33c000 JavaThread "ForkJoinPool-8-worker-3" daemon [_thread_blocked, id=10004, stack(0x000000e0b7a00000,0x000000e0b7b00000)]
  0x0000022dfe336000 JavaThread "ForkJoinPool-8-worker-5" daemon [_thread_blocked, id=7788, stack(0x000000e0b7b00000,0x000000e0b7c00000)]
  0x0000022dfe33b000 JavaThread "ForkJoinPool-8-worker-7" daemon [_thread_blocked, id=5672, stack(0x000000e0b7c00000,0x000000e0b7d00000)]
  0x0000022dfe33c800 JavaThread "ForkJoinPool-8-worker-1" daemon [_thread_blocked, id=4432, stack(0x000000e0b7d00000,0x000000e0b7e00000)]

Other Threads:
=>0x0000022de9ba5800 VMThread "VM Thread" [stack: 0x000000e0b2300000,0x000000e0b2400000] [id=2180]
  0x0000022dea6b8000 WatcherThread [stack: 0x000000e0b2d00000,0x000000e0b2e00000] [id=7876]
  0x0000022dcffef800 GCTaskThread "GC Thread#0" [stack: 0x000000e0b1e00000,0x000000e0b1f00000] [id=4936]
  0x0000022deae65000 GCTaskThread "GC Thread#1" [stack: 0x000000e0b2f00000,0x000000e0b3000000] [id=1928]
  0x0000022deab00000 GCTaskThread "GC Thread#2" [stack: 0x000000e0b3000000,0x000000e0b3100000] [id=2528]
  0x0000022deb0ec800 GCTaskThread "GC Thread#3" [stack: 0x000000e0b3b00000,0x000000e0b3c00000] [id=920]
  0x0000022dd0021800 ConcurrentGCThread "G1 Main Marker" [stack: 0x000000e0b1f00000,0x000000e0b2000000] [id=10572]
  0x0000022dd0022800 ConcurrentGCThread "G1 Conc#0" [stack: 0x000000e0b2000000,0x000000e0b2100000] [id=2708]
  0x0000022dd00a7800 ConcurrentGCThread "G1 Refine#0" [stack: 0x000000e0b2100000,0x000000e0b2200000] [id=1524]
  0x0000022dd00a8800 ConcurrentGCThread "G1 Young RemSet Sampling" [stack: 0x000000e0b2200000,0x000000e0b2300000] [id=4672]

Threads with active compile tasks:
C2 CompilerThread010702617 35844       4       com.android.tools.r8.internal.e8::a (12 bytes)
C2 CompilerThread110702617 35756       4       com.android.tools.r8.code.w1::a (4137 bytes)

VM state:at safepoint (normal execution)

VM Mutex/Monitor currently owned by a thread:  ([mutex/lock_event])
[0x0000022dcffd3620] Threads_lock - owner thread: 0x0000022de9ba5800
[0x0000022dcffd3740] Heap_lock - owner thread: 0x0000022dfe336000

Heap address: 0x0000000080000000, size: 2048 MB, Compressed Oops mode: 32-bit
Narrow klass base: 0x0000000000000000, Narrow klass shift: 3
Compressed class space size: 1073741824 Address: 0x0000000100000000

Heap:
 garbage-first heap   total 561152K, used 251392K [0x0000000080000000, 0x0000000100000000)
  region size 1024K, 6 young (6144K), 6 survivors (6144K)
 Metaspace       used 159985K, capacity 165612K, committed 166508K, reserved 1193984K
  class space    used 19196K, capacity 21075K, committed 21612K, reserved 1048576K
Heap Regions: E=young(eden), S=young(survivor), O=old, HS=humongous(starts), HC=humongous(continues), CS=collection set, F=free, A=archive, TAMS=top-at-mark-start (previous, next)
|   0|0x0000000080000000, 0x0000000080100000, 0x0000000080100000|100%| O|  |TAMS 0x0000000080100000, 0x0000000080100000| Untracked 
|   1|0x0000000080100000, 0x0000000080200000, 0x0000000080200000|100%| O|  |TAMS 0x0000000080200000, 0x0000000080200000| Untracked 
|   2|0x0000000080200000, 0x0000000080300000, 0x0000000080300000|100%| O|  |TAMS 0x0000000080300000, 0x0000000080300000| Untracked 
|   3|0x0000000080300000, 0x0000000080400000, 0x0000000080400000|100%|HS|  |TAMS 0x0000000080400000, 0x0000000080400000| Complete 
|   4|0x0000000080400000, 0x0000000080500000, 0x0000000080500000|100%|HC|  |TAMS 0x0000000080500000, 0x0000000080500000| Complete 
|   5|0x0000000080500000, 0x0000000080600000, 0x0000000080600000|100%|HC|  |TAMS 0x0000000080600000, 0x0000000080600000| Complete 
|   6|0x0000000080600000, 0x0000000080700000, 0x0000000080700000|100%| O|  |TAMS 0x0000000080700000, 0x0000000080700000| Untracked 
|   7|0x0000000080700000, 0x0000000080800000, 0x0000000080800000|100%| O|  |TAMS 0x0000000080800000, 0x0000000080800000| Untracked 
|   8|0x0000000080800000, 0x0000000080900000, 0x0000000080900000|100%| O|  |TAMS 0x0000000080900000, 0x0000000080900000| Untracked 
|   9|0x0000000080900000, 0x0000000080a00000, 0x0000000080a00000|100%| O|  |TAMS 0x0000000080a00000, 0x0000000080a00000| Untracked 
|  10|0x0000000080a00000, 0x0000000080b00000, 0x0000000080b00000|100%| O|  |TAMS 0x0000000080b00000, 0x0000000080b00000| Untracked 
|  11|0x0000000080b00000, 0x0000000080c00000, 0x0000000080c00000|100%| O|  |TAMS 0x0000000080c00000, 0x0000000080c00000| Untracked 
|  12|0x0000000080c00000, 0x0000000080d00000, 0x0000000080d00000|100%| O|  |TAMS 0x0000000080d00000, 0x0000000080d00000| Untracked 
|  13|0x0000000080d00000, 0x0000000080e00000, 0x0000000080e00000|100%| O|  |TAMS 0x0000000080e00000, 0x0000000080e00000| Untracked 
|  14|0x0000000080e00000, 0x0000000080f00000, 0x0000000080f00000|100%| O|  |TAMS 0x0000000080f00000, 0x0000000080f00000| Untracked 
|  15|0x0000000080f00000, 0x0000000081000000, 0x0000000081000000|100%| O|  |TAMS 0x0000000081000000, 0x0000000081000000| Untracked 
|  16|0x0000000081000000, 0x0000000081100000, 0x0000000081100000|100%|HS|  |TAMS 0x0000000081100000, 0x0000000081100000| Complete 
|  17|0x0000000081100000, 0x0000000081200000, 0x0000000081200000|100%| O|  |TAMS 0x0000000081200000, 0x0000000081200000| Untracked 
|  18|0x0000000081200000, 0x0000000081300000, 0x0000000081300000|100%| O|  |TAMS 0x0000000081300000, 0x0000000081300000| Untracked 
|  19|0x0000000081300000, 0x0000000081400000, 0x0000000081400000|100%| O|  |TAMS 0x0000000081400000, 0x0000000081400000| Untracked 
|  20|0x0000000081400000, 0x0000000081500000, 0x0000000081500000|100%| O|  |TAMS 0x0000000081500000, 0x0000000081500000| Untracked 
|  21|0x0000000081500000, 0x0000000081600000, 0x0000000081600000|100%| O|  |TAMS 0x0000000081600000, 0x0000000081600000| Untracked 
|  22|0x0000000081600000, 0x0000000081700000, 0x0000000081700000|100%| O|  |TAMS 0x0000000081700000, 0x0000000081700000| Untracked 
|  23|0x0000000081700000, 0x0000000081800000, 0x0000000081800000|100%|HS|  |TAMS 0x0000000081800000, 0x0000000081800000| Complete 
|  24|0x0000000081800000, 0x0000000081900000, 0x0000000081900000|100%|HS|  |TAMS 0x0000000081900000, 0x0000000081900000| Complete 
|  25|0x0000000081900000, 0x0000000081a00000, 0x0000000081a00000|100%|HC|  |TAMS 0x0000000081a00000, 0x0000000081a00000| Complete 
|  26|0x0000000081a00000, 0x0000000081b00000, 0x0000000081b00000|100%| O|  |TAMS 0x0000000081b00000, 0x0000000081b00000| Untracked 
|  27|0x0000000081b00000, 0x0000000081c00000, 0x0000000081c00000|100%| O|  |TAMS 0x0000000081b00000, 0x0000000081c00000| Untracked 
|  28|0x0000000081c00000, 0x0000000081d00000, 0x0000000081d00000|100%| O|  |TAMS 0x0000000081d00000, 0x0000000081d00000| Untracked 
|  29|0x0000000081d00000, 0x0000000081e00000, 0x0000000081e00000|100%| O|  |TAMS 0x0000000081e00000, 0x0000000081e00000| Untracked 
|  30|0x0000000081e00000, 0x0000000081f00000, 0x0000000081f00000|100%| O|  |TAMS 0x0000000081f00000, 0x0000000081f00000| Untracked 
|  31|0x0000000081f00000, 0x0000000082000000, 0x0000000082000000|100%| O|  |TAMS 0x0000000082000000, 0x0000000082000000| Untracked 
|  32|0x0000000082000000, 0x0000000082100000, 0x0000000082100000|100%| O|  |TAMS 0x0000000082100000, 0x0000000082100000| Untracked 
|  33|0x0000000082100000, 0x0000000082200000, 0x0000000082200000|100%| O|  |TAMS 0x0000000082200000, 0x0000000082200000| Untracked 
|  34|0x0000000082200000, 0x0000000082300000, 0x0000000082300000|100%| O|  |TAMS 0x0000000082300000, 0x0000000082300000| Untracked 
|  35|0x0000000082300000, 0x0000000082400000, 0x0000000082400000|100%| O|  |TAMS 0x0000000082400000, 0x0000000082400000| Untracked 
|  36|0x0000000082400000, 0x0000000082500000, 0x0000000082500000|100%| O|  |TAMS 0x0000000082500000, 0x0000000082500000| Untracked 
|  37|0x0000000082500000, 0x0000000082600000, 0x0000000082600000|100%| O|  |TAMS 0x0000000082600000, 0x0000000082600000| Untracked 
|  38|0x0000000082600000, 0x0000000082700000, 0x0000000082700000|100%| O|  |TAMS 0x0000000082700000, 0x0000000082700000| Untracked 
|  39|0x0000000082700000, 0x0000000082800000, 0x0000000082800000|100%| O|  |TAMS 0x0000000082800000, 0x0000000082800000| Untracked 
|  40|0x0000000082800000, 0x0000000082900000, 0x0000000082900000|100%| O|  |TAMS 0x0000000082900000, 0x0000000082900000| Untracked 
|  41|0x0000000082900000, 0x0000000082a00000, 0x0000000082a00000|100%| O|  |TAMS 0x0000000082a00000, 0x0000000082a00000| Untracked 
|  42|0x0000000082a00000, 0x0000000082b00000, 0x0000000082b00000|100%| O|  |TAMS 0x0000000082b00000, 0x0000000082b00000| Untracked 
|  43|0x0000000082b00000, 0x0000000082c00000, 0x0000000082c00000|100%| O|  |TAMS 0x0000000082c00000, 0x0000000082c00000| Untracked 
|  44|0x0000000082c00000, 0x0000000082d00000, 0x0000000082d00000|100%| O|  |TAMS 0x0000000082c00000, 0x0000000082d00000| Untracked 
|  45|0x0000000082d00000, 0x0000000082e00000, 0x0000000082e00000|100%| O|  |TAMS 0x0000000082d00000, 0x0000000082e00000| Untracked 
|  46|0x0000000082e00000, 0x0000000082f00000, 0x0000000082f00000|100%| O|  |TAMS 0x0000000082f00000, 0x0000000082f00000| Untracked 
|  47|0x0000000082f00000, 0x0000000083000000, 0x0000000083000000|100%| O|  |TAMS 0x0000000083000000, 0x0000000083000000| Untracked 
|  48|0x0000000083000000, 0x0000000083100000, 0x0000000083100000|100%| O|  |TAMS 0x0000000083100000, 0x0000000083100000| Untracked 
|  49|0x0000000083100000, 0x0000000083200000, 0x0000000083200000|100%| O|  |TAMS 0x0000000083200000, 0x0000000083200000| Untracked 
|  50|0x0000000083200000, 0x0000000083300000, 0x0000000083300000|100%| O|  |TAMS 0x0000000083300000, 0x0000000083300000| Untracked 
|  51|0x0000000083300000, 0x0000000083400000, 0x0000000083400000|100%| O|  |TAMS 0x0000000083300000, 0x0000000083400000| Untracked 
|  52|0x0000000083400000, 0x0000000083500000, 0x0000000083500000|100%| O|  |TAMS 0x0000000083500000, 0x0000000083500000| Untracked 
|  53|0x0000000083500000, 0x0000000083600000, 0x0000000083600000|100%| O|  |TAMS 0x0000000083600000, 0x0000000083600000| Untracked 
|  54|0x0000000083600000, 0x0000000083700000, 0x0000000083700000|100%| O|  |TAMS 0x0000000083700000, 0x0000000083700000| Untracked 
|  55|0x0000000083700000, 0x0000000083800000, 0x0000000083800000|100%| O|  |TAMS 0x0000000083800000, 0x0000000083800000| Untracked 
|  56|0x0000000083800000, 0x0000000083900000, 0x0000000083900000|100%| O|  |TAMS 0x000000008384cc00, 0x0000000083900000| Untracked 
|  57|0x0000000083900000, 0x0000000083a00000, 0x0000000083a00000|100%|HS|  |TAMS 0x0000000083900000, 0x0000000083a00000| Complete 
|  58|0x0000000083a00000, 0x0000000083b00000, 0x0000000083b00000|100%|HC|  |TAMS 0x0000000083a00000, 0x0000000083b00000| Complete 
|  59|0x0000000083b00000, 0x0000000083c00000, 0x0000000083c00000|100%| O|  |TAMS 0x0000000083c00000, 0x0000000083c00000| Untracked 
|  60|0x0000000083c00000, 0x0000000083d00000, 0x0000000083d00000|100%| O|  |TAMS 0x0000000083d00000, 0x0000000083d00000| Untracked 
|  61|0x0000000083d00000, 0x0000000083e00000, 0x0000000083e00000|100%| O|  |TAMS 0x0000000083e00000, 0x0000000083e00000| Untracked 
|  62|0x0000000083e00000, 0x0000000083f00000, 0x0000000083f00000|100%| O|  |TAMS 0x0000000083f00000, 0x0000000083f00000| Untracked 
|  63|0x0000000083f00000, 0x0000000084000000, 0x0000000084000000|100%|HS|  |TAMS 0x0000000083f00000, 0x0000000084000000| Complete 
|  64|0x0000000084000000, 0x0000000084100000, 0x0000000084100000|100%|HS|  |TAMS 0x0000000084000000, 0x0000000084100000| Complete 
|  65|0x0000000084100000, 0x0000000084200000, 0x0000000084200000|100%|HS|  |TAMS 0x0000000084100000, 0x0000000084200000| Complete 
|  66|0x0000000084200000, 0x0000000084300000, 0x0000000084300000|100%|HS|  |TAMS 0x0000000084200000, 0x0000000084300000| Complete 
|  67|0x0000000084300000, 0x0000000084400000, 0x0000000084400000|100%| O|  |TAMS 0x0000000084400000, 0x0000000084400000| Untracked 
|  68|0x0000000084400000, 0x0000000084500000, 0x0000000084500000|100%| O|  |TAMS 0x0000000084500000, 0x0000000084500000| Untracked 
|  69|0x0000000084500000, 0x0000000084600000, 0x0000000084600000|100%| O|  |TAMS 0x0000000084500000, 0x0000000084600000| Untracked 
|  70|0x0000000084600000, 0x0000000084700000, 0x0000000084700000|100%| O|  |TAMS 0x0000000084700000, 0x0000000084700000| Untracked 
|  71|0x0000000084700000, 0x0000000084800000, 0x0000000084800000|100%| O|  |TAMS 0x0000000084800000, 0x0000000084800000| Untracked 
|  72|0x0000000084800000, 0x0000000084900000, 0x0000000084900000|100%| O|  |TAMS 0x0000000084900000, 0x0000000084900000| Untracked 
|  73|0x0000000084900000, 0x0000000084a00000, 0x0000000084a00000|100%| O|  |TAMS 0x0000000084a00000, 0x0000000084a00000| Untracked 
|  74|0x0000000084a00000, 0x0000000084b00000, 0x0000000084b00000|100%| O|  |TAMS 0x0000000084b00000, 0x0000000084b00000| Untracked 
|  75|0x0000000084b00000, 0x0000000084c00000, 0x0000000084c00000|100%|HS|  |TAMS 0x0000000084b00000, 0x0000000084c00000| Complete 
|  76|0x0000000084c00000, 0x0000000084d00000, 0x0000000084d00000|100%|HC|  |TAMS 0x0000000084c00000, 0x0000000084d00000| Complete 
|  77|0x0000000084d00000, 0x0000000084e00000, 0x0000000084e00000|100%| O|  |TAMS 0x0000000084e00000, 0x0000000084e00000| Untracked 
|  78|0x0000000084e00000, 0x0000000084f00000, 0x0000000084f00000|100%|HS|  |TAMS 0x0000000084e00000, 0x0000000084f00000| Complete 
|  79|0x0000000084f00000, 0x0000000085000000, 0x0000000085000000|100%| O|  |TAMS 0x0000000085000000, 0x0000000085000000| Untracked 
|  80|0x0000000085000000, 0x0000000085100000, 0x0000000085100000|100%| O|  |TAMS 0x0000000085000000, 0x0000000085100000| Untracked 
|  81|0x0000000085100000, 0x0000000085200000, 0x0000000085200000|100%|HS|  |TAMS 0x0000000085200000, 0x0000000085200000| Complete 
|  82|0x0000000085200000, 0x0000000085300000, 0x0000000085300000|100%|HC|  |TAMS 0x0000000085300000, 0x0000000085300000| Complete 
|  83|0x0000000085300000, 0x0000000085400000, 0x0000000085400000|100%|HC|  |TAMS 0x0000000085400000, 0x0000000085400000| Complete 
|  84|0x0000000085400000, 0x0000000085500000, 0x0000000085500000|100%|HS|  |TAMS 0x0000000085400000, 0x0000000085500000| Complete 
|  85|0x0000000085500000, 0x0000000085600000, 0x0000000085600000|100%| O|  |TAMS 0x0000000085600000, 0x0000000085600000| Untracked 
|  86|0x0000000085600000, 0x0000000085700000, 0x0000000085700000|100%| O|  |TAMS 0x0000000085700000, 0x0000000085700000| Untracked 
|  87|0x0000000085700000, 0x0000000085800000, 0x0000000085800000|100%| O|  |TAMS 0x0000000085700000, 0x0000000085800000| Untracked 
|  88|0x0000000085800000, 0x0000000085900000, 0x0000000085900000|100%| O|  |TAMS 0x0000000085900000, 0x0000000085900000| Untracked 
|  89|0x0000000085900000, 0x0000000085a00000, 0x0000000085a00000|100%| O|  |TAMS 0x0000000085a00000, 0x0000000085a00000| Untracked 
|  90|0x0000000085a00000, 0x0000000085b00000, 0x0000000085b00000|100%|HS|  |TAMS 0x0000000085a00000, 0x0000000085b00000| Complete 
|  91|0x0000000085b00000, 0x0000000085c00000, 0x0000000085c00000|100%| O|  |TAMS 0x0000000085c00000, 0x0000000085c00000| Untracked 
|  92|0x0000000085c00000, 0x0000000085d00000, 0x0000000085d00000|100%| O|  |TAMS 0x0000000085d00000, 0x0000000085d00000| Untracked 
|  93|0x0000000085d00000, 0x0000000085e00000, 0x0000000085e00000|100%| O|  |TAMS 0x0000000085e00000, 0x0000000085e00000| Untracked 
|  94|0x0000000085e00000, 0x0000000085f00000, 0x0000000085f00000|100%| O|  |TAMS 0x0000000085f00000, 0x0000000085f00000| Untracked 
|  95|0x0000000085f00000, 0x0000000086000000, 0x0000000086000000|100%| O|  |TAMS 0x0000000086000000, 0x0000000086000000| Untracked 
|  96|0x0000000086000000, 0x0000000086100000, 0x0000000086100000|100%| O|  |TAMS 0x0000000086100000, 0x0000000086100000| Untracked 
|  97|0x0000000086100000, 0x0000000086200000, 0x0000000086200000|100%| O|  |TAMS 0x0000000086100000, 0x0000000086200000| Untracked 
|  98|0x0000000086200000, 0x0000000086300000, 0x0000000086300000|100%| O|  |TAMS 0x0000000086300000, 0x0000000086300000| Untracked 
|  99|0x0000000086300000, 0x0000000086400000, 0x0000000086400000|100%| O|  |TAMS 0x0000000086400000, 0x0000000086400000| Untracked 
| 100|0x0000000086400000, 0x0000000086500000, 0x0000000086500000|100%| O|  |TAMS 0x0000000086400000, 0x0000000086500000| Untracked 
| 101|0x0000000086500000, 0x0000000086600000, 0x0000000086600000|100%| O|  |TAMS 0x0000000086600000, 0x0000000086600000| Untracked 
| 102|0x0000000086600000, 0x0000000086700000, 0x0000000086700000|100%| O|  |TAMS 0x0000000086700000, 0x0000000086700000| Untracked 
| 103|0x0000000086700000, 0x0000000086800000, 0x0000000086800000|100%| O|  |TAMS 0x0000000086800000, 0x0000000086800000| Untracked 
| 104|0x0000000086800000, 0x0000000086900000, 0x0000000086900000|100%| O|  |TAMS 0x0000000086800000, 0x0000000086900000| Untracked 
| 105|0x0000000086900000, 0x0000000086a00000, 0x0000000086a00000|100%| O|  |TAMS 0x0000000086a00000, 0x0000000086a00000| Untracked 
| 106|0x0000000086a00000, 0x0000000086b00000, 0x0000000086b00000|100%| O|  |TAMS 0x0000000086b00000, 0x0000000086b00000| Untracked 
| 107|0x0000000086b00000, 0x0000000086c00000, 0x0000000086c00000|100%| O|  |TAMS 0x0000000086c00000, 0x0000000086c00000| Untracked 
| 108|0x0000000086c00000, 0x0000000086d00000, 0x0000000086d00000|100%| O|  |TAMS 0x0000000086d00000, 0x0000000086d00000| Untracked 
| 109|0x0000000086d00000, 0x0000000086e00000, 0x0000000086e00000|100%| O|  |TAMS 0x0000000086e00000, 0x0000000086e00000| Untracked 
| 110|0x0000000086e00000, 0x0000000086f00000, 0x0000000086f00000|100%| O|  |TAMS 0x0000000086f00000, 0x0000000086f00000| Untracked 
| 111|0x0000000086f00000, 0x0000000087000000, 0x0000000087000000|100%| O|  |TAMS 0x0000000087000000, 0x0000000087000000| Untracked 
| 112|0x0000000087000000, 0x0000000087100000, 0x0000000087100000|100%| O|  |TAMS 0x0000000087100000, 0x0000000087100000| Untracked 
| 113|0x0000000087100000, 0x0000000087200000, 0x0000000087200000|100%| O|  |TAMS 0x0000000087200000, 0x0000000087200000| Untracked 
| 114|0x0000000087200000, 0x0000000087300000, 0x0000000087300000|100%| O|  |TAMS 0x0000000087300000, 0x0000000087300000| Untracked 
| 115|0x0000000087300000, 0x0000000087400000, 0x0000000087400000|100%| O|  |TAMS 0x0000000087400000, 0x0000000087400000| Untracked 
| 116|0x0000000087400000, 0x0000000087500000, 0x0000000087500000|100%| O|  |TAMS 0x0000000087500000, 0x0000000087500000| Untracked 
| 117|0x0000000087500000, 0x0000000087600000, 0x0000000087600000|100%| O|  |TAMS 0x0000000087500000, 0x0000000087600000| Untracked 
| 118|0x0000000087600000, 0x0000000087700000, 0x0000000087700000|100%| O|  |TAMS 0x0000000087600000, 0x0000000087700000| Untracked 
| 119|0x0000000087700000, 0x0000000087800000, 0x0000000087800000|100%| O|  |TAMS 0x0000000087800000, 0x0000000087800000| Untracked 
| 120|0x0000000087800000, 0x0000000087900000, 0x0000000087900000|100%| O|  |TAMS 0x0000000087800000, 0x0000000087900000| Untracked 
| 121|0x0000000087900000, 0x0000000087a00000, 0x0000000087a00000|100%| O|  |TAMS 0x0000000087a00000, 0x0000000087a00000| Untracked 
| 122|0x0000000087a00000, 0x0000000087b00000, 0x0000000087b00000|100%| O|  |TAMS 0x0000000087a00000, 0x0000000087b00000| Untracked 
| 123|0x0000000087b00000, 0x0000000087c00000, 0x0000000087c00000|100%| O|  |TAMS 0x0000000087c00000, 0x0000000087c00000| Untracked 
| 124|0x0000000087c00000, 0x0000000087d00000, 0x0000000087d00000|100%| O|  |TAMS 0x0000000087c00000, 0x0000000087d00000| Untracked 
| 125|0x0000000087d00000, 0x0000000087e00000, 0x0000000087e00000|100%| O|  |TAMS 0x0000000087e00000, 0x0000000087e00000| Untracked 
| 126|0x0000000087e00000, 0x0000000087f00000, 0x0000000087f00000|100%| O|  |TAMS 0x0000000087f00000, 0x0000000087f00000| Untracked 
| 127|0x0000000087f00000, 0x0000000088000000, 0x0000000088000000|100%| O|  |TAMS 0x0000000088000000, 0x0000000088000000| Untracked 
| 128|0x0000000088000000, 0x0000000088100000, 0x0000000088100000|100%| O|  |TAMS 0x0000000088100000, 0x0000000088100000| Untracked 
| 129|0x0000000088100000, 0x0000000088200000, 0x0000000088200000|100%|HS|  |TAMS 0x0000000088200000, 0x0000000088200000| Complete 
| 130|0x0000000088200000, 0x0000000088300000, 0x0000000088300000|100%|HC|  |TAMS 0x0000000088300000, 0x0000000088300000| Complete 
| 131|0x0000000088300000, 0x0000000088400000, 0x0000000088400000|100%|HS|  |TAMS 0x0000000088400000, 0x0000000088400000| Complete 
| 132|0x0000000088400000, 0x0000000088500000, 0x0000000088500000|100%|HC|  |TAMS 0x0000000088500000, 0x0000000088500000| Complete 
| 133|0x0000000088500000, 0x0000000088600000, 0x0000000088600000|100%|HC|  |TAMS 0x0000000088600000, 0x0000000088600000| Complete 
| 134|0x0000000088600000, 0x0000000088700000, 0x0000000088700000|100%|HS|  |TAMS 0x0000000088700000, 0x0000000088700000| Complete 
| 135|0x0000000088700000, 0x0000000088800000, 0x0000000088800000|100%|HC|  |TAMS 0x0000000088800000, 0x0000000088800000| Complete 
| 136|0x0000000088800000, 0x0000000088900000, 0x0000000088900000|100%|HC|  |TAMS 0x0000000088900000, 0x0000000088900000| Complete 
| 137|0x0000000088900000, 0x0000000088a00000, 0x0000000088a00000|100%|HC|  |TAMS 0x0000000088a00000, 0x0000000088a00000| Complete 
| 138|0x0000000088a00000, 0x0000000088b00000, 0x0000000088b00000|100%|HC|  |TAMS 0x0000000088b00000, 0x0000000088b00000| Complete 
| 139|0x0000000088b00000, 0x0000000088c00000, 0x0000000088c00000|100%|HS|  |TAMS 0x0000000088c00000, 0x0000000088c00000| Complete 
| 140|0x0000000088c00000, 0x0000000088d00000, 0x0000000088d00000|100%|HC|  |TAMS 0x0000000088d00000, 0x0000000088d00000| Complete 
| 141|0x0000000088d00000, 0x0000000088e00000, 0x0000000088e00000|100%|HC|  |TAMS 0x0000000088e00000, 0x0000000088e00000| Complete 
| 142|0x0000000088e00000, 0x0000000088f00000, 0x0000000088f00000|100%|HC|  |TAMS 0x0000000088f00000, 0x0000000088f00000| Complete 
| 143|0x0000000088f00000, 0x0000000089000000, 0x0000000089000000|100%|HC|  |TAMS 0x0000000089000000, 0x0000000089000000| Complete 
| 144|0x0000000089000000, 0x0000000089100000, 0x0000000089100000|100%| O|  |TAMS 0x0000000089100000, 0x0000000089100000| Untracked 
| 145|0x0000000089100000, 0x0000000089200000, 0x0000000089200000|100%| O|  |TAMS 0x0000000089200000, 0x0000000089200000| Untracked 
| 146|0x0000000089200000, 0x0000000089300000, 0x0000000089300000|100%| O|  |TAMS 0x0000000089300000, 0x0000000089300000| Untracked 
| 147|0x0000000089300000, 0x0000000089400000, 0x0000000089400000|100%| O|  |TAMS 0x0000000089400000, 0x0000000089400000| Untracked 
| 148|0x0000000089400000, 0x0000000089500000, 0x0000000089500000|100%| O|  |TAMS 0x0000000089500000, 0x0000000089500000| Untracked 
| 149|0x0000000089500000, 0x0000000089600000, 0x0000000089600000|100%| O|  |TAMS 0x0000000089600000, 0x0000000089600000| Untracked 
| 150|0x0000000089600000, 0x0000000089700000, 0x0000000089700000|100%| O|  |TAMS 0x0000000089700000, 0x0000000089700000| Untracked 
| 151|0x0000000089700000, 0x0000000089800000, 0x0000000089800000|100%| O|  |TAMS 0x0000000089800000, 0x0000000089800000| Untracked 
| 152|0x0000000089800000, 0x0000000089900000, 0x0000000089900000|100%|HS|  |TAMS 0x0000000089800000, 0x0000000089900000| Complete 
| 153|0x0000000089900000, 0x0000000089a00000, 0x0000000089a00000|100%|HC|  |TAMS 0x0000000089900000, 0x0000000089a00000| Complete 
| 154|0x0000000089a00000, 0x0000000089b00000, 0x0000000089b00000|100%|HC|  |TAMS 0x0000000089a00000, 0x0000000089b00000| Complete 
| 155|0x0000000089b00000, 0x0000000089c00000, 0x0000000089c00000|100%|HC|  |TAMS 0x0000000089b00000, 0x0000000089c00000| Complete 
| 156|0x0000000089c00000, 0x0000000089d00000, 0x0000000089d00000|100%| O|  |TAMS 0x0000000089c00000, 0x0000000089d00000| Untracked 
| 157|0x0000000089d00000, 0x0000000089e00000, 0x0000000089e00000|100%| O|  |TAMS 0x0000000089d00000, 0x0000000089e00000| Untracked 
| 158|0x0000000089e00000, 0x0000000089f00000, 0x0000000089f00000|100%|HS|  |TAMS 0x0000000089e00000, 0x0000000089f00000| Complete 
| 159|0x0000000089f00000, 0x000000008a000000, 0x000000008a000000|100%| O|  |TAMS 0x0000000089f00000, 0x000000008a000000| Untracked 
| 160|0x000000008a000000, 0x000000008a100000, 0x000000008a100000|100%| O|  |TAMS 0x000000008a000000, 0x000000008a100000| Untracked 
| 161|0x000000008a100000, 0x000000008a200000, 0x000000008a200000|100%|HS|  |TAMS 0x000000008a100000, 0x000000008a200000| Complete 
| 162|0x000000008a200000, 0x000000008a300000, 0x000000008a300000|100%|HC|  |TAMS 0x000000008a200000, 0x000000008a300000| Complete 
| 163|0x000000008a300000, 0x000000008a400000, 0x000000008a400000|100%| O|  |TAMS 0x000000008a300000, 0x000000008a400000| Untracked 
| 164|0x000000008a400000, 0x000000008a500000, 0x000000008a500000|100%| O|  |TAMS 0x000000008a400000, 0x000000008a500000| Untracked 
| 165|0x000000008a500000, 0x000000008a600000, 0x000000008a600000|100%| O|  |TAMS 0x000000008a500000, 0x000000008a600000| Untracked 
| 166|0x000000008a600000, 0x000000008a700000, 0x000000008a700000|100%| O|  |TAMS 0x000000008a600000, 0x000000008a700000| Untracked 
| 167|0x000000008a700000, 0x000000008a800000, 0x000000008a800000|100%|HS|  |TAMS 0x000000008a700000, 0x000000008a800000| Complete 
| 168|0x000000008a800000, 0x000000008a900000, 0x000000008a900000|100%|HC|  |TAMS 0x000000008a800000, 0x000000008a900000| Complete 
| 169|0x000000008a900000, 0x000000008aa00000, 0x000000008aa00000|100%|HC|  |TAMS 0x000000008a900000, 0x000000008aa00000| Complete 
| 170|0x000000008aa00000, 0x000000008ab00000, 0x000000008ab00000|100%|HC|  |TAMS 0x000000008aa00000, 0x000000008ab00000| Complete 
| 171|0x000000008ab00000, 0x000000008ac00000, 0x000000008ac00000|100%| O|  |TAMS 0x000000008ab00000, 0x000000008ac00000| Untracked 
| 172|0x000000008ac00000, 0x000000008ad00000, 0x000000008ad00000|100%| O|  |TAMS 0x000000008ac00000, 0x000000008ad00000| Untracked 
| 173|0x000000008ad00000, 0x000000008ae00000, 0x000000008ae00000|100%|HS|  |TAMS 0x000000008ad00000, 0x000000008ae00000| Complete 
| 174|0x000000008ae00000, 0x000000008af00000, 0x000000008af00000|100%|HC|  |TAMS 0x000000008ae00000, 0x000000008af00000| Complete 
| 175|0x000000008af00000, 0x000000008b000000, 0x000000008b000000|100%|HS|  |TAMS 0x000000008af00000, 0x000000008b000000| Complete 
| 176|0x000000008b000000, 0x000000008b100000, 0x000000008b100000|100%|HS|  |TAMS 0x000000008b000000, 0x000000008b100000| Complete 
| 177|0x000000008b100000, 0x000000008b200000, 0x000000008b200000|100%| O|  |TAMS 0x000000008b200000, 0x000000008b200000| Untracked 
| 178|0x000000008b200000, 0x000000008b300000, 0x000000008b300000|100%| O|  |TAMS 0x000000008b300000, 0x000000008b300000| Untracked 
| 179|0x000000008b300000, 0x000000008b400000, 0x000000008b400000|100%| O|  |TAMS 0x000000008b300000, 0x000000008b400000| Untracked 
| 180|0x000000008b400000, 0x000000008b500000, 0x000000008b500000|100%| O|  |TAMS 0x000000008b500000, 0x000000008b500000| Untracked 
| 181|0x000000008b500000, 0x000000008b600000, 0x000000008b600000|100%| O|  |TAMS 0x000000008b500000, 0x000000008b600000| Untracked 
| 182|0x000000008b600000, 0x000000008b700000, 0x000000008b700000|100%| O|  |TAMS 0x000000008b600000, 0x000000008b700000| Untracked 
| 183|0x000000008b700000, 0x000000008b800000, 0x000000008b800000|100%| O|  |TAMS 0x000000008b700000, 0x000000008b800000| Untracked 
| 184|0x000000008b800000, 0x000000008b900000, 0x000000008b900000|100%| O|  |TAMS 0x000000008b800000, 0x000000008b900000| Untracked 
| 185|0x000000008b900000, 0x000000008ba00000, 0x000000008ba00000|100%| O|  |TAMS 0x000000008b900000, 0x000000008ba00000| Untracked 
| 186|0x000000008ba00000, 0x000000008bb00000, 0x000000008bb00000|100%| O|  |TAMS 0x000000008ba00000, 0x000000008bb00000| Untracked 
| 187|0x000000008bb00000, 0x000000008bc00000, 0x000000008bc00000|100%| O|  |TAMS 0x000000008bb00000, 0x000000008bc00000| Untracked 
| 188|0x000000008bc00000, 0x000000008bd00000, 0x000000008bd00000|100%| O|  |TAMS 0x000000008bc00000, 0x000000008bd00000| Untracked 
| 189|0x000000008bd00000, 0x000000008be00000, 0x000000008be00000|100%| O|  |TAMS 0x000000008bd00000, 0x000000008be00000| Untracked 
| 190|0x000000008be00000, 0x000000008bf00000, 0x000000008bf00000|100%| O|  |TAMS 0x000000008be00000, 0x000000008bf00000| Untracked 
| 191|0x000000008bf00000, 0x000000008c000000, 0x000000008c000000|100%| O|  |TAMS 0x000000008bf00000, 0x000000008c000000| Untracked 
| 192|0x000000008c000000, 0x000000008c100000, 0x000000008c100000|100%| O|  |TAMS 0x000000008c000000, 0x000000008c100000| Untracked 
| 193|0x000000008c100000, 0x000000008c200000, 0x000000008c200000|100%| O|  |TAMS 0x000000008c100000, 0x000000008c200000| Untracked 
| 194|0x000000008c200000, 0x000000008c300000, 0x000000008c300000|100%| O|  |TAMS 0x000000008c200000, 0x000000008c300000| Untracked 
| 195|0x000000008c300000, 0x000000008c400000, 0x000000008c400000|100%| O|  |TAMS 0x000000008c300000, 0x000000008c400000| Untracked 
| 196|0x000000008c400000, 0x000000008c500000, 0x000000008c500000|100%| O|  |TAMS 0x000000008c400000, 0x000000008c500000| Untracked 
| 197|0x000000008c500000, 0x000000008c600000, 0x000000008c600000|100%| O|  |TAMS 0x000000008c500000, 0x000000008c600000| Untracked 
| 198|0x000000008c600000, 0x000000008c700000, 0x000000008c700000|100%| O|  |TAMS 0x000000008c600000, 0x000000008c700000| Untracked 
| 199|0x000000008c700000, 0x000000008c800000, 0x000000008c800000|100%| O|  |TAMS 0x000000008c700000, 0x000000008c800000| Untracked 
| 200|0x000000008c800000, 0x000000008c900000, 0x000000008c900000|100%| O|  |TAMS 0x000000008c800000, 0x000000008c900000| Untracked 
| 201|0x000000008c900000, 0x000000008ca00000, 0x000000008ca00000|100%| O|  |TAMS 0x000000008c900000, 0x000000008ca00000| Untracked 
| 202|0x000000008ca00000, 0x000000008cb00000, 0x000000008cb00000|100%| O|  |TAMS 0x000000008ca00000, 0x000000008cb00000| Untracked 
| 203|0x000000008cb00000, 0x000000008cc00000, 0x000000008cc00000|100%| O|  |TAMS 0x000000008cb00000, 0x000000008cc00000| Untracked 
| 204|0x000000008cc00000, 0x000000008cd00000, 0x000000008cd00000|100%| O|  |TAMS 0x000000008cc00000, 0x000000008cd00000| Untracked 
| 205|0x000000008cd00000, 0x000000008ce00000, 0x000000008ce00000|100%| O|  |TAMS 0x000000008cd00000, 0x000000008ce00000| Untracked 
| 206|0x000000008ce00000, 0x000000008cf00000, 0x000000008cf00000|100%| O|  |TAMS 0x000000008ce00000, 0x000000008cf00000| Untracked 
| 207|0x000000008cf00000, 0x000000008d000000, 0x000000008d000000|100%| O|  |TAMS 0x000000008cf00000, 0x000000008d000000| Untracked 
| 208|0x000000008d000000, 0x000000008d100000, 0x000000008d100000|100%| O|  |TAMS 0x000000008d000000, 0x000000008d100000| Untracked 
| 209|0x000000008d100000, 0x000000008d200000, 0x000000008d200000|100%| O|  |TAMS 0x000000008d100000, 0x000000008d200000| Untracked 
| 210|0x000000008d200000, 0x000000008d300000, 0x000000008d300000|100%| O|  |TAMS 0x000000008d200000, 0x000000008d300000| Untracked 
| 211|0x000000008d300000, 0x000000008d400000, 0x000000008d400000|100%| O|  |TAMS 0x000000008d300000, 0x000000008d400000| Untracked 
| 212|0x000000008d400000, 0x000000008d500000, 0x000000008d500000|100%| O|  |TAMS 0x000000008d400000, 0x000000008d500000| Untracked 
| 213|0x000000008d500000, 0x000000008d600000, 0x000000008d600000|100%| O|  |TAMS 0x000000008d500000, 0x000000008d500000| Untracked 
| 214|0x000000008d600000, 0x000000008d700000, 0x000000008d700000|100%| O|  |TAMS 0x000000008d600000, 0x000000008d600000| Untracked 
| 215|0x000000008d700000, 0x000000008d800000, 0x000000008d800000|100%| O|  |TAMS 0x000000008d700000, 0x000000008d700000| Untracked 
| 216|0x000000008d800000, 0x000000008d900000, 0x000000008d900000|100%| O|  |TAMS 0x000000008d800000, 0x000000008d800000| Untracked 
| 217|0x000000008d900000, 0x000000008da00000, 0x000000008da00000|100%| O|  |TAMS 0x000000008d900000, 0x000000008d900000| Untracked 
| 218|0x000000008da00000, 0x000000008db00000, 0x000000008db00000|100%| O|  |TAMS 0x000000008da00000, 0x000000008da00000| Untracked 
| 219|0x000000008db00000, 0x000000008dc00000, 0x000000008dc00000|100%| O|  |TAMS 0x000000008db00000, 0x000000008db00000| Untracked 
| 220|0x000000008dc00000, 0x000000008dd00000, 0x000000008dd00000|100%| O|  |TAMS 0x000000008dc00000, 0x000000008dc00000| Untracked 
| 221|0x000000008dd00000, 0x000000008de00000, 0x000000008de00000|100%| O|  |TAMS 0x000000008dd00000, 0x000000008dd00000| Untracked 
| 222|0x000000008de00000, 0x000000008df00000, 0x000000008df00000|100%| O|  |TAMS 0x000000008de00000, 0x000000008de00000| Untracked 
| 223|0x000000008df00000, 0x000000008e000000, 0x000000008e000000|100%| O|  |TAMS 0x000000008df00000, 0x000000008df00000| Untracked 
| 224|0x000000008e000000, 0x000000008e100000, 0x000000008e100000|100%| O|  |TAMS 0x000000008e000000, 0x000000008e000000| Untracked 
| 225|0x000000008e100000, 0x000000008e200000, 0x000000008e200000|100%| O|  |TAMS 0x000000008e100000, 0x000000008e100000| Untracked 
| 226|0x000000008e200000, 0x000000008e300000, 0x000000008e300000|100%| O|  |TAMS 0x000000008e200000, 0x000000008e200000| Untracked 
| 227|0x000000008e300000, 0x000000008e400000, 0x000000008e400000|100%| O|  |TAMS 0x000000008e300000, 0x000000008e300000| Untracked 
| 228|0x000000008e400000, 0x000000008e500000, 0x000000008e500000|100%| O|  |TAMS 0x000000008e400000, 0x000000008e400000| Untracked 
| 229|0x000000008e500000, 0x000000008e600000, 0x000000008e600000|100%| O|  |TAMS 0x000000008e500000, 0x000000008e500000| Untracked 
| 230|0x000000008e600000, 0x000000008e700000, 0x000000008e700000|100%| O|  |TAMS 0x000000008e600000, 0x000000008e600000| Untracked 
| 231|0x000000008e700000, 0x000000008e800000, 0x000000008e800000|100%| O|  |TAMS 0x000000008e700000, 0x000000008e700000| Untracked 
| 232|0x000000008e800000, 0x000000008e900000, 0x000000008e900000|100%| O|  |TAMS 0x000000008e800000, 0x000000008e800000| Untracked 
| 233|0x000000008e900000, 0x000000008ea00000, 0x000000008ea00000|100%| O|  |TAMS 0x000000008e900000, 0x000000008e900000| Untracked 
| 234|0x000000008ea00000, 0x000000008eb00000, 0x000000008eb00000|100%| O|  |TAMS 0x000000008ea00000, 0x000000008ea00000| Untracked 
| 235|0x000000008eb00000, 0x000000008ec00000, 0x000000008ec00000|100%| O|  |TAMS 0x000000008eb00000, 0x000000008eb00000| Untracked 
| 236|0x000000008ec00000, 0x000000008ec80000, 0x000000008ed00000| 50%| O|  |TAMS 0x000000008ec00000, 0x000000008ec00000| Untracked 
| 237|0x000000008ed00000, 0x000000008ed00000, 0x000000008ee00000|  0%| F|  |TAMS 0x000000008ed00000, 0x000000008ed00000| Untracked 
| 238|0x000000008ee00000, 0x000000008ee00000, 0x000000008ef00000|  0%| F|  |TAMS 0x000000008ee00000, 0x000000008ee00000| Untracked 
| 239|0x000000008ef00000, 0x000000008ef00000, 0x000000008f000000|  0%| F|  |TAMS 0x000000008ef00000, 0x000000008ef00000| Untracked 
| 240|0x000000008f000000, 0x000000008f000000, 0x000000008f100000|  0%| F|  |TAMS 0x000000008f000000, 0x000000008f000000| Untracked 
| 241|0x000000008f100000, 0x000000008f100000, 0x000000008f200000|  0%| F|  |TAMS 0x000000008f100000, 0x000000008f100000| Untracked 
| 242|0x000000008f200000, 0x000000008f200000, 0x000000008f300000|  0%| F|  |TAMS 0x000000008f200000, 0x000000008f200000| Untracked 
| 243|0x000000008f300000, 0x000000008f300000, 0x000000008f400000|  0%| F|  |TAMS 0x000000008f300000, 0x000000008f300000| Untracked 
| 244|0x000000008f400000, 0x000000008f400000, 0x000000008f500000|  0%| F|  |TAMS 0x000000008f400000, 0x000000008f400000| Untracked 
| 245|0x000000008f500000, 0x000000008f500000, 0x000000008f600000|  0%| F|  |TAMS 0x000000008f500000, 0x000000008f500000| Untracked 
| 246|0x000000008f600000, 0x000000008f600000, 0x000000008f700000|  0%| F|  |TAMS 0x000000008f600000, 0x000000008f600000| Untracked 
| 247|0x000000008f700000, 0x000000008f700000, 0x000000008f800000|  0%| F|  |TAMS 0x000000008f700000, 0x000000008f700000| Untracked 
| 248|0x000000008f800000, 0x000000008f800000, 0x000000008f900000|  0%| F|  |TAMS 0x000000008f800000, 0x000000008f800000| Untracked 
| 249|0x000000008f900000, 0x000000008f900000, 0x000000008fa00000|  0%| F|  |TAMS 0x000000008f900000, 0x000000008f900000| Untracked 
| 250|0x000000008fa00000, 0x000000008fa00000, 0x000000008fb00000|  0%| F|  |TAMS 0x000000008fa00000, 0x000000008fa00000| Untracked 
| 251|0x000000008fb00000, 0x000000008fb00000, 0x000000008fc00000|  0%| F|  |TAMS 0x000000008fb00000, 0x000000008fb00000| Untracked 
| 252|0x000000008fc00000, 0x000000008fc00000, 0x000000008fd00000|  0%| F|  |TAMS 0x000000008fc00000, 0x000000008fc00000| Untracked 
| 253|0x000000008fd00000, 0x000000008fd00000, 0x000000008fe00000|  0%| F|  |TAMS 0x000000008fd00000, 0x000000008fd00000| Untracked 
| 254|0x000000008fe00000, 0x000000008fe00000, 0x000000008ff00000|  0%| F|  |TAMS 0x000000008fe00000, 0x000000008fe00000| Untracked 
| 255|0x000000008ff00000, 0x000000008ff00000, 0x0000000090000000|  0%| F|  |TAMS 0x000000008ff00000, 0x000000008ff00000| Untracked 
| 256|0x0000000090000000, 0x0000000090000000, 0x0000000090100000|  0%| F|  |TAMS 0x0000000090000000, 0x0000000090000000| Untracked 
| 257|0x0000000090100000, 0x0000000090100000, 0x0000000090200000|  0%| F|  |TAMS 0x0000000090100000, 0x0000000090100000| Untracked 
| 258|0x0000000090200000, 0x0000000090200000, 0x0000000090300000|  0%| F|  |TAMS 0x0000000090200000, 0x0000000090200000| Untracked 
| 259|0x0000000090300000, 0x0000000090300000, 0x0000000090400000|  0%| F|  |TAMS 0x0000000090300000, 0x0000000090300000| Untracked 
| 260|0x0000000090400000, 0x0000000090400000, 0x0000000090500000|  0%| F|  |TAMS 0x0000000090400000, 0x0000000090400000| Untracked 
| 261|0x0000000090500000, 0x0000000090500000, 0x0000000090600000|  0%| F|  |TAMS 0x0000000090500000, 0x0000000090500000| Untracked 
| 262|0x0000000090600000, 0x0000000090600000, 0x0000000090700000|  0%| F|  |TAMS 0x0000000090600000, 0x0000000090600000| Untracked 
| 263|0x0000000090700000, 0x0000000090700000, 0x0000000090800000|  0%| F|  |TAMS 0x0000000090700000, 0x0000000090700000| Untracked 
| 264|0x0000000090800000, 0x0000000090800000, 0x0000000090900000|  0%| F|  |TAMS 0x0000000090800000, 0x0000000090800000| Untracked 
| 265|0x0000000090900000, 0x0000000090900000, 0x0000000090a00000|  0%| F|  |TAMS 0x0000000090900000, 0x0000000090900000| Untracked 
| 266|0x0000000090a00000, 0x0000000090a00000, 0x0000000090b00000|  0%| F|  |TAMS 0x0000000090a00000, 0x0000000090a00000| Untracked 
| 267|0x0000000090b00000, 0x0000000090b00000, 0x0000000090c00000|  0%| F|  |TAMS 0x0000000090b00000, 0x0000000090b00000| Untracked 
| 268|0x0000000090c00000, 0x0000000090c00000, 0x0000000090d00000|  0%| F|  |TAMS 0x0000000090c00000, 0x0000000090c00000| Untracked 
| 269|0x0000000090d00000, 0x0000000090d00000, 0x0000000090e00000|  0%| F|  |TAMS 0x0000000090d00000, 0x0000000090d00000| Untracked 
| 270|0x0000000090e00000, 0x0000000090e00000, 0x0000000090f00000|  0%| F|  |TAMS 0x0000000090e00000, 0x0000000090e00000| Untracked 
| 271|0x0000000090f00000, 0x0000000090f00000, 0x0000000091000000|  0%| F|  |TAMS 0x0000000090f00000, 0x0000000090f00000| Untracked 
| 272|0x0000000091000000, 0x0000000091000000, 0x0000000091100000|  0%| F|  |TAMS 0x0000000091000000, 0x0000000091000000| Untracked 
| 273|0x0000000091100000, 0x0000000091100000, 0x0000000091200000|  0%| F|  |TAMS 0x0000000091100000, 0x0000000091100000| Untracked 
| 274|0x0000000091200000, 0x0000000091200000, 0x0000000091300000|  0%| F|  |TAMS 0x0000000091200000, 0x0000000091200000| Untracked 
| 275|0x0000000091300000, 0x0000000091300000, 0x0000000091400000|  0%| F|  |TAMS 0x0000000091300000, 0x0000000091300000| Untracked 
| 276|0x0000000091400000, 0x0000000091400000, 0x0000000091500000|  0%| F|  |TAMS 0x0000000091400000, 0x0000000091400000| Untracked 
| 277|0x0000000091500000, 0x0000000091500000, 0x0000000091600000|  0%| F|  |TAMS 0x0000000091500000, 0x0000000091500000| Untracked 
| 278|0x0000000091600000, 0x0000000091700000, 0x0000000091700000|100%| S|CS|TAMS 0x0000000091600000, 0x0000000091600000| Complete 
| 279|0x0000000091700000, 0x0000000091800000, 0x0000000091800000|100%| S|CS|TAMS 0x0000000091700000, 0x0000000091700000| Complete 
| 280|0x0000000091800000, 0x0000000091900000, 0x0000000091900000|100%| S|CS|TAMS 0x0000000091800000, 0x0000000091800000| Complete 
| 281|0x0000000091900000, 0x0000000091a00000, 0x0000000091a00000|100%| S|CS|TAMS 0x0000000091900000, 0x0000000091900000| Complete 
| 282|0x0000000091a00000, 0x0000000091b00000, 0x0000000091b00000|100%| S|CS|TAMS 0x0000000091a00000, 0x0000000091a00000| Complete 
| 283|0x0000000091b00000, 0x0000000091c00000, 0x0000000091c00000|100%| S|CS|TAMS 0x0000000091b00000, 0x0000000091b00000| Complete 
| 284|0x0000000091c00000, 0x0000000091c00000, 0x0000000091d00000|  0%| F|  |TAMS 0x0000000091c00000, 0x0000000091c00000| Untracked 
| 285|0x0000000091d00000, 0x0000000091d00000, 0x0000000091e00000|  0%| F|  |TAMS 0x0000000091d00000, 0x0000000091d00000| Untracked 
| 286|0x0000000091e00000, 0x0000000091e00000, 0x0000000091f00000|  0%| F|  |TAMS 0x0000000091e00000, 0x0000000091e00000| Untracked 
| 287|0x0000000091f00000, 0x0000000091f00000, 0x0000000092000000|  0%| F|  |TAMS 0x0000000091f00000, 0x0000000091f00000| Untracked 
| 288|0x0000000092000000, 0x0000000092000000, 0x0000000092100000|  0%| F|  |TAMS 0x0000000092000000, 0x0000000092000000| Untracked 
| 289|0x0000000092100000, 0x0000000092100000, 0x0000000092200000|  0%| F|  |TAMS 0x0000000092100000, 0x0000000092100000| Untracked 
| 290|0x0000000092200000, 0x0000000092200000, 0x0000000092300000|  0%| F|  |TAMS 0x0000000092200000, 0x0000000092200000| Untracked 
| 291|0x0000000092300000, 0x0000000092300000, 0x0000000092400000|  0%| F|  |TAMS 0x0000000092300000, 0x0000000092300000| Untracked 
| 292|0x0000000092400000, 0x0000000092400000, 0x0000000092500000|  0%| F|  |TAMS 0x0000000092400000, 0x0000000092400000| Untracked 
| 293|0x0000000092500000, 0x0000000092500000, 0x0000000092600000|  0%| F|  |TAMS 0x0000000092500000, 0x0000000092500000| Untracked 
| 294|0x0000000092600000, 0x0000000092600000, 0x0000000092700000|  0%| F|  |TAMS 0x0000000092600000, 0x0000000092600000| Untracked 
| 295|0x0000000092700000, 0x0000000092700000, 0x0000000092800000|  0%| F|  |TAMS 0x0000000092700000, 0x0000000092700000| Untracked 
| 296|0x0000000092800000, 0x0000000092800000, 0x0000000092900000|  0%| F|  |TAMS 0x0000000092800000, 0x0000000092800000| Untracked 
| 297|0x0000000092900000, 0x0000000092900000, 0x0000000092a00000|  0%| F|  |TAMS 0x0000000092900000, 0x0000000092900000| Untracked 
| 298|0x0000000092a00000, 0x0000000092a00000, 0x0000000092b00000|  0%| F|  |TAMS 0x0000000092a00000, 0x0000000092a00000| Untracked 
| 299|0x0000000092b00000, 0x0000000092b00000, 0x0000000092c00000|  0%| F|  |TAMS 0x0000000092b00000, 0x0000000092b00000| Untracked 
| 300|0x0000000092c00000, 0x0000000092c00000, 0x0000000092d00000|  0%| F|  |TAMS 0x0000000092c00000, 0x0000000092c00000| Untracked 
| 301|0x0000000092d00000, 0x0000000092d00000, 0x0000000092e00000|  0%| F|  |TAMS 0x0000000092d00000, 0x0000000092d00000| Untracked 
| 302|0x0000000092e00000, 0x0000000092e00000, 0x0000000092f00000|  0%| F|  |TAMS 0x0000000092e00000, 0x0000000092e00000| Untracked 
| 303|0x0000000092f00000, 0x0000000092f00000, 0x0000000093000000|  0%| F|  |TAMS 0x0000000092f00000, 0x0000000092f00000| Untracked 
| 304|0x0000000093000000, 0x0000000093000000, 0x0000000093100000|  0%| F|  |TAMS 0x0000000093000000, 0x0000000093000000| Untracked 
| 305|0x0000000093100000, 0x0000000093100000, 0x0000000093200000|  0%| F|  |TAMS 0x0000000093100000, 0x0000000093100000| Untracked 
| 306|0x0000000093200000, 0x0000000093200000, 0x0000000093300000|  0%| F|  |TAMS 0x0000000093200000, 0x0000000093200000| Untracked 
| 307|0x0000000093300000, 0x0000000093300000, 0x0000000093400000|  0%| F|  |TAMS 0x0000000093300000, 0x0000000093300000| Untracked 
| 308|0x0000000093400000, 0x0000000093400000, 0x0000000093500000|  0%| F|  |TAMS 0x0000000093400000, 0x0000000093400000| Untracked 
| 309|0x0000000093500000, 0x0000000093500000, 0x0000000093600000|  0%| F|  |TAMS 0x0000000093500000, 0x0000000093500000| Untracked 
| 310|0x0000000093600000, 0x0000000093600000, 0x0000000093700000|  0%| F|  |TAMS 0x0000000093600000, 0x0000000093600000| Untracked 
| 311|0x0000000093700000, 0x0000000093700000, 0x0000000093800000|  0%| F|  |TAMS 0x0000000093700000, 0x0000000093700000| Untracked 
| 312|0x0000000093800000, 0x0000000093800000, 0x0000000093900000|  0%| F|  |TAMS 0x0000000093800000, 0x0000000093800000| Untracked 
| 313|0x0000000093900000, 0x0000000093900000, 0x0000000093a00000|  0%| F|  |TAMS 0x0000000093900000, 0x0000000093900000| Untracked 
| 314|0x0000000093a00000, 0x0000000093a00000, 0x0000000093b00000|  0%| F|  |TAMS 0x0000000093a00000, 0x0000000093a00000| Untracked 
| 315|0x0000000093b00000, 0x0000000093b00000, 0x0000000093c00000|  0%| F|  |TAMS 0x0000000093b00000, 0x0000000093b00000| Untracked 
| 316|0x0000000093c00000, 0x0000000093c00000, 0x0000000093d00000|  0%| F|  |TAMS 0x0000000093c00000, 0x0000000093c00000| Untracked 
| 317|0x0000000093d00000, 0x0000000093d00000, 0x0000000093e00000|  0%| F|  |TAMS 0x0000000093d00000, 0x0000000093d00000| Untracked 
| 318|0x0000000093e00000, 0x0000000093e00000, 0x0000000093f00000|  0%| F|  |TAMS 0x0000000093e00000, 0x0000000093e00000| Untracked 
| 319|0x0000000093f00000, 0x0000000093f00000, 0x0000000094000000|  0%| F|  |TAMS 0x0000000093f00000, 0x0000000093f00000| Untracked 
| 320|0x0000000094000000, 0x0000000094000000, 0x0000000094100000|  0%| F|  |TAMS 0x0000000094000000, 0x0000000094000000| Untracked 
| 321|0x0000000094100000, 0x0000000094200000, 0x0000000094200000|100%| O|  |TAMS 0x0000000094100000, 0x0000000094200000| Untracked 
| 322|0x0000000094200000, 0x0000000094300000, 0x0000000094300000|100%| O|  |TAMS 0x0000000094200000, 0x0000000094300000| Untracked 
| 323|0x0000000094300000, 0x0000000094400000, 0x0000000094400000|100%| O|  |TAMS 0x0000000094300000, 0x0000000094400000| Untracked 

Card table byte_map: [0x0000022de2ec0000,0x0000022de32c0000] _byte_map_base: 0x0000022de2ac0000

Marking Bits (Prev, Next): (CMBitMap*) 0x0000022dd00186f8, (CMBitMap*) 0x0000022dd0018730
 Prev Bits: [0x0000022de36c0000, 0x0000022de56c0000)
 Next Bits: [0x0000022de56c0000, 0x0000022de76c0000)

Polling page: 0x0000022dcdfe0000

Metaspace:

Usage:
  Non-class:    141.15 MB capacity,   137.49 MB ( 97%) used,     3.08 MB (  2%) free+waste,   593.88 KB ( <1%) overhead. 
      Class:     20.58 MB capacity,    18.75 MB ( 91%) used,     1.58 MB (  8%) free+waste,   256.81 KB (  1%) overhead. 
       Both:    161.73 MB capacity,   156.24 MB ( 97%) used,     4.66 MB (  3%) free+waste,   850.69 KB ( <1%) overhead. 

Virtual space:
  Non-class space:      142.00 MB reserved,     141.50 MB (>99%) committed 
      Class space:        1.00 GB reserved,      21.11 MB (  2%) committed 
             Both:        1.14 GB reserved,     162.61 MB ( 14%) committed 

Chunk freelists:
   Non-Class:  295.00 KB
       Class:  525.00 KB
        Both:  820.00 KB

MaxMetaspaceSize: 17179869184.00 GB
CompressedClassSpaceSize: 1.00 GB

CodeHeap 'non-profiled nmethods': size=120064Kb used=26343Kb max_used=26343Kb free=93720Kb
 bounds [0x0000022ddb580000, 0x0000022ddcf50000, 0x0000022de2ac0000]
CodeHeap 'profiled nmethods': size=120000Kb used=66902Kb max_used=66902Kb free=53097Kb
 bounds [0x0000022dd4050000, 0x0000022dd81f0000, 0x0000022ddb580000]
CodeHeap 'non-nmethods': size=5696Kb used=2405Kb max_used=2497Kb free=3290Kb
 bounds [0x0000022dd3ac0000, 0x0000022dd3d40000, 0x0000022dd4050000]
 total_blobs=30646 nmethods=29602 adapters=953
 compilation: enabled
              stopped_count=0, restarted_count=0
 full_count=0

Compilation events (20 events):
Event: 10702.458 Thread 0x0000022de9bdb800 nmethod 35835 0x0000022ddcb27390 code [0x0000022ddcb27520, 0x0000022ddcb275f8]
Event: 10702.458 Thread 0x0000022de9bdb800 35694       4       com.android.tools.r8.code.G0::hashCode (24 bytes)
Event: 10702.460 Thread 0x0000022de9bdb800 nmethod 35694 0x0000022ddcb26f10 code [0x0000022ddcb270c0, 0x0000022ddcb27208]
Event: 10702.460 Thread 0x0000022de9bdb800 35686       4       com.android.tools.r8.graph.G$d::hashCode (10 bytes)
Event: 10702.461 Thread 0x0000022de9bdb800 nmethod 35686 0x0000022ddc95f990 code [0x0000022ddc95fb20, 0x0000022ddc95fb98]
Event: 10702.461 Thread 0x0000022de9bdb800 35728       4       com.android.tools.r8.graph.G$b::hashCode (10 bytes)
Event: 10702.461 Thread 0x0000022de9bdb800 nmethod 35728 0x0000022ddcb26c90 code [0x0000022ddcb26e20, 0x0000022ddcb26e98]
Event: 10702.461 Thread 0x0000022de9bdb800 35692       4       com.android.tools.r8.code.v1::d (9 bytes)
Event: 10702.462 Thread 0x0000022de9bdc800 35841 %     3       com.android.tools.r8.graph.u::a @ 11 (56 bytes)
Event: 10702.463 Thread 0x0000022de9bdc800 nmethod 35841% 0x0000022dd81e9e10 code [0x0000022dd81ea060, 0x0000022dd81eaae8]
Event: 10702.464 Thread 0x0000022de9bdc800 35842       3       com.android.tools.r8.graph.u::a (56 bytes)
Event: 10702.465 Thread 0x0000022de9bdb800 nmethod 35692 0x0000022ddcb26790 code [0x0000022ddcb26940, 0x0000022ddcb26a78]
Event: 10702.465 Thread 0x0000022de9bdb800 35775       4       com.android.tools.r8.internal.ku$d::getValue (13 bytes)
Event: 10702.465 Thread 0x0000022de9bdc800 nmethod 35842 0x0000022dd81eae90 code [0x0000022dd81eb100, 0x0000022dd81ebbe8]
Event: 10702.466 Thread 0x0000022de9bdb800 nmethod 35775 0x0000022ddcb26490 code [0x0000022ddcb26620, 0x0000022ddcb266b8]
Event: 10702.466 Thread 0x0000022de9bdb800 35722       4       com.android.tools.r8.graph.G$a::hashCode (10 bytes)
Event: 10702.466 Thread 0x0000022de9bdb800 nmethod 35722 0x0000022ddcb26210 code [0x0000022ddcb263a0, 0x0000022ddcb26418]
Event: 10702.466 Thread 0x0000022de9bdb800 35843       4       com.android.tools.r8.graph.Q$$Lambda$2281/0x0000000101448840::a (5 bytes)
Event: 10702.496 Thread 0x0000022de9bdb800 nmethod 35843 0x0000022ddcb34f90 code [0x0000022ddcb35180, 0x0000022ddcb357b8]
Event: 10702.497 Thread 0x0000022de9bdb800 35844       4       com.android.tools.r8.internal.e8::a (12 bytes)

GC Heap History (20 events):
Event: 10694.520 GC heap after
{Heap after GC invocations=172 (full 0):
 garbage-first heap   total 328704K, used 181602K [0x0000000080000000, 0x0000000100000000)
  region size 1024K, 9 young (9216K), 9 survivors (9216K)
 Metaspace       used 158308K, capacity 163745K, committed 165740K, reserved 1193984K
  class space    used 19036K, capacity 20870K, committed 21612K, reserved 1048576K
}
Event: 10695.945 GC heap before
{Heap before GC invocations=173 (full 0):
 garbage-first heap   total 328704K, used 246114K [0x0000000080000000, 0x0000000100000000)
  region size 1024K, 90 young (92160K), 9 survivors (9216K)
 Metaspace       used 158866K, capacity 164348K, committed 165740K, reserved 1193984K
  class space    used 19105K, capacity 20962K, committed 21612K, reserved 1048576K
}
Event: 10695.975 GC heap after
{Heap after GC invocations=174 (full 0):
 garbage-first heap   total 328704K, used 173912K [0x0000000080000000, 0x0000000100000000)
  region size 1024K, 10 young (10240K), 10 survivors (10240K)
 Metaspace       used 158866K, capacity 164348K, committed 165740K, reserved 1193984K
  class space    used 19105K, capacity 20962K, committed 21612K, reserved 1048576K
}
Event: 10696.010 GC heap before
{Heap before GC invocations=174 (full 0):
 garbage-first heap   total 328704K, used 180056K [0x0000000080000000, 0x0000000100000000)
  region size 1024K, 16 young (16384K), 10 survivors (10240K)
 Metaspace       used 158901K, capacity 164362K, committed 165740K, reserved 1193984K
  class space    used 19112K, capacity 20967K, committed 21612K, reserved 1048576K
}
Event: 10696.052 GC heap after
{Heap after GC invocations=175 (full 0):
 garbage-first heap   total 328704K, used 151783K [0x0000000080000000, 0x0000000100000000)
  region size 1024K, 2 young (2048K), 2 survivors (2048K)
 Metaspace       used 158901K, capacity 164362K, committed 165740K, reserved 1193984K
  class space    used 19112K, capacity 20967K, committed 21612K, reserved 1048576K
}
Event: 10696.407 GC heap before
{Heap before GC invocations=175 (full 0):
 garbage-first heap   total 328704K, used 184551K [0x0000000080000000, 0x0000000100000000)
  region size 1024K, 36 young (36864K), 2 survivors (2048K)
 Metaspace       used 159034K, capacity 164514K, committed 165740K, reserved 1193984K
  class space    used 19122K, capacity 20973K, committed 21612K, reserved 1048576K
}
Event: 10696.421 GC heap after
{Heap after GC invocations=176 (full 0):
 garbage-first heap   total 328704K, used 150878K [0x0000000080000000, 0x0000000100000000)
  region size 1024K, 1 young (1024K), 1 survivors (1024K)
 Metaspace       used 159034K, capacity 164514K, committed 165740K, reserved 1193984K
  class space    used 19122K, capacity 20973K, committed 21612K, reserved 1048576K
}
Event: 10698.184 GC heap before
{Heap before GC invocations=177 (full 0):
 garbage-first heap   total 328704K, used 262494K [0x0000000080000000, 0x0000000100000000)
  region size 1024K, 109 young (111616K), 1 survivors (1024K)
 Metaspace       used 159493K, capacity 165024K, committed 165996K, reserved 1193984K
  class space    used 19173K, capacity 21048K, committed 21612K, reserved 1048576K
}
Event: 10698.194 GC heap after
{Heap after GC invocations=178 (full 0):
 garbage-first heap   total 328704K, used 151901K [0x0000000080000000, 0x0000000100000000)
  region size 1024K, 2 young (2048K), 2 survivors (2048K)
 Metaspace       used 159493K, capacity 165024K, committed 165996K, reserved 1193984K
  class space    used 19173K, capacity 21048K, committed 21612K, reserved 1048576K
}
Event: 10698.381 GC heap before
{Heap before GC invocations=178 (full 0):
 garbage-first heap   total 328704K, used 166237K [0x0000000080000000, 0x0000000100000000)
  region size 1024K, 16 young (16384K), 2 survivors (2048K)
 Metaspace       used 159523K, capacity 165028K, committed 165996K, reserved 1193984K
  class space    used 19174K, capacity 21049K, committed 21612K, reserved 1048576K
}
Event: 10698.390 GC heap after
{Heap after GC invocations=179 (full 0):
 garbage-first heap   total 328704K, used 151288K [0x0000000080000000, 0x0000000100000000)
  region size 1024K, 1 young (1024K), 1 survivors (1024K)
 Metaspace       used 159523K, capacity 165028K, committed 165996K, reserved 1193984K
  class space    used 19174K, capacity 21049K, committed 21612K, reserved 1048576K
}
Event: 10699.638 GC heap before
{Heap before GC invocations=179 (full 0):
 garbage-first heap   total 328704K, used 265976K [0x0000000080000000, 0x0000000100000000)
  region size 1024K, 113 young (115712K), 1 survivors (1024K)
 Metaspace       used 159587K, capacity 165105K, committed 166252K, reserved 1193984K
  class space    used 19177K, capacity 21053K, committed 21612K, reserved 1048576K
}
Event: 10699.648 GC heap after
{Heap after GC invocations=180 (full 0):
 garbage-first heap   total 328704K, used 152740K [0x0000000080000000, 0x0000000100000000)
  region size 1024K, 2 young (2048K), 2 survivors (2048K)
 Metaspace       used 159587K, capacity 165105K, committed 166252K, reserved 1193984K
  class space    used 19177K, capacity 21053K, committed 21612K, reserved 1048576K
}
Event: 10700.941 GC heap before
{Heap before GC invocations=181 (full 0):
 garbage-first heap   total 328704K, used 301220K [0x0000000080000000, 0x0000000100000000)
  region size 1024K, 116 young (118784K), 2 survivors (2048K)
 Metaspace       used 159821K, capacity 165351K, committed 166252K, reserved 1193984K
  class space    used 19195K, capacity 21075K, committed 21612K, reserved 1048576K
}
Event: 10701.003 GC heap after
{Heap after GC invocations=182 (full 0):
 garbage-first heap   total 331776K, used 199569K [0x0000000080000000, 0x0000000100000000)
  region size 1024K, 15 young (15360K), 15 survivors (15360K)
 Metaspace       used 159821K, capacity 165351K, committed 166252K, reserved 1193984K
  class space    used 19195K, capacity 21075K, committed 21612K, reserved 1048576K
}
Event: 10701.008 GC heap before
{Heap before GC invocations=182 (full 0):
 garbage-first heap   total 331776K, used 199569K [0x0000000080000000, 0x0000000100000000)
  region size 1024K, 16 young (16384K), 15 survivors (15360K)
 Metaspace       used 159821K, capacity 165351K, committed 166252K, reserved 1193984K
  class space    used 19195K, capacity 21075K, committed 21612K, reserved 1048576K
}
Event: 10701.064 GC heap after
{Heap after GC invocations=183 (full 0):
 garbage-first heap   total 331776K, used 194250K [0x0000000080000000, 0x0000000100000000)
  region size 1024K, 2 young (2048K), 2 survivors (2048K)
 Metaspace       used 159821K, capacity 165351K, committed 166252K, reserved 1193984K
  class space    used 19195K, capacity 21075K, committed 21612K, reserved 1048576K
}
Event: 10701.871 GC heap before
{Heap before GC invocations=183 (full 0):
 garbage-first heap   total 331776K, used 263882K [0x0000000080000000, 0x0000000100000000)
  region size 1024K, 70 young (71680K), 2 survivors (2048K)
 Metaspace       used 159972K, capacity 165547K, committed 166508K, reserved 1193984K
  class space    used 19196K, capacity 21075K, committed 21612K, reserved 1048576K
}
Event: 10701.975 GC heap after
{Heap after GC invocations=184 (full 0):
 garbage-first heap   total 331776K, used 230400K [0x0000000080000000, 0x0000000100000000)
  region size 1024K, 9 young (9216K), 9 survivors (9216K)
 Metaspace       used 159972K, capacity 165547K, committed 166508K, reserved 1193984K
  class space    used 19196K, capacity 21075K, committed 21612K, reserved 1048576K
}
Event: 10702.500 GC heap before
{Heap before GC invocations=184 (full 0):
 garbage-first heap   total 331776K, used 268288K [0x0000000080000000, 0x0000000100000000)
  region size 1024K, 46 young (47104K), 9 survivors (9216K)
 Metaspace       used 159985K, capacity 165612K, committed 166508K, reserved 1193984K
  class space    used 19196K, capacity 21075K, committed 21612K, reserved 1048576K
}

Deoptimization events (20 events):
Event: 10701.123 Thread 0x0000022dfe33c800 Uncommon trap: trap_request=0xffffff4d fr.pc=0x0000022ddc4b7544 relative=0x00000000000004e4
Event: 10701.123 Thread 0x0000022dfe33c800 Uncommon trap: reason=unstable_if action=reinterpret pc=0x0000022ddc4b7544 method=com.android.tools.r8.graph.a0.g(Ljava/lang/Object;)Z @ 51 c2
Event: 10701.123 Thread 0x0000022dfe33c800 DEOPT PACKING pc=0x0000022ddc4b7544 sp=0x000000e0b7dfe570
Event: 10701.123 Thread 0x0000022dfe33c800 DEOPT UNPACKING pc=0x0000022dd3ae782f sp=0x000000e0b7dfe440 mode 2
Event: 10701.243 Thread 0x0000022dfe33b000 DEOPT PACKING pc=0x0000022dd77733c1 sp=0x000000e0b7cfe420
Event: 10701.243 Thread 0x0000022dfe33b000 DEOPT UNPACKING pc=0x0000022dd3ae764e sp=0x000000e0b7cfe0e0 mode 0
Event: 10701.266 Thread 0x0000022dfe336000 DEOPT PACKING pc=0x0000022dd77733c1 sp=0x000000e0b7bfe3a0
Event: 10701.266 Thread 0x0000022dfe336000 DEOPT UNPACKING pc=0x0000022dd3ae764e sp=0x000000e0b7bfe060 mode 0
Event: 10701.294 Thread 0x0000022dfe33c800 DEOPT PACKING pc=0x0000022dd77733c1 sp=0x000000e0b7dfddd0
Event: 10701.294 Thread 0x0000022dfe33c800 DEOPT UNPACKING pc=0x0000022dd3ae764e sp=0x000000e0b7dfda90 mode 0
Event: 10701.385 Thread 0x0000022dfe33c000 Uncommon trap: trap_request=0xffffff4d fr.pc=0x0000022ddc132ff4 relative=0x00000000000009d4
Event: 10701.385 Thread 0x0000022dfe33c000 Uncommon trap: reason=unstable_if action=reinterpret pc=0x0000022ddc132ff4 method=com.android.tools.r8.internal.Xe.d(I)Z @ 45 c2
Event: 10701.385 Thread 0x0000022dfe33c000 DEOPT PACKING pc=0x0000022ddc132ff4 sp=0x000000e0b7afe8d0
Event: 10701.385 Thread 0x0000022dfe33c000 DEOPT UNPACKING pc=0x0000022dd3ae782f sp=0x000000e0b7afe7d0 mode 2
Event: 10701.421 Thread 0x0000022dfe33c800 DEOPT PACKING pc=0x0000022dd81b7b7e sp=0x000000e0b7dfe240
Event: 10701.421 Thread 0x0000022dfe33c800 DEOPT UNPACKING pc=0x0000022dd3ae764e sp=0x000000e0b7dfd7c0 mode 0
Event: 10702.448 Thread 0x0000022dfe33b000 DEOPT PACKING pc=0x0000022dd7b12257 sp=0x000000e0b7cfe600
Event: 10702.448 Thread 0x0000022dfe33b000 DEOPT UNPACKING pc=0x0000022dd3ae764e sp=0x000000e0b7cfdad8 mode 0
Event: 10702.465 Thread 0x0000022dfe33b000 DEOPT PACKING pc=0x0000022dd5759660 sp=0x000000e0b7cfe730
Event: 10702.465 Thread 0x0000022dfe33b000 DEOPT UNPACKING pc=0x0000022dd3ae764e sp=0x000000e0b7cfdc28 mode 0

Classes redefined (0 events):
No events

Internal exceptions (20 events):
Event: 10691.463 Thread 0x0000022deac8f800 Exception <a 'java/lang/NoSuchMethodError'{0x0000000093ec9488}: <clinit>> (0x0000000093ec9488) thrown at [./src/hotspot/share/prims/jni.cpp, line 1362]
Event: 10694.270 Thread 0x0000022df18bf000 Exception <a 'sun/nio/fs/WindowsException'{0x000000008f853498}> (0x000000008f853498) thrown at [./src/hotspot/share/prims/jni.cpp, line 615]
Event: 10694.439 Thread 0x0000022df18bb000 Exception <a 'sun/nio/fs/WindowsException'{0x000000008ed19900}> (0x000000008ed19900) thrown at [./src/hotspot/share/prims/jni.cpp, line 615]
Event: 10694.641 Thread 0x0000022df18bf000 Exception <a 'sun/nio/fs/WindowsException'{0x0000000093e57b60}> (0x0000000093e57b60) thrown at [./src/hotspot/share/prims/jni.cpp, line 615]
Event: 10694.739 Thread 0x0000022df18bb000 Exception <a 'sun/nio/fs/WindowsException'{0x0000000093775b80}> (0x0000000093775b80) thrown at [./src/hotspot/share/prims/jni.cpp, line 615]
Event: 10695.500 Thread 0x0000022df18bb000 Exception <a 'sun/nio/fs/WindowsException'{0x0000000090af7470}> (0x0000000090af7470) thrown at [./src/hotspot/share/prims/jni.cpp, line 615]
Event: 10695.909 Thread 0x0000022df18b4800 Implicit null exception at 0x0000022ddc5e2fea to 0x0000022ddc5e303c
Event: 10695.909 Thread 0x0000022df18b4800 Implicit null exception at 0x0000022ddc5cdfd0 to 0x0000022ddc5cdfe4
Event: 10696.003 Thread 0x0000022df18bb000 Exception <a 'java/lang/NoSuchMethodError'{0x0000000093cb5e50}: 'java.lang.Object java.lang.invoke.DirectMethodHandle$Holder.invokeInterface(java.lang.Object, java.lang.Object, int)'> (0x0000000093cb5e50) thrown at [./src/hotspot/share/interpreter/linkResolver.cpp, line 773]
Event: 10698.693 Thread 0x0000022df18bb000 Exception <a 'java/lang/NoSuchMethodError'{0x000000009261d740}: 'int java.lang.invoke.DirectMethodHandle$Holder.invokeInterface(java.lang.Object, java.lang.Object, int)'> (0x000000009261d740) thrown at [./src/hotspot/share/interpreter/linkResolver.cpp, line 773]
Event: 10700.253 Thread 0x0000022df18bb000 Exception <a 'sun/nio/fs/WindowsException'{0x00000000922e6858}> (0x00000000922e6858) thrown at [./src/hotspot/share/prims/jni.cpp, line 615]
Event: 10700.493 Thread 0x0000022df460e800 Exception <a 'sun/nio/fs/WindowsException'{0x00000000914d4488}> (0x00000000914d4488) thrown at [./src/hotspot/share/prims/jni.cpp, line 615]
Event: 10700.695 Thread 0x0000022deac9a000 Exception <a 'java/lang/NoSuchMethodError'{0x000000008ed37a30}: <clinit>> (0x000000008ed37a30) thrown at [./src/hotspot/share/prims/jni.cpp, line 1362]
Event: 10700.695 Thread 0x0000022deac9a000 Exception <a 'java/lang/NoSuchMethodError'{0x000000008ed38cf0}: <clinit>> (0x000000008ed38cf0) thrown at [./src/hotspot/share/prims/jni.cpp, line 1362]
Event: 10700.695 Thread 0x0000022deac9a000 Exception <a 'java/lang/NoSuchMethodError'{0x000000008ed3b450}: <clinit>> (0x000000008ed3b450) thrown at [./src/hotspot/share/prims/jni.cpp, line 1362]
Event: 10700.700 Thread 0x0000022deac9a000 Exception <a 'java/lang/NoSuchMethodError'{0x000000008ed53a80}: <clinit>> (0x000000008ed53a80) thrown at [./src/hotspot/share/prims/jni.cpp, line 1362]
Event: 10700.700 Thread 0x0000022deac9a000 Exception <a 'java/lang/NoSuchMethodError'{0x000000008ed54f60}: <clinit>> (0x000000008ed54f60) thrown at [./src/hotspot/share/prims/jni.cpp, line 1362]
Event: 10700.712 Thread 0x0000022deac9a000 Exception <a 'java/lang/NoSuchMethodError'{0x000000008eb87600}: <clinit>> (0x000000008eb87600) thrown at [./src/hotspot/share/prims/jni.cpp, line 1362]
Event: 10700.716 Thread 0x0000022deac9a000 Exception <a 'java/lang/NoSuchMethodError'{0x000000008ea5ae68}: <clinit>> (0x000000008ea5ae68) thrown at [./src/hotspot/share/prims/jni.cpp, line 1362]
Event: 10700.718 Thread 0x0000022deac9a000 Exception <a 'java/lang/NoSuchMethodError'{0x000000008ea6d990}: <clinit>> (0x000000008ea6d990) thrown at [./src/hotspot/share/prims/jni.cpp, line 1362]

Events (20 events):
Event: 10701.097 Thread 0x0000022dfe33b000 Thread added: 0x0000022dfe33b000
Event: 10701.100 Thread 0x0000022dfe33c800 Thread added: 0x0000022dfe33c800
Event: 10701.102 Executing VM operation: RevokeBias
Event: 10701.104 Executing VM operation: RevokeBias done
Event: 10701.104 Executing VM operation: RevokeBias
Event: 10701.105 Executing VM operation: RevokeBias done
Event: 10701.105 Executing VM operation: RevokeBias
Event: 10701.105 Executing VM operation: RevokeBias done
Event: 10701.105 Executing VM operation: RevokeBias
Event: 10701.105 Executing VM operation: RevokeBias done
Event: 10701.109 Executing VM operation: RevokeBias
Event: 10701.110 Executing VM operation: RevokeBias done
Event: 10701.110 loading class com/android/tools/r8/internal/Rg
Event: 10701.110 loading class com/android/tools/r8/internal/Rg done
Event: 10701.869 Executing VM operation: G1CollectForAllocation
Event: 10701.975 Executing VM operation: G1CollectForAllocation done
Event: 10702.089 loading class com/android/tools/r8/dex/j$a
Event: 10702.089 loading class com/android/tools/r8/dex/j$a done
Event: 10702.495 Thread 0x0000022df4611000 Thread exited: 0x0000022df4611000
Event: 10702.499 Executing VM operation: G1CollectForAllocation


Dynamic libraries:
0x00007ff60b500000 - 0x00007ff60b50a000 	C:\Program Files\Android\Android Studio\jre\bin\java.exe
0x00007ffdfa110000 - 0x00007ffdfa305000 	C:\WINDOWS\SYSTEM32\ntdll.dll
0x00007ffdf9730000 - 0x00007ffdf97ed000 	C:\WINDOWS\System32\KERNEL32.DLL
0x00007ffdf7c70000 - 0x00007ffdf7f39000 	C:\WINDOWS\System32\KERNELBASE.dll
0x00007ffdf50a0000 - 0x00007ffdf5130000 	C:\WINDOWS\SYSTEM32\apphelp.dll
0x00007ffdf7870000 - 0x00007ffdf7970000 	C:\WINDOWS\System32\ucrtbase.dll
0x00007ffddd600000 - 0x00007ffddd617000 	C:\Program Files\Android\Android Studio\jre\bin\VCRUNTIME140.dll
0x00007ffddd050000 - 0x00007ffddd069000 	C:\Program Files\Android\Android Studio\jre\bin\jli.dll
0x00007ffdf8430000 - 0x00007ffdf85d0000 	C:\WINDOWS\System32\USER32.dll
0x00007ffdf7840000 - 0x00007ffdf7862000 	C:\WINDOWS\System32\win32u.dll
0x00007ffddf480000 - 0x00007ffddf71a000 	C:\WINDOWS\WinSxS\amd64_microsoft.windows.common-controls_6595b64144ccf1df_6.0.19041.1110_none_60b5254171f9507e\COMCTL32.dll
0x00007ffdf85d0000 - 0x00007ffdf866e000 	C:\WINDOWS\System32\msvcrt.dll
0x00007ffdf8bf0000 - 0x00007ffdf8c1a000 	C:\WINDOWS\System32\GDI32.dll
0x00007ffdf7a00000 - 0x00007ffdf7b0b000 	C:\WINDOWS\System32\gdi32full.dll
0x00007ffdf80d0000 - 0x00007ffdf816d000 	C:\WINDOWS\System32\msvcp_win.dll
0x00007ffdf8b40000 - 0x00007ffdf8b70000 	C:\WINDOWS\System32\IMM32.DLL
0x00007ffddc370000 - 0x00007ffddc40d000 	C:\Program Files\Android\Android Studio\jre\bin\msvcp140.dll
0x00007ffdcd770000 - 0x00007ffdce23f000 	C:\Program Files\Android\Android Studio\jre\bin\server\jvm.dll
0x00007ffdf8670000 - 0x00007ffdf871c000 	C:\WINDOWS\System32\ADVAPI32.dll
0x00007ffdf9d70000 - 0x00007ffdf9e0b000 	C:\WINDOWS\System32\sechost.dll
0x00007ffdf9e70000 - 0x00007ffdf9f9a000 	C:\WINDOWS\System32\RPCRT4.dll
0x00007ffdf87b0000 - 0x00007ffdf87b8000 	C:\WINDOWS\System32\PSAPI.DLL
0x00007ffdf4df0000 - 0x00007ffdf4df9000 	C:\WINDOWS\SYSTEM32\WSOCK32.dll
0x00007ffdf96c0000 - 0x00007ffdf972b000 	C:\WINDOWS\System32\WS2_32.dll
0x00007ffde63b0000 - 0x00007ffde63d7000 	C:\WINDOWS\SYSTEM32\WINMM.dll
0x00007ffdec6e0000 - 0x00007ffdec6ea000 	C:\WINDOWS\SYSTEM32\VERSION.dll
0x00007ffdf5750000 - 0x00007ffdf5762000 	C:\WINDOWS\SYSTEM32\kernel.appcore.dll
0x00007ffdf4dc0000 - 0x00007ffdf4dd1000 	C:\Program Files\Android\Android Studio\jre\bin\verify.dll
0x00007ffdea850000 - 0x00007ffdeaa34000 	C:\WINDOWS\SYSTEM32\DBGHELP.DLL
0x00007ffdea7c0000 - 0x00007ffdea7ec000 	C:\WINDOWS\SYSTEM32\dbgcore.DLL
0x00007ffdf7970000 - 0x00007ffdf79f3000 	C:\WINDOWS\System32\bcryptPrimitives.dll
0x00007ffdf3330000 - 0x00007ffdf3359000 	C:\Program Files\Android\Android Studio\jre\bin\java.dll
0x00007ffdf4da0000 - 0x00007ffdf4dab000 	C:\Program Files\Android\Android Studio\jre\bin\jimage.dll
0x00007ffdde9e0000 - 0x00007ffdde9f8000 	C:\Program Files\Android\Android Studio\jre\bin\zip.dll
0x00007ffdf8f80000 - 0x00007ffdf96bf000 	C:\WINDOWS\System32\SHELL32.dll
0x00007ffdf5950000 - 0x00007ffdf60e0000 	C:\WINDOWS\SYSTEM32\windows.storage.dll
0x00007ffdf8c20000 - 0x00007ffdf8f75000 	C:\WINDOWS\System32\combase.dll
0x00007ffdf71d0000 - 0x00007ffdf71fc000 	C:\WINDOWS\SYSTEM32\Wldp.dll
0x00007ffdf8170000 - 0x00007ffdf821e000 	C:\WINDOWS\System32\SHCORE.dll
0x00007ffdf9e10000 - 0x00007ffdf9e65000 	C:\WINDOWS\System32\shlwapi.dll
0x00007ffdf7780000 - 0x00007ffdf779f000 	C:\WINDOWS\SYSTEM32\profapi.dll
0x00007ffdde9c0000 - 0x00007ffdde9da000 	C:\Program Files\Android\Android Studio\jre\bin\net.dll
0x00007ffdeeb60000 - 0x00007ffdeec68000 	C:\WINDOWS\SYSTEM32\WINHTTP.dll
0x00007ffdf6f30000 - 0x00007ffdf6f9a000 	C:\WINDOWS\system32\mswsock.dll
0x00007ffdde9a0000 - 0x00007ffdde9b4000 	C:\Program Files\Android\Android Studio\jre\bin\nio.dll
0x00007ffdf32c0000 - 0x00007ffdf32e7000 	C:\Users\User\.gradle\native\8bec1ad78214c89d9ad589b4d07fe93259594b29d510b10fafb7a158f7737e5d\windows-amd64\native-platform.dll
0x00007ffdd7c70000 - 0x00007ffdd7dad000 	C:\Users\User\.gradle\native\53dbd7edfb1c66fb8903c78663c9afc45aea4f116125fa6feffd364cf09443e8\windows-amd64\native-platform-file-events.dll
0x00007ffdf3560000 - 0x00007ffdf356a000 	C:\Program Files\Android\Android Studio\jre\bin\management.dll
0x00007ffdf3540000 - 0x00007ffdf354c000 	C:\Program Files\Android\Android Studio\jre\bin\management_ext.dll
0x00007ffdf7130000 - 0x00007ffdf7148000 	C:\WINDOWS\SYSTEM32\CRYPTSP.dll
0x00007ffdf68b0000 - 0x00007ffdf68e4000 	C:\WINDOWS\system32\rsaenh.dll
0x00007ffdf7f40000 - 0x00007ffdf7f67000 	C:\WINDOWS\System32\bcrypt.dll
0x00007ffdf7740000 - 0x00007ffdf776e000 	C:\WINDOWS\SYSTEM32\USERENV.dll
0x00007ffdf7120000 - 0x00007ffdf712c000 	C:\WINDOWS\SYSTEM32\CRYPTBASE.dll
0x00007ffdf6c20000 - 0x00007ffdf6c5b000 	C:\WINDOWS\SYSTEM32\IPHLPAPI.DLL
0x00007ffdf9860000 - 0x00007ffdf9868000 	C:\WINDOWS\System32\NSI.dll
0x00007ffdef740000 - 0x00007ffdef757000 	C:\WINDOWS\SYSTEM32\dhcpcsvc6.DLL
0x00007ffdef720000 - 0x00007ffdef73d000 	C:\WINDOWS\SYSTEM32\dhcpcsvc.DLL
0x00007ffdf6c60000 - 0x00007ffdf6d2c000 	C:\WINDOWS\SYSTEM32\DNSAPI.dll
0x00007ffddcfc0000 - 0x00007ffddcfe7000 	C:\Program Files\Android\Android Studio\jre\bin\sunec.dll
0x00007ffdee200000 - 0x00007ffdee20a000 	C:\Windows\System32\rasadhlp.dll
0x00007ffdedfa0000 - 0x00007ffdee01f000 	C:\WINDOWS\System32\fwpuclnt.dll

dbghelp: loaded successfully - version: 4.0.5 - missing functions: none
symbol engine: initialized successfully - sym options: 0x614 - pdb path: .;C:\Program Files\Android\Android Studio\jre\bin;C:\WINDOWS\SYSTEM32;C:\WINDOWS\WinSxS\amd64_microsoft.windows.common-controls_6595b64144ccf1df_6.0.19041.1110_none_60b5254171f9507e;C:\Program Files\Android\Android Studio\jre\bin\server;C:\Users\User\.gradle\native\8bec1ad78214c89d9ad589b4d07fe93259594b29d510b10fafb7a158f7737e5d\windows-amd64;C:\Users\User\.gradle\native\53dbd7edfb1c66fb8903c78663c9afc45aea4f116125fa6feffd364cf09443e8\windows-amd64

VM Arguments:
jvm_args: --add-opens=java.base/java.util=ALL-UNNAMED --add-opens=java.base/java.lang=ALL-UNNAMED --add-opens=java.base/java.lang.invoke=ALL-UNNAMED --add-opens=java.base/java.util=ALL-UNNAMED --add-opens=java.prefs/java.util.prefs=ALL-UNNAMED --add-opens=java.prefs/java.util.prefs=ALL-UNNAMED --add-opens=java.base/java.nio.charset=ALL-UNNAMED --add-opens=java.base/java.net=ALL-UNNAMED --add-opens=java.base/java.util.concurrent.atomic=ALL-UNNAMED -Xmx2048m -Dfile.encoding=UTF-8 -Duser.country=UA -Duser.language=uk -Duser.variant 
java_command: org.gradle.launcher.daemon.bootstrap.GradleDaemon 7.0.2
java_class_path (initial): C:\Users\User\.gradle\wrapper\dists\gradle-7.0.2-bin\857tjihv64xamwrf0h14cai3r\gradle-7.0.2\lib\gradle-launcher-7.0.2.jar
Launcher Type: SUN_STANDARD

[Global flags]
     intx CICompilerCount                          = 3                                         {product} {ergonomic}
     uint ConcGCThreads                            = 1                                         {product} {ergonomic}
     uint G1ConcRefinementThreads                  = 4                                         {product} {ergonomic}
   size_t G1HeapRegionSize                         = 1048576                                   {product} {ergonomic}
    uintx GCDrainStackTargetSize                   = 64                                        {product} {ergonomic}
   size_t InitialHeapSize                          = 134217728                                 {product} {ergonomic}
   size_t MarkStackSize                            = 4194304                                   {product} {ergonomic}
   size_t MaxHeapSize                              = 2147483648                                {product} {command line}
   size_t MaxNewSize                               = 1287651328                                {product} {ergonomic}
   size_t MinHeapDeltaBytes                        = 1048576                                   {product} {ergonomic}
    uintx NonNMethodCodeHeapSize                   = 5830732                                {pd product} {ergonomic}
    uintx NonProfiledCodeHeapSize                  = 122913754                              {pd product} {ergonomic}
    uintx ProfiledCodeHeapSize                     = 122913754                              {pd product} {ergonomic}
    uintx ReservedCodeCacheSize                    = 251658240                              {pd product} {ergonomic}
     bool SegmentedCodeCache                       = true                                      {product} {ergonomic}
     bool UseCompressedClassPointers               = true                                 {lp64_product} {ergonomic}
     bool UseCompressedOops                        = true                                 {lp64_product} {ergonomic}
     bool UseG1GC                                  = true                                      {product} {ergonomic}
     bool UseLargePagesIndividualAllocation        = false                                  {pd product} {ergonomic}

Logging:
Log output configuration:
 #0: stdout all=warning uptime,level,tags
 #1: stderr all=off uptime,level,tags

Environment Variables:
PATH=C:\Program Files (x86)\Common Files\Oracle\Java\javapath;C:\ProgramData\Oracle\Java\javapath;C:\WINDOWS\system32;C:\WINDOWS;C:\WINDOWS\System32\Wbem;C:\WINDOWS\System32\WindowsPowerShell\v1.0\;C:\WINDOWS\System32\OpenSSH\;E:\Programs\Git\cmd;C:\Users\User\AppData\Roaming\npm;C:\Program Files\Java\jdk1.8.0_161\bin;C:\Program Files\Java\jre1.8.0_171\bin;C:\Program Files\Android\Android Studio\gradle\gradle-4.4\bin;E:\sdk and gradle\tools\bin;E:\sdk and gradle\gradle-5.2\bin;E:\PYTHON\Scripts\;E:\PYTHON\;C:\Users\User\AppData\Local\Microsoft\WindowsApps;C:\Users\User\AppData\Local\gitkraken\bin
USERNAME=User
OS=Windows_NT
PROCESSOR_IDENTIFIER=Intel64 Family 6 Model 58 Stepping 9, GenuineIntel



---------------  S Y S T E M  ---------------

OS: Windows 10 , 64 bit Build 19041 (10.0.19041.1151)
OS uptime: 0 days 6:24 hours

CPU:total 4 (initial active 4) (2 cores per cpu, 2 threads per core) family 6 model 58 stepping 9 microcode 0x21, cmov, cx8, fxsr, mmx, sse, sse2, sse3, ssse3, sse4.1, sse4.2, popcnt, avx, clmul, erms, ht, tsc, tscinvbit, tscinv

Memory: 4k page, system-wide physical 8065M (554M free)
TotalPageFile size 10065M (AvailPageFile size 176M)
current process WorkingSet (physical memory assigned to process): 713M, peak: 741M
current process commit charge ("private bytes"): 811M, peak: 1035M

vm_info: OpenJDK 64-Bit Server VM (11.0.10+0-b96-7249189) for windows-amd64 JRE (11.0.10+0-b96-7249189), built on Mar 31 2021 21:44:00 by "builder" with MS VC++ 14.0 (VS2015)

END.
